#
# There is insufficient memory for the Java Runtime Environment to continue.
# Native memory allocation (malloc) failed to allocate 61616 bytes for Chunk::new
# Possible reasons:
#   The system is out of physical RAM or swap space
#   The process is running with CompressedOops enabled, and the Java Heap may be blocking the growth of the native heap
# Possible solutions:
#   Reduce memory load on the system
#   Increase physical memory or swap space
#   Check if swap backing store is full
#   Decrease Java heap size (-Xmx/-Xms)
#   Decrease number of Java threads
#   Set larger code cache with -XX:ReservedCodeCacheSize=
#   JVM is running with Unscaled Compressed Oops mode in which the Java heap is
#     placed in the first 4GB address space. The Java Heap base address is the
#     maximum limit for the native heap growth. Please use -XX:HeapBaseMinAddress
#     to set the Java Heap base and to place the Java Heap above 4GB virtual address.
# This output file may be truncated or incomplete.
#
#  Out of Memory Error (arena.cpp:191), pid=7048, tid=10148
#
# JRE version: OpenJDK Runtime Environment Temurin-17.0.10+7 (17.0.10+7) (build 17.0.10+7)
# Java VM: OpenJDK 64-Bit Server VM Temurin-17.0.10+7 (17.0.10+7, mixed mode, tiered, compressed oops, compressed class ptrs, parallel gc, windows-amd64)
# No core dump will be written. Minidumps are not enabled by default on client versions of Windows
#

---------------  S U M M A R Y ------------

Command Line: --add-modules=ALL-SYSTEM --add-opens=java.base/java.util=ALL-UNNAMED --add-opens=java.base/java.lang=ALL-UNNAMED --add-opens=java.base/sun.nio.fs=ALL-UNNAMED -Declipse.application=org.eclipse.jdt.ls.core.id1 -Dosgi.bundles.defaultStartLevel=4 -Declipse.product=org.eclipse.jdt.ls.core.product -Djava.import.generatesMetadataFilesAtProjectRoot=false -DDetectVMInstallationsJob.disabled=true -Dfile.encoding=utf8 -XX:+UseParallelGC -XX:GCTimeRatio=4 -XX:AdaptiveSizePolicyWeight=90 -Dsun.zip.disableMemoryMapping=true -Xmx1G -Xms100m -Xlog:disable -javaagent:c:\Users\admin\.vscode\extensions\redhat.java-1.30.0-win32-x64\lombok\lombok-1.18.32.jar -XX:+HeapDumpOnOutOfMemoryError -XX:HeapDumpPath=c:\Users\admin\AppData\Roaming\Code\User\workspaceStorage\01c3cbbe7c281a8bd81db7b73daf7220\redhat.java -Daether.dependencyCollector.impl=bf c:\Users\admin\.vscode\extensions\redhat.java-1.30.0-win32-x64\server\plugins\org.eclipse.equinox.launcher_1.6.800.v20240330-1250.jar -configuration c:\Users\admin\AppData\Roaming\Code\User\globalStorage\redhat.java\1.30.0\config_win -data c:\Users\admin\AppData\Roaming\Code\User\workspaceStorage\01c3cbbe7c281a8bd81db7b73daf7220\redhat.java\jdt_ws --pipe=\\.\pipe\lsp-d3da13033101e24c4d66d4493a15e066-sock

Host: Intel(R) Core(TM) i5-2410M CPU @ 2.30GHz, 4 cores, 3G,  Windows 10 , 64 bit Build 19041 (10.0.19041.3636)
Time: Mon May 20 00:46:50 2024 Afr. centrale Ouest elapsed time: 2.201000 seconds (0d 0h 0m 2s)

---------------  T H R E A D  ---------------

Current thread (0x0000020ef32c25e0):  JavaThread "C2 CompilerThread0" daemon [_thread_in_native, id=10148, stack(0x000000e906600000,0x000000e906700000)]


Current CompileTask:
C2:   2201  287       4       jdk.internal.jimage.ImageStringsReader::unmaskedHashCode (166 bytes)

Stack: [0x000000e906600000,0x000000e906700000]
Native frames: (J=compiled Java code, j=interpreted, Vv=VM code, C=native code)
V  [jvm.dll+0x67d2c9]
V  [jvm.dll+0x834afa]
V  [jvm.dll+0x8365be]
V  [jvm.dll+0x836c23]
V  [jvm.dll+0x2477ff]
V  [jvm.dll+0xac514]
V  [jvm.dll+0xacb5c]
V  [jvm.dll+0x3667d7]
V  [jvm.dll+0x330bfa]
V  [jvm.dll+0x33009a]
V  [jvm.dll+0x219ef1]
V  [jvm.dll+0x219311]
V  [jvm.dll+0x1a502d]
V  [jvm.dll+0x2290de]
V  [jvm.dll+0x2272ac]
V  [jvm.dll+0x7e9bb7]
V  [jvm.dll+0x7e3fba]
V  [jvm.dll+0x67c1b5]
C  [ucrtbase.dll+0x21bb2]
C  [KERNEL32.DLL+0x17344]
C  [ntdll.dll+0x526b1]


---------------  P R O C E S S  ---------------

Threads class SMR info:
_java_thread_list=0x0000020ef850c810, length=11, elements={
0x0000020eee452140, 0x0000020eee509670, 0x0000020eee50dec0, 0x0000020ef32bc270,
0x0000020ef32bd000, 0x0000020ef32bdd90, 0x0000020ef32bf9d0, 0x0000020ef32c25e0,
0x0000020ef8498540, 0x0000020ef849b210, 0x0000020ef850dc00
}

Java Threads: ( => current thread )
  0x0000020eee452140 JavaThread "main" [_thread_in_native, id=5752, stack(0x000000e905d00000,0x000000e905e00000)]
  0x0000020eee509670 JavaThread "Reference Handler" daemon [_thread_blocked, id=10828, stack(0x000000e906000000,0x000000e906100000)]
  0x0000020eee50dec0 JavaThread "Finalizer" daemon [_thread_blocked, id=13400, stack(0x000000e906100000,0x000000e906200000)]
  0x0000020ef32bc270 JavaThread "Signal Dispatcher" daemon [_thread_blocked, id=2936, stack(0x000000e906200000,0x000000e906300000)]
  0x0000020ef32bd000 JavaThread "Attach Listener" daemon [_thread_blocked, id=8416, stack(0x000000e906300000,0x000000e906400000)]
  0x0000020ef32bdd90 JavaThread "Service Thread" daemon [_thread_blocked, id=8812, stack(0x000000e906400000,0x000000e906500000)]
  0x0000020ef32bf9d0 JavaThread "Monitor Deflation Thread" daemon [_thread_blocked, id=10956, stack(0x000000e906500000,0x000000e906600000)]
=>0x0000020ef32c25e0 JavaThread "C2 CompilerThread0" daemon [_thread_in_native, id=10148, stack(0x000000e906600000,0x000000e906700000)]
  0x0000020ef8498540 JavaThread "C1 CompilerThread0" daemon [_thread_blocked, id=2524, stack(0x000000e906700000,0x000000e906800000)]
  0x0000020ef849b210 JavaThread "Sweeper thread" daemon [_thread_blocked, id=1032, stack(0x000000e906800000,0x000000e906900000)]
  0x0000020ef850dc00 JavaThread "Common-Cleaner" daemon [_thread_blocked, id=12464, stack(0x000000e906900000,0x000000e906a00000)]

Other Threads:
  0x0000020eee4e8c20 VMThread "VM Thread" [stack: 0x000000e905f00000,0x000000e906000000] [id=11612]
  0x0000020eee466c30 GCTaskThread "GC Thread#0" [stack: 0x000000e905e00000,0x000000e905f00000] [id=5688]

Threads with active compile tasks:
C2 CompilerThread0     2242  287       4       jdk.internal.jimage.ImageStringsReader::unmaskedHashCode (166 bytes)

VM state: not at safepoint (normal execution)

VM Mutex/Monitor currently owned by a thread: None

Heap address: 0x00000000c0000000, size: 1024 MB, Compressed Oops mode: 32-bit

CDS archive(s) not mapped
Compressed class space mapped at: 0x0000000100000000-0x0000000140000000, reserved size: 1073741824
Narrow klass base: 0x0000000000000000, Narrow klass shift: 3, Narrow klass range: 0x140000000

GC Precious Log:
 CPUs: 4 total, 4 available
 Memory: 4011M
 Large Page Support: Disabled
 NUMA Support: Disabled
 Compressed Oops: Enabled (32-bit)
 Alignments: Space 512K, Generation 512K, Heap 2M
 Heap Min Capacity: 100M
 Heap Initial Capacity: 100M
 Heap Max Capacity: 1G
 Pre-touch: Disabled
 Parallel Workers: 4

Heap:
 PSYoungGen      total 29696K, used 3149K [0x00000000eab00000, 0x00000000ecc00000, 0x0000000100000000)
  eden space 25600K, 12% used [0x00000000eab00000,0x00000000eae13560,0x00000000ec400000)
  from space 4096K, 0% used [0x00000000ec800000,0x00000000ec800000,0x00000000ecc00000)
  to   space 4096K, 0% used [0x00000000ec400000,0x00000000ec400000,0x00000000ec800000)
 ParOldGen       total 68608K, used 0K [0x00000000c0000000, 0x00000000c4300000, 0x00000000eab00000)
  object space 68608K, 0% used [0x00000000c0000000,0x00000000c0000000,0x00000000c4300000)
 Metaspace       used 5887K, committed 6080K, reserved 1114112K
  class space    used 562K, committed 640K, reserved 1048576K

Card table byte_map: [0x0000020eeddf0000,0x0000020eee000000] _byte_map_base: 0x0000020eed7f0000

Marking Bits: (ParMarkBitMap*) 0x00007ff95f47d7d0
 Begin Bits: [0x0000020ef10f0000, 0x0000020ef20f0000)
 End Bits:   [0x0000020ef20f0000, 0x0000020ef30f0000)

Polling page: 0x0000020eec2b0000

Metaspace:

Usage:
  Non-class:      5.20 MB used.
      Class:    562.78 KB used.
       Both:      5.75 MB used.

Virtual space:
  Non-class space:       64.00 MB reserved,       5.31 MB (  8%) committed,  1 nodes.
      Class space:        1.00 GB reserved,     640.00 KB ( <1%) committed,  1 nodes.
             Both:        1.06 GB reserved,       5.94 MB ( <1%) committed. 

Chunk freelists:
   Non-Class:  10.43 MB
       Class:  15.24 MB
        Both:  25.68 MB

MaxMetaspaceSize: unlimited
CompressedClassSpaceSize: 1.00 GB
Initial GC threshold: 21.00 MB
Current GC threshold: 21.00 MB
CDS: off
MetaspaceReclaimPolicy: balanced
 - commit_granule_bytes: 65536.
 - commit_granule_words: 8192.
 - virtual_space_node_default_size: 8388608.
 - enlarge_chunks_in_place: 1.
 - new_chunks_are_fully_committed: 0.
 - uncommit_free_chunks: 1.
 - use_allocation_guard: 0.
 - handle_deallocations: 1.


Internal statistics:

num_allocs_failed_limit: 0.
num_arena_births: 10.
num_arena_deaths: 0.
num_vsnodes_births: 2.
num_vsnodes_deaths: 0.
num_space_committed: 95.
num_space_uncommitted: 0.
num_chunks_returned_to_freelist: 0.
num_chunks_taken_from_freelist: 24.
num_chunk_merges: 0.
num_chunk_splits: 12.
num_chunks_enlarged: 8.
num_inconsistent_stats: 0.

CodeHeap 'non-profiled nmethods': size=120000Kb used=77Kb max_used=77Kb free=119922Kb
 bounds [0x0000020e87ad0000, 0x0000020e87d40000, 0x0000020e8f000000]
CodeHeap 'profiled nmethods': size=120000Kb used=360Kb max_used=360Kb free=119639Kb
 bounds [0x0000020e80000000, 0x0000020e80270000, 0x0000020e87530000]
CodeHeap 'non-nmethods': size=5760Kb used=1093Kb max_used=1107Kb free=4666Kb
 bounds [0x0000020e87530000, 0x0000020e877a0000, 0x0000020e87ad0000]
 total_blobs=657 nmethods=285 adapters=287
 compilation: enabled
              stopped_count=0, restarted_count=0
 full_count=0

Compilation events (20 events):
Event: 1.907 Thread 0x0000020ef8498540 nmethod 276 0x0000020e80054b10 code [0x0000020e80054d40, 0x0000020e80055518]
Event: 1.910 Thread 0x0000020ef8498540  277       3       jdk.internal.jimage.ImageStringsReader::hashCode (33 bytes)
Event: 1.910 Thread 0x0000020ef8498540 nmethod 277 0x0000020e80055990 code [0x0000020e80055b40, 0x0000020e80055cb8]
Event: 1.913 Thread 0x0000020ef8498540  278       3       java.util.concurrent.ConcurrentHashMap$Traverser::advance (188 bytes)
Event: 1.914 Thread 0x0000020ef8498540 nmethod 278 0x0000020e80055d90 code [0x0000020e80055fc0, 0x0000020e80056ac8]
Event: 2.163 Thread 0x0000020ef8498540  280       3       java.nio.DirectIntBufferU::ix (10 bytes)
Event: 2.163 Thread 0x0000020ef8498540 nmethod 280 0x0000020e80056d90 code [0x0000020e80056f20, 0x0000020e80057038]
Event: 2.171 Thread 0x0000020ef8498540  281       3       java.util.concurrent.ConcurrentHashMap$ValueIterator::next (34 bytes)
Event: 2.172 Thread 0x0000020ef8498540 nmethod 281 0x0000020e80057110 code [0x0000020e800572c0, 0x0000020e800574d8]
Event: 2.172 Thread 0x0000020ef8498540  282       3       java.util.Optional::empty (6 bytes)
Event: 2.172 Thread 0x0000020ef8498540 nmethod 282 0x0000020e80057610 code [0x0000020e800577a0, 0x0000020e80057898]
Event: 2.172 Thread 0x0000020ef8498540  283       3       jdk.internal.loader.BuiltinClassLoader::moduleReaderFor (45 bytes)
Event: 2.173 Thread 0x0000020ef8498540 nmethod 283 0x0000020e80057910 code [0x0000020e80057b00, 0x0000020e80058138]
Event: 2.173 Thread 0x0000020ef8498540  284       3       jdk.internal.module.SystemModuleFinders$SystemModuleReader::find (59 bytes)
Event: 2.174 Thread 0x0000020ef8498540 nmethod 284 0x0000020e80058310 code [0x0000020e800585c0, 0x0000020e80059068]
Event: 2.174 Thread 0x0000020ef8498540  286       3       jdk.internal.module.SystemModuleFinders$SystemImage::reader (4 bytes)
Event: 2.175 Thread 0x0000020ef8498540 nmethod 286 0x0000020e80059490 code [0x0000020e80059620, 0x0000020e80059718]
Event: 2.175 Thread 0x0000020ef8498540  285       3       jdk.internal.module.SystemModuleFinders$SystemModuleReader::containsImageLocation (42 bytes)
Event: 2.175 Thread 0x0000020ef8498540 nmethod 285 0x0000020e80059790 code [0x0000020e800599a0, 0x0000020e80059ff8]
Event: 2.188 Thread 0x0000020ef32c25e0  287       4       jdk.internal.jimage.ImageStringsReader::unmaskedHashCode (166 bytes)

GC Heap History (0 events):
No events

Dll operation events (7 events):
Event: 0.020 Loaded shared library c:\Users\admin\.vscode\extensions\redhat.java-1.30.0-win32-x64\jre\17.0.10-win32-x86_64\bin\java.dll
Event: 1.164 Loaded shared library c:\Users\admin\.vscode\extensions\redhat.java-1.30.0-win32-x64\jre\17.0.10-win32-x86_64\bin\zip.dll
Event: 1.169 Loaded shared library C:\Users\admin\.vscode\extensions\redhat.java-1.30.0-win32-x64\jre\17.0.10-win32-x86_64\bin\instrument.dll
Event: 1.368 Loaded shared library C:\Users\admin\.vscode\extensions\redhat.java-1.30.0-win32-x64\jre\17.0.10-win32-x86_64\bin\net.dll
Event: 1.384 Loaded shared library C:\Users\admin\.vscode\extensions\redhat.java-1.30.0-win32-x64\jre\17.0.10-win32-x86_64\bin\nio.dll
Event: 1.401 Loaded shared library C:\Users\admin\.vscode\extensions\redhat.java-1.30.0-win32-x64\jre\17.0.10-win32-x86_64\bin\zip.dll
Event: 1.620 Loaded shared library C:\Users\admin\.vscode\extensions\redhat.java-1.30.0-win32-x64\jre\17.0.10-win32-x86_64\bin\jimage.dll

Deoptimization events (8 events):
Event: 1.591 Thread 0x0000020eee452140 DEOPT PACKING pc=0x0000020e8003928c sp=0x000000e905dfdc20
Event: 1.591 Thread 0x0000020eee452140 DEOPT UNPACKING pc=0x0000020e87586e43 sp=0x000000e905dfd0b0 mode 0
Event: 1.592 Thread 0x0000020eee452140 DEOPT PACKING pc=0x0000020e8003928c sp=0x000000e905dfdc20
Event: 1.592 Thread 0x0000020eee452140 DEOPT UNPACKING pc=0x0000020e87586e43 sp=0x000000e905dfd0b0 mode 0
Event: 1.878 Thread 0x0000020eee452140 DEOPT PACKING pc=0x0000020e8004bba2 sp=0x000000e905dfda10
Event: 1.878 Thread 0x0000020eee452140 DEOPT UNPACKING pc=0x0000020e87586e43 sp=0x000000e905dfce70 mode 0
Event: 1.881 Thread 0x0000020eee452140 DEOPT PACKING pc=0x0000020e8004bba2 sp=0x000000e905dfda10
Event: 1.881 Thread 0x0000020eee452140 DEOPT UNPACKING pc=0x0000020e87586e43 sp=0x000000e905dfce70 mode 0

Classes unloaded (0 events):
No events

Classes redefined (0 events):
No events

Internal exceptions (1 events):
Event: 1.020 Thread 0x0000020eee452140 Exception <a 'java/lang/NoSuchMethodError'{0x00000000eac34e30}: 'void java.lang.invoke.DirectMethodHandle$Holder.invokeStatic(java.lang.Object, java.lang.Object, java.lang.Object)'> (0x00000000eac34e30) 
thrown [s\src\hotspot\share\interpreter\linkResolver.cpp, line 759]

VM Operations (6 events):
Event: 1.040 Executing VM operation: HandshakeAllThreads
Event: 1.040 Executing VM operation: HandshakeAllThreads done
Event: 1.892 Executing VM operation: HandshakeAllThreads
Event: 1.892 Executing VM operation: HandshakeAllThreads done
Event: 1.892 Executing VM operation: Cleanup
Event: 1.892 Executing VM operation: Cleanup done

Events (20 events):
Event: 1.891 loading class sun/net/www/protocol/file/FileURLConnection
Event: 1.891 loading class sun/net/www/URLConnection
Event: 1.891 loading class sun/net/www/URLConnection done
Event: 1.891 loading class sun/net/www/protocol/file/FileURLConnection done
Event: 1.892 loading class sun/net/www/MessageHeader
Event: 1.892 loading class sun/net/www/MessageHeader done
Event: 1.892 loading class sun/net/www/protocol/jar/URLJarFile
Event: 1.892 loading class sun/net/www/protocol/jar/URLJarFile done
Event: 1.893 loading class sun/net/www/protocol/jar/URLJarFile$URLJarFileEntry
Event: 1.893 loading class sun/net/www/protocol/jar/URLJarFile$URLJarFileEntry done
Event: 1.893 loading class sun/net/www/protocol/jar/JarURLConnection$JarURLInputStream
Event: 1.893 loading class sun/net/www/protocol/jar/JarURLConnection$JarURLInputStream done
Event: 1.896 loading class java/lang/AssertionError
Event: 1.896 loading class java/lang/AssertionError done
Event: 1.902 loading class sun/net/www/protocol/jrt/Handler
Event: 1.902 loading class sun/net/www/protocol/jrt/Handler done
Event: 1.902 loading class java/util/IdentityHashMap$KeyIterator
Event: 1.902 loading class java/util/IdentityHashMap$IdentityHashMapIterator
Event: 1.902 loading class java/util/IdentityHashMap$IdentityHashMapIterator done
Event: 1.902 loading class java/util/IdentityHashMap$KeyIterator done


Dynamic libraries:
0x00007ff67f4b0000 - 0x00007ff67f4be000 	c:\Users\admin\.vscode\extensions\redhat.java-1.30.0-win32-x64\jre\17.0.10-win32-x86_64\bin\java.exe
0x00007ff9a08d0000 - 0x00007ff9a0ac8000 	C:\Windows\SYSTEM32\ntdll.dll
0x00007ff99f3b0000 - 0x00007ff99f46d000 	C:\Windows\System32\KERNEL32.DLL
0x00007ff99e520000 - 0x00007ff99e816000 	C:\Windows\System32\KERNELBASE.dll
0x00007ff99df80000 - 0x00007ff99e080000 	C:\Windows\System32\ucrtbase.dll
0x00007ff98f000000 - 0x00007ff98f017000 	c:\Users\admin\.vscode\extensions\redhat.java-1.30.0-win32-x64\jre\17.0.10-win32-x86_64\bin\jli.dll
0x00007ff99f470000 - 0x00007ff99f60f000 	C:\Windows\System32\USER32.dll
0x00007ff99e320000 - 0x00007ff99e342000 	C:\Windows\System32\win32u.dll
0x00007ff99ea10000 - 0x00007ff99ea3b000 	C:\Windows\System32\GDI32.dll
0x00007ff99e0b0000 - 0x00007ff99e1c7000 	C:\Windows\System32\gdi32full.dll
0x00007ff99e280000 - 0x00007ff99e31d000 	C:\Windows\System32\msvcp_win.dll
0x00007ff987690000 - 0x00007ff9876ab000 	c:\Users\admin\.vscode\extensions\redhat.java-1.30.0-win32-x64\jre\17.0.10-win32-x86_64\bin\VCRUNTIME140.dll
0x00007ff98ed60000 - 0x00007ff98effa000 	C:\Windows\WinSxS\amd64_microsoft.windows.common-controls_6595b64144ccf1df_6.0.19041.4355_none_60b8b9eb71f62e16\COMCTL32.dll
0x00007ff99f930000 - 0x00007ff99f9ce000 	C:\Windows\System32\msvcrt.dll
0x00007ff9a0790000 - 0x00007ff9a07c2000 	C:\Windows\System32\IMM32.DLL
0x00007ff994f20000 - 0x00007ff994f2c000 	c:\Users\admin\.vscode\extensions\redhat.java-1.30.0-win32-x64\jre\17.0.10-win32-x86_64\bin\vcruntime140_1.dll
0x00007ff975a90000 - 0x00007ff975b1d000 	c:\Users\admin\.vscode\extensions\redhat.java-1.30.0-win32-x64\jre\17.0.10-win32-x86_64\bin\msvcp140.dll
0x00007ff95e8e0000 - 0x00007ff95f542000 	c:\Users\admin\.vscode\extensions\redhat.java-1.30.0-win32-x64\jre\17.0.10-win32-x86_64\bin\server\jvm.dll
0x00007ff9a06e0000 - 0x00007ff9a0790000 	C:\Windows\System32\ADVAPI32.dll
0x00007ff99e970000 - 0x00007ff99ea10000 	C:\Windows\System32\sechost.dll
0x00007ff99ea40000 - 0x00007ff99eb63000 	C:\Windows\System32\RPCRT4.dll
0x00007ff99e080000 - 0x00007ff99e0a7000 	C:\Windows\System32\bcrypt.dll
0x00007ff99d4b0000 - 0x00007ff99d4fb000 	C:\Windows\SYSTEM32\POWRPROF.dll
0x00007ff994fc0000 - 0x00007ff994fc9000 	C:\Windows\SYSTEM32\WSOCK32.dll
0x00007ff99e900000 - 0x00007ff99e96b000 	C:\Windows\System32\WS2_32.dll
0x00007ff985780000 - 0x00007ff9857a7000 	C:\Windows\SYSTEM32\WINMM.dll
0x00007ff992680000 - 0x00007ff99268a000 	C:\Windows\SYSTEM32\VERSION.dll
0x00007ff99d370000 - 0x00007ff99d382000 	C:\Windows\SYSTEM32\UMPDC.dll
0x00007ff99be00000 - 0x00007ff99be12000 	C:\Windows\SYSTEM32\kernel.appcore.dll
0x00007ff994c60000 - 0x00007ff994c6a000 	c:\Users\admin\.vscode\extensions\redhat.java-1.30.0-win32-x64\jre\17.0.10-win32-x86_64\bin\jimage.dll
0x00007ff996c20000 - 0x00007ff996e04000 	C:\Windows\SYSTEM32\DBGHELP.DLL
0x00007ff9967e0000 - 0x00007ff996814000 	C:\Windows\SYSTEM32\dbgcore.DLL
0x00007ff99e870000 - 0x00007ff99e8f2000 	C:\Windows\System32\bcryptPrimitives.dll
0x00007ff994bc0000 - 0x00007ff994bce000 	c:\Users\admin\.vscode\extensions\redhat.java-1.30.0-win32-x64\jre\17.0.10-win32-x86_64\bin\instrument.dll
0x00007ff985e70000 - 0x00007ff985e95000 	c:\Users\admin\.vscode\extensions\redhat.java-1.30.0-win32-x64\jre\17.0.10-win32-x86_64\bin\java.dll
0x00007ff986f70000 - 0x00007ff986f88000 	c:\Users\admin\.vscode\extensions\redhat.java-1.30.0-win32-x64\jre\17.0.10-win32-x86_64\bin\zip.dll
0x00007ff99fa30000 - 0x00007ff9a019b000 	C:\Windows\System32\SHELL32.dll
0x00007ff99c000000 - 0x00007ff99c79d000 	C:\Windows\SYSTEM32\windows.storage.dll
0x00007ff9a0380000 - 0x00007ff9a06d3000 	C:\Windows\System32\combase.dll
0x00007ff99d9a0000 - 0x00007ff99d9ce000 	C:\Windows\SYSTEM32\Wldp.dll
0x00007ff9a01c0000 - 0x00007ff9a028d000 	C:\Windows\System32\OLEAUT32.dll
0x00007ff99eb70000 - 0x00007ff99ec1d000 	C:\Windows\System32\SHCORE.dll
0x00007ff99f9d0000 - 0x00007ff99fa25000 	C:\Windows\System32\shlwapi.dll
0x00007ff99deb0000 - 0x00007ff99ded4000 	C:\Windows\SYSTEM32\profapi.dll
0x00007ff985240000 - 0x00007ff985259000 	C:\Users\admin\.vscode\extensions\redhat.java-1.30.0-win32-x64\jre\17.0.10-win32-x86_64\bin\net.dll
0x00007ff994cd0000 - 0x00007ff994dda000 	C:\Windows\SYSTEM32\WINHTTP.dll
0x00007ff99d700000 - 0x00007ff99d76a000 	C:\Windows\system32\mswsock.dll
0x00007ff985140000 - 0x00007ff985156000 	C:\Users\admin\.vscode\extensions\redhat.java-1.30.0-win32-x64\jre\17.0.10-win32-x86_64\bin\nio.dll

dbghelp: loaded successfully - version: 4.0.5 - missing functions: none
symbol engine: initialized successfully - sym options: 0x614 - pdb path: .;c:\Users\admin\.vscode\extensions\redhat.java-1.30.0-win32-x64\jre\17.0.10-win32-x86_64\bin;C:\Windows\SYSTEM32;C:\Windows\WinSxS\amd64_microsoft.windows.common-controls_6595b64144ccf1df_6.0.19041.4355_none_60b8b9eb71f62e16;c:\Users\admin\.vscode\extensions\redhat.java-1.30.0-win32-x64\jre\17.0.10-win32-x86_64\bin\server

VM Arguments:
jvm_args: --add-modules=ALL-SYSTEM --add-opens=java.base/java.util=ALL-UNNAMED --add-opens=java.base/java.lang=ALL-UNNAMED --add-opens=java.base/sun.nio.fs=ALL-UNNAMED -Declipse.application=org.eclipse.jdt.ls.core.id1 -Dosgi.bundles.defaultStartLevel=4 -Declipse.product=org.eclipse.jdt.ls.core.product -Djava.import.generatesMetadataFilesAtProjectRoot=false -DDetectVMInstallationsJob.disabled=true -Dfile.encoding=utf8 -XX:+UseParallelGC -XX:GCTimeRatio=4 -XX:AdaptiveSizePolicyWeight=90 -Dsun.zip.disableMemoryMapping=true -Xmx1G -Xms100m -Xlog:disable -javaagent:c:\Users\admin\.vscode\extensions\redhat.java-1.30.0-win32-x64\lombok\lombok-1.18.32.jar -XX:+HeapDumpOnOutOfMemoryError -XX:HeapDumpPath=c:\Users\admin\AppData\Roaming\Code\User\workspaceStorage\01c3cbbe7c281a8bd81db7b73daf7220\redhat.java -Daether.dependencyCollector.impl=bf 
java_command: c:\Users\admin\.vscode\extensions\redhat.java-1.30.0-win32-x64\server\plugins\org.eclipse.equinox.launcher_1.6.800.v20240330-1250.jar -configuration c:\Users\admin\AppData\Roaming\Code\User\globalStorage\redhat.java\1.30.0\config_win -data c:\Users\admin\AppData\Roaming\Code\User\workspaceStorage\01c3cbbe7c281a8bd81db7b73daf7220\redhat.java\jdt_ws --pipe=\\.\pipe\lsp-d3da13033101e24c4d66d4493a15e066-sock
java_class_path (initial): c:\Users\admin\.vscode\extensions\redhat.java-1.30.0-win32-x64\server\plugins\org.eclipse.equinox.launcher_1.6.800.v20240330-1250.jar
Launcher Type: SUN_STANDARD

[Global flags]
    uintx AdaptiveSizePolicyWeight                 = 90                                        {product} {command line}
     intx CICompilerCount                          = 3                                         {product} {ergonomic}
    uintx GCTimeRatio                              = 4                                         {product} {command line}
     bool HeapDumpOnOutOfMemoryError               = true                                   {manageable} {command line}
    ccstr HeapDumpPath                             = c:\Users\admin\AppData\Roaming\Code\User\workspaceStorage\01c3cbbe7c281a8bd81db7b73daf7220\redhat.java         {manageable} {command line}
   size_t InitialHeapSize                          = 104857600                                 {product} {command line}
   size_t MaxHeapSize                              = 1073741824                                {product} {command line}
   size_t MaxNewSize                               = 357564416                                 {product} {ergonomic}
   size_t MinHeapDeltaBytes                        = 524288                                    {product} {ergonomic}
   size_t MinHeapSize                              = 104857600                                 {product} {command line}
   size_t NewSize                                  = 34603008                                  {product} {ergonomic}
    uintx NonNMethodCodeHeapSize                   = 5832780                                {pd product} {ergonomic}
    uintx NonProfiledCodeHeapSize                  = 122912730                              {pd product} {ergonomic}
   size_t OldSize                                  = 70254592                                  {product} {ergonomic}
    uintx ProfiledCodeHeapSize                     = 122912730                              {pd product} {ergonomic}
    uintx ReservedCodeCacheSize                    = 251658240                              {pd product} {ergonomic}
     bool SegmentedCodeCache                       = true                                      {product} {ergonomic}
   size_t SoftMaxHeapSize                          = 1073741824                             {manageable} {ergonomic}
     bool UseCompressedClassPointers               = true                           {product lp64_product} {ergonomic}
     bool UseCompressedOops                        = true                           {product lp64_product} {ergonomic}
     bool UseLargePagesIndividualAllocation        = false                                  {pd product} {ergonomic}
     bool UseParallelGC                            = true                                      {product} {command line}

Logging:
Log output configuration:
 #0: stdout all=off uptime,level,tags
 #1: stderr all=off uptime,level,tags

Environment Variables:
JAVA_HOME=C:\Program Files\Java\jre-1.8
PATH=C:\Program Files\Common Files\Oracle\Java\javapath;C:\Program Files (x86)\Common Files\Oracle\Java\javapath;C:\Windows\system32;C:\Windows;C:\Windows\System32\Wbem;C:\Windows\System32\WindowsPowerShell\v1.0\;C:\Windows\System32\OpenSSH\;C:\Program Files\Java\jdk-22\bin;C:\Program Files\Java\jre-1.8\bin;C:\Program Files\MongoDB\Server\mongosh-2.2.3-win32-x64\bin;C:\Program Files\Git\cmd;C:\Users\admin\AppData\Local\Android\Sdk\emulator;C:\Users\admin\AppData\Local\Programs\Python\Python312\Scripts\;C:\Users\admin\AppData\Local\Programs\Python\Python312\;C:\Users\admin\AppData\Local\Microsoft\WindowsApps;C:\Program Files\Java\jdk-22\bin;C:\Program Files\Java\jre-1.8\bin;C:\Program Files\MongoDB\Server\mongosh-2.2.3-win32-x64\bin;C:\Users\admin\AppData\Local\Programs\Microsoft VS Code\bin;C:\src\flutter\bin;C:\Users\admin\AppData\Local\Android\Sdk\tools\bin;
USERNAME=admin
OS=Windows_NT
PROCESSOR_IDENTIFIER=Intel64 Family 6 Model 42 Stepping 7, GenuineIntel
TMP=C:\Users\admin\AppData\Local\Temp
TEMP=C:\Users\admin\AppData\Local\Temp



Periodic native trim disabled


---------------  S Y S T E M  ---------------

OS:
 Windows 10 , 64 bit Build 19041 (10.0.19041.3636)
OS uptime: 3 days 4:49 hours

CPU: total 4 (initial active 4) (2 cores per cpu, 2 threads per core) family 6 model 42 stepping 7 microcode 0x2f, cx8, cmov, fxsr, ht, mmx, sse, sse2, sse3, ssse3, sse4.1, sse4.2, popcnt, tsc, tscinvbit, avx, aes, clmul, vzeroupper, clflush
Processor Information for all 4 processors :
  Max Mhz: 2301, Current Mhz: 2301, Mhz Limit: 2301

Memory: 4k page, system-wide physical 4011M (193M free)
TotalPageFile size 11573M (AvailPageFile size 0M)
current process WorkingSet (physical memory assigned to process): 33M, peak: 33M
current process commit charge ("private bytes"): 173M, peak: 173M

vm_info: OpenJDK 64-Bit Server VM (17.0.10+7) for windows-amd64 JRE (17.0.10+7), built on Jan 16 2024 23:25:11 by "admin" with MS VC++ 16.10 / 16.11 (VS2019)

END.
