#
# There is insufficient memory for the Java Runtime Environment to continue.
# Native memory allocation (malloc) failed to allocate 829680 bytes for Chunk::new
# Possible reasons:
#   The system is out of physical RAM or swap space
#   The process is running with CompressedOops enabled, and the Java Heap may be blocking the growth of the native heap
# Possible solutions:
#   Reduce memory load on the system
#   Increase physical memory or swap space
#   Check if swap backing store is full
#   Decrease Java heap size (-Xmx/-Xms)
#   Decrease number of Java threads
#   Decrease Java thread stack sizes (-Xss)
#   Set larger code cache with -XX:ReservedCodeCacheSize=
#   JVM is running with Unscaled Compressed Oops mode in which the Java heap is
#     placed in the first 4GB address space. The Java Heap base address is the
#     maximum limit for the native heap growth. Please use -XX:HeapBaseMinAddress
#     to set the Java Heap base and to place the Java Heap above 4GB virtual address.
# This output file may be truncated or incomplete.
#
#  Out of Memory Error (arena.cpp:191), pid=11640, tid=8888
#
# JRE version: OpenJDK Runtime Environment Temurin-17.0.10+7 (17.0.10+7) (build 17.0.10+7)
# Java VM: OpenJDK 64-Bit Server VM Temurin-17.0.10+7 (17.0.10+7, mixed mode, tiered, compressed oops, compressed class ptrs, parallel gc, windows-amd64)
# No core dump will be written. Minidumps are not enabled by default on client versions of Windows
#

---------------  S U M M A R Y ------------

Command Line: --add-modules=ALL-SYSTEM --add-opens=java.base/java.util=ALL-UNNAMED --add-opens=java.base/java.lang=ALL-UNNAMED --add-opens=java.base/sun.nio.fs=ALL-UNNAMED -Declipse.application=org.eclipse.jdt.ls.core.id1 -Dosgi.bundles.defaultStartLevel=4 -Declipse.product=org.eclipse.jdt.ls.core.product -Djava.import.generatesMetadataFilesAtProjectRoot=false -DDetectVMInstallationsJob.disabled=true -Dfile.encoding=utf8 -XX:+UseParallelGC -XX:GCTimeRatio=4 -XX:AdaptiveSizePolicyWeight=90 -Dsun.zip.disableMemoryMapping=true -Xmx1G -Xms100m -Xlog:disable -javaagent:c:\Users\admin\.vscode\extensions\redhat.java-1.30.0-win32-x64\lombok\lombok-1.18.32.jar -XX:+HeapDumpOnOutOfMemoryError -XX:HeapDumpPath=c:\Users\admin\AppData\Roaming\Code\User\workspaceStorage\01c3cbbe7c281a8bd81db7b73daf7220\redhat.java -Daether.dependencyCollector.impl=bf c:\Users\admin\.vscode\extensions\redhat.java-1.30.0-win32-x64\server\plugins\org.eclipse.equinox.launcher_1.6.800.v20240330-1250.jar -configuration c:\Users\admin\AppData\Roaming\Code\User\globalStorage\redhat.java\1.30.0\config_win -data c:\Users\admin\AppData\Roaming\Code\User\workspaceStorage\01c3cbbe7c281a8bd81db7b73daf7220\redhat.java\jdt_ws --pipe=\\.\pipe\lsp-5723be5fa706ed15c533a158ef3989a1-sock

Host: Intel(R) Core(TM) i5-2410M CPU @ 2.30GHz, 4 cores, 3G,  Windows 10 , 64 bit Build 19041 (10.0.19041.3636)
Time: Mon May 20 00:50:16 2024 Afr. centrale Ouest elapsed time: 36.346191 seconds (0d 0h 0m 36s)

---------------  T H R E A D  ---------------

Current thread (0x0000029f75d7e9d0):  JavaThread "C2 CompilerThread0" daemon [_thread_in_native, id=8888, stack(0x000000fb22c00000,0x000000fb22d00000)]


Current CompileTask:
C2:  36346 7335   !   4       java.io.ObjectStreamClass::readNonProxy (401 bytes)

Stack: [0x000000fb22c00000,0x000000fb22d00000]
Native frames: (J=compiled Java code, j=interpreted, Vv=VM code, C=native code)
V  [jvm.dll+0x67d2c9]
V  [jvm.dll+0x834afa]
V  [jvm.dll+0x8365be]
V  [jvm.dll+0x836c23]
V  [jvm.dll+0x2477ff]
V  [jvm.dll+0xac514]
V  [jvm.dll+0xacb5c]
V  [jvm.dll+0x3667d7]
V  [jvm.dll+0x330bfa]
V  [jvm.dll+0x33009a]
V  [jvm.dll+0x219ef1]
V  [jvm.dll+0x219311]
V  [jvm.dll+0x1a502d]
V  [jvm.dll+0x2290de]
V  [jvm.dll+0x2272ac]
V  [jvm.dll+0x7e9bb7]
V  [jvm.dll+0x7e3fba]
V  [jvm.dll+0x67c1b5]
C  [ucrtbase.dll+0x21bb2]
C  [KERNEL32.DLL+0x17344]
C  [ntdll.dll+0x526b1]


---------------  P R O C E S S  ---------------

Threads class SMR info:
_java_thread_list=0x0000029f7ef9de20, length=48, elements={
0x0000029f61f024d0, 0x0000029f75d51740, 0x0000029f75d543e0, 0x0000029f75d79270,
0x0000029f75d7a000, 0x0000029f75d7ad90, 0x0000029f75d7b9c0, 0x0000029f75d7e9d0,
0x0000029f75d9e900, 0x0000029f7af5b080, 0x0000029f7b05b7c0, 0x0000029f7b1ef3f0,
0x0000029f7b75a7f0, 0x0000029f7c0a51f0, 0x0000029f7c0a56d0, 0x0000029f7c3e47e0,
0x0000029f7c2f1090, 0x0000029f7c4cf5c0, 0x0000029f7c4d1420, 0x0000029f7c4cf0b0,
0x0000029f7c4ce690, 0x0000029f7c4cfad0, 0x0000029f7c4ceba0, 0x0000029f7c4d0a00,
0x0000029f7c4d1930, 0x0000029f7c4ce180, 0x0000029f7cc02c70, 0x0000029f7cbff4c0,
0x0000029f7cc03180, 0x0000029f7cbfe080, 0x0000029f7cc040b0, 0x0000029f7cc04fe0,
0x0000029f7cc05a00, 0x0000029f7cc00900, 0x0000029f7cc01d40, 0x0000029f7cbfefb0,
0x0000029f7cc054f0, 0x0000029f7cbff9d0, 0x0000029f7cc045c0, 0x0000029f7cbffee0,
0x0000029f7cc003f0, 0x0000029f7cc04ad0, 0x0000029f7cc02760, 0x0000029f7cbfeaa0,
0x0000029f7cbfe590, 0x0000029f7cc03ba0, 0x0000029f7cc02250, 0x0000029f7cc01830
}

Java Threads: ( => current thread )
  0x0000029f61f024d0 JavaThread "main" [_thread_blocked, id=9456, stack(0x000000fb22300000,0x000000fb22400000)]
  0x0000029f75d51740 JavaThread "Reference Handler" daemon [_thread_blocked, id=9036, stack(0x000000fb22600000,0x000000fb22700000)]
  0x0000029f75d543e0 JavaThread "Finalizer" daemon [_thread_blocked, id=9252, stack(0x000000fb22700000,0x000000fb22800000)]
  0x0000029f75d79270 JavaThread "Signal Dispatcher" daemon [_thread_blocked, id=12072, stack(0x000000fb22800000,0x000000fb22900000)]
  0x0000029f75d7a000 JavaThread "Attach Listener" daemon [_thread_blocked, id=3636, stack(0x000000fb22900000,0x000000fb22a00000)]
  0x0000029f75d7ad90 JavaThread "Service Thread" daemon [_thread_blocked, id=4672, stack(0x000000fb22a00000,0x000000fb22b00000)]
  0x0000029f75d7b9c0 JavaThread "Monitor Deflation Thread" daemon [_thread_blocked, id=1848, stack(0x000000fb22b00000,0x000000fb22c00000)]
=>0x0000029f75d7e9d0 JavaThread "C2 CompilerThread0" daemon [_thread_in_native, id=8888, stack(0x000000fb22c00000,0x000000fb22d00000)]
  0x0000029f75d9e900 JavaThread "C1 CompilerThread0" daemon [_thread_blocked, id=5908, stack(0x000000fb22d00000,0x000000fb22e00000)]
  0x0000029f7af5b080 JavaThread "Sweeper thread" daemon [_thread_blocked, id=4896, stack(0x000000fb22e00000,0x000000fb22f00000)]
  0x0000029f7b05b7c0 JavaThread "Common-Cleaner" daemon [_thread_blocked, id=10332, stack(0x000000fb22f00000,0x000000fb23000000)]
  0x0000029f7b1ef3f0 JavaThread "Notification Thread" daemon [_thread_blocked, id=11124, stack(0x000000fb23000000,0x000000fb23100000)]
  0x0000029f7b75a7f0 JavaThread "Active Thread: Equinox Container: e6907697-665b-4dba-9fb9-9e0a1892307b" [_thread_blocked, id=15148, stack(0x000000fb23600000,0x000000fb23700000)]
  0x0000029f7c0a51f0 JavaThread "Framework Event Dispatcher: Equinox Container: e6907697-665b-4dba-9fb9-9e0a1892307b" daemon [_thread_blocked, id=3272, stack(0x000000fb23700000,0x000000fb23800000)]
  0x0000029f7c0a56d0 JavaThread "Start Level: Equinox Container: e6907697-665b-4dba-9fb9-9e0a1892307b" daemon [_thread_blocked, id=11140, stack(0x000000fb23800000,0x000000fb23900000)]
  0x0000029f7c3e47e0 JavaThread "Bundle File Closer" daemon [_thread_blocked, id=10136, stack(0x000000fb23900000,0x000000fb23a00000)]
  0x0000029f7c2f1090 JavaThread "SCR Component Actor" daemon [_thread_blocked, id=4880, stack(0x000000fb23a00000,0x000000fb23b00000)]
  0x0000029f7c4cf5c0 JavaThread "Worker-JM" [_thread_blocked, id=8904, stack(0x000000fb23500000,0x000000fb23600000)]
  0x0000029f7c4d1420 JavaThread "Worker-0: Initialize Workspace" [_thread_blocked, id=8144, stack(0x000000fb23c00000,0x000000fb23d00000)]
  0x0000029f7c4cf0b0 JavaThread "Worker-1" [_thread_blocked, id=10464, stack(0x000000fb23d00000,0x000000fb23e00000)]
  0x0000029f7c4ce690 JavaThread "Worker-2: Synchronize Gradle projects with workspace" [_thread_blocked, id=12428, stack(0x000000fb23f00000,0x000000fb24000000)]
  0x0000029f7c4cfad0 JavaThread "Java indexing" daemon [_thread_blocked, id=2148, stack(0x000000fb24000000,0x000000fb24100000)]
  0x0000029f7c4ceba0 JavaThread "Worker-3" [_thread_blocked, id=8124, stack(0x000000fb24100000,0x000000fb24200000)]
  0x0000029f7c4d0a00 JavaThread "JNA Cleaner" daemon [_thread_blocked, id=9464, stack(0x000000fb24200000,0x000000fb24300000)]
  0x0000029f7c4d1930 JavaThread "Thread-2" daemon [_thread_in_native, id=4284, stack(0x000000fb24500000,0x000000fb24600000)]
  0x0000029f7c4ce180 JavaThread "Thread-3" daemon [_thread_in_native, id=9436, stack(0x000000fb24600000,0x000000fb24700000)]
  0x0000029f7cc02c70 JavaThread "Thread-4" daemon [_thread_in_native, id=6868, stack(0x000000fb24700000,0x000000fb24800000)]
  0x0000029f7cbff4c0 JavaThread "Thread-5" daemon [_thread_in_native, id=7360, stack(0x000000fb24800000,0x000000fb24900000)]
  0x0000029f7cc03180 JavaThread "Thread-6" daemon [_thread_in_native, id=13092, stack(0x000000fb24900000,0x000000fb24a00000)]
  0x0000029f7cbfe080 JavaThread "pool-2-thread-1" [_thread_blocked, id=2632, stack(0x000000fb24a00000,0x000000fb24b00000)]
  0x0000029f7cc040b0 JavaThread "WorkspaceEventsHandler" [_thread_blocked, id=14640, stack(0x000000fb24b00000,0x000000fb24c00000)]
  0x0000029f7cc04fe0 JavaThread "pool-1-thread-1" [_thread_blocked, id=10704, stack(0x000000fb24c00000,0x000000fb24d00000)]
  0x0000029f7cc05a00 JavaThread "Timer-0" [_thread_blocked, id=13744, stack(0x000000fb23b00000,0x000000fb23c00000)]
  0x0000029f7cc00900 JavaThread "Timer-1" [_thread_blocked, id=2564, stack(0x000000fb24d00000,0x000000fb24e00000)]
  0x0000029f7cc01d40 JavaThread "Timer-2" [_thread_blocked, id=13592, stack(0x000000fb24f00000,0x000000fb25000000)]
  0x0000029f7cbfefb0 JavaThread "Exec process" [_thread_blocked, id=13444, stack(0x000000fb23e00000,0x000000fb23f00000)]
  0x0000029f7cc054f0 JavaThread "Exec process Thread 2" [_thread_blocked, id=9060, stack(0x000000fb25100000,0x000000fb25200000)]
  0x0000029f7cbff9d0 JavaThread "Exec process Thread 3" [_thread_blocked, id=8612, stack(0x000000fb25200000,0x000000fb25300000)]
  0x0000029f7cc045c0 JavaThread "Timer-3" [_thread_blocked, id=2132, stack(0x000000fb24e00000,0x000000fb24f00000)]
  0x0000029f7cbffee0 JavaThread "Timer-4" [_thread_blocked, id=12964, stack(0x000000fb25000000,0x000000fb25100000)]
  0x0000029f7cc003f0 JavaThread "Timer-5" [_thread_blocked, id=13888, stack(0x000000fb25300000,0x000000fb25400000)]
  0x0000029f7cc04ad0 JavaThread "Timer-6" [_thread_blocked, id=940, stack(0x000000fb25400000,0x000000fb25500000)]
  0x0000029f7cc02760 JavaThread "Timer-7" [_thread_blocked, id=12052, stack(0x000000fb25500000,0x000000fb25600000)]
  0x0000029f7cbfeaa0 JavaThread "Timer-8" [_thread_blocked, id=14620, stack(0x000000fb25600000,0x000000fb25700000)]
  0x0000029f7cbfe590 JavaThread "Timer-9" [_thread_blocked, id=14176, stack(0x000000fb25700000,0x000000fb25800000)]
  0x0000029f7cc03ba0 JavaThread "Connection worker" [_thread_in_native, id=15296, stack(0x000000fb25900000,0x000000fb25a00000)]
  0x0000029f7cc02250 JavaThread "pool-4-thread-1" [_thread_blocked, id=14012, stack(0x000000fb25a00000,0x000000fb25b00000)]
  0x0000029f7cc01830 JavaThread "Forward input" [_thread_blocked, id=6784, stack(0x000000fb25c00000,0x000000fb25d00000)]

Other Threads:
  0x0000029f75d3a300 VMThread "VM Thread" [stack: 0x000000fb22500000,0x000000fb22600000] [id=2716]
  0x0000029f7b1f2810 WatcherThread [stack: 0x000000fb23100000,0x000000fb23200000] [id=14248]
  0x0000029f61f16fc0 GCTaskThread "GC Thread#0" [stack: 0x000000fb22400000,0x000000fb22500000] [id=12296]
  0x0000029f7b32fe60 GCTaskThread "GC Thread#1" [stack: 0x000000fb23200000,0x000000fb23300000] [id=9096]
  0x0000029f7b734020 GCTaskThread "GC Thread#2" [stack: 0x000000fb23300000,0x000000fb23400000] [id=6480]
  0x0000029f7b7342e0 GCTaskThread "GC Thread#3" [stack: 0x000000fb23400000,0x000000fb23500000] [id=6904]

Threads with active compile tasks:
C2 CompilerThread0    36403 7335   !   4       java.io.ObjectStreamClass::readNonProxy (401 bytes)

VM state: not at safepoint (normal execution)

VM Mutex/Monitor currently owned by a thread: None

Heap address: 0x00000000c0000000, size: 1024 MB, Compressed Oops mode: 32-bit

CDS archive(s) not mapped
Compressed class space mapped at: 0x0000000100000000-0x0000000140000000, reserved size: 1073741824
Narrow klass base: 0x0000000000000000, Narrow klass shift: 3, Narrow klass range: 0x140000000

GC Precious Log:
 CPUs: 4 total, 4 available
 Memory: 4011M
 Large Page Support: Disabled
 NUMA Support: Disabled
 Compressed Oops: Enabled (32-bit)
 Alignments: Space 512K, Generation 512K, Heap 2M
 Heap Min Capacity: 100M
 Heap Initial Capacity: 100M
 Heap Max Capacity: 1G
 Pre-touch: Disabled
 Parallel Workers: 4

Heap:
 PSYoungGen      total 22528K, used 10601K [0x00000000eab00000, 0x00000000ec980000, 0x0000000100000000)
  eden space 22016K, 45% used [0x00000000eab00000,0x00000000eb4e0050,0x00000000ec080000)
  from space 512K, 95% used [0x00000000ec500000,0x00000000ec57a688,0x00000000ec580000)
  to   space 4608K, 0% used [0x00000000ec080000,0x00000000ec080000,0x00000000ec500000)
 ParOldGen       total 68608K, used 45255K [0x00000000c0000000, 0x00000000c4300000, 0x00000000eab00000)
  object space 68608K, 65% used [0x00000000c0000000,0x00000000c2c31f38,0x00000000c4300000)
 Metaspace       used 66798K, committed 68032K, reserved 1114112K
  class space    used 8137K, committed 8704K, reserved 1048576K

Card table byte_map: [0x0000029f618a0000,0x0000029f61ab0000] _byte_map_base: 0x0000029f612a0000

Marking Bits: (ParMarkBitMap*) 0x00007ff95e39d7d0
 Begin Bits: [0x0000029f73ba0000, 0x0000029f74ba0000)
 End Bits:   [0x0000029f74ba0000, 0x0000029f75ba0000)

Polling page: 0x0000029f5fe30000

Metaspace:

Usage:
  Non-class:     57.29 MB used.
      Class:      7.95 MB used.
       Both:     65.23 MB used.

Virtual space:
  Non-class space:       64.00 MB reserved,      57.94 MB ( 91%) committed,  1 nodes.
      Class space:        1.00 GB reserved,       8.50 MB ( <1%) committed,  1 nodes.
             Both:        1.06 GB reserved,      66.44 MB (  6%) committed. 

Chunk freelists:
   Non-Class:  5.55 MB
       Class:  7.45 MB
        Both:  13.00 MB

MaxMetaspaceSize: unlimited
CompressedClassSpaceSize: 1.00 GB
Initial GC threshold: 21.00 MB
Current GC threshold: 97.31 MB
CDS: off
MetaspaceReclaimPolicy: balanced
 - commit_granule_bytes: 65536.
 - commit_granule_words: 8192.
 - virtual_space_node_default_size: 8388608.
 - enlarge_chunks_in_place: 1.
 - new_chunks_are_fully_committed: 0.
 - uncommit_free_chunks: 1.
 - use_allocation_guard: 0.
 - handle_deallocations: 1.


Internal statistics:

num_allocs_failed_limit: 9.
num_arena_births: 786.
num_arena_deaths: 16.
num_vsnodes_births: 2.
num_vsnodes_deaths: 0.
num_space_committed: 1063.
num_space_uncommitted: 0.
num_chunks_returned_to_freelist: 25.
num_chunks_taken_from_freelist: 3389.
num_chunk_merges: 15.
num_chunk_splits: 2160.
num_chunks_enlarged: 1327.
num_inconsistent_stats: 0.

CodeHeap 'non-profiled nmethods': size=120000Kb used=3930Kb max_used=4326Kb free=116069Kb
 bounds [0x0000029f6c670000, 0x0000029f6cac0000, 0x0000029f73ba0000]
CodeHeap 'profiled nmethods': size=120000Kb used=11436Kb max_used=12968Kb free=108563Kb
 bounds [0x0000029f64ba0000, 0x0000029f65850000, 0x0000029f6c0d0000]
CodeHeap 'non-nmethods': size=5760Kb used=1321Kb max_used=1382Kb free=4438Kb
 bounds [0x0000029f6c0d0000, 0x0000029f6c340000, 0x0000029f6c670000]
 total_blobs=6709 nmethods=6048 adapters=574
 compilation: enabled
              stopped_count=0, restarted_count=0
 full_count=0

Compilation events (20 events):
Event: 35.516 Thread 0x0000029f75d9e900 7329       1       org.gradle.tooling.internal.consumer.parameters.ProgressListenerAdapter$1::getDescription (5 bytes)
Event: 35.516 Thread 0x0000029f75d9e900 nmethod 7329 0x0000029f6c91e690 code [0x0000029f6c91e820, 0x0000029f6c91e8f8]
Event: 35.608 Thread 0x0000029f75d9e900 7330       3       sun.nio.cs.StreamEncoder::ensureOpen (18 bytes)
Event: 35.608 Thread 0x0000029f75d9e900 nmethod 7330 0x0000029f6512d310 code [0x0000029f6512d4c0, 0x0000029f6512d6c8]
Event: 35.609 Thread 0x0000029f75d9e900 7331       3       org.gradle.internal.logging.text.AbstractStyledTextOutput::style (20 bytes)
Event: 35.609 Thread 0x0000029f75d9e900 nmethod 7331 0x0000029f6512cc10 code [0x0000029f6512cdc0, 0x0000029f6512cfe8]
Event: 35.830 Thread 0x0000029f75d7e9d0 nmethod 7323 0x0000029f6c957d90 code [0x0000029f6c9581c0, 0x0000029f6c95c2c8]
Event: 35.830 Thread 0x0000029f75d7e9d0 7324       4       java.io.ObjectInputStream::checkResolve (86 bytes)
Event: 35.837 Thread 0x0000029f75d7e9d0 nmethod 7324 0x0000029f6c91dd10 code [0x0000029f6c91df00, 0x0000029f6c91e250]
Event: 35.837 Thread 0x0000029f75d7e9d0 7327       4       java.nio.CharBuffer::array (35 bytes)
Event: 35.838 Thread 0x0000029f75d7e9d0 nmethod 7327 0x0000029f6c91da10 code [0x0000029f6c91db80, 0x0000029f6c91dc38]
Event: 35.838 Thread 0x0000029f75d7e9d0 7326   !   4       java.io.ObjectInputStream::readOrdinaryObject (379 bytes)
Event: 35.916 Thread 0x0000029f75d9e900 7332       3       org.gradle.internal.logging.sink.GroupingProgressLogEventGenerator$OperationState::maybeFlushOutput (1 bytes)
Event: 35.916 Thread 0x0000029f75d9e900 nmethod 7332 0x0000029f6541f090 code [0x0000029f6541f220, 0x0000029f6541f338]
Event: 35.919 Thread 0x0000029f75d7e9d0 nmethod 7326 0x0000029f6c778790 code [0x0000029f6c778ac0, 0x0000029f6c77a898]
Event: 36.223 Thread 0x0000029f75d7e9d0 7333       4       java.io.ObjectInputStream$BlockDataInputStream::peekByte (20 bytes)
Event: 36.234 Thread 0x0000029f75d7e9d0 nmethod 7333 0x0000029f6c933890 code [0x0000029f6c933a40, 0x0000029f6c933f28]
Event: 36.234 Thread 0x0000029f75d7e9d0 7334       4       java.io.ObjectInputStream$BlockDataInputStream::peek (55 bytes)
Event: 36.245 Thread 0x0000029f75d7e9d0 nmethod 7334 0x0000029f6c932d90 code [0x0000029f6c932f40, 0x0000029f6c933428]
Event: 36.245 Thread 0x0000029f75d7e9d0 7335   !   4       java.io.ObjectStreamClass::readNonProxy (401 bytes)

GC Heap History (20 events):
Event: 21.623 GC heap before
{Heap before GC invocations=36 (full 3):
 PSYoungGen      total 22528K, used 22240K [0x00000000eab00000, 0x00000000ec600000, 0x0000000100000000)
  eden space 22016K, 100% used [0x00000000eab00000,0x00000000ec080000,0x00000000ec080000)
  from space 512K, 43% used [0x00000000ec580000,0x00000000ec5b8000,0x00000000ec600000)
  to   space 512K, 0% used [0x00000000ec500000,0x00000000ec500000,0x00000000ec580000)
 ParOldGen       total 68608K, used 40821K [0x00000000c0000000, 0x00000000c4300000, 0x00000000eab00000)
  object space 68608K, 59% used [0x00000000c0000000,0x00000000c27dd500,0x00000000c4300000)
 Metaspace       used 64261K, committed 65408K, reserved 1114112K
  class space    used 7793K, committed 8320K, reserved 1048576K
}
Event: 21.624 GC heap after
{Heap after GC invocations=36 (full 3):
 PSYoungGen      total 22528K, used 472K [0x00000000eab00000, 0x00000000ec600000, 0x0000000100000000)
  eden space 22016K, 0% used [0x00000000eab00000,0x00000000eab00000,0x00000000ec080000)
  from space 512K, 92% used [0x00000000ec500000,0x00000000ec576228,0x00000000ec580000)
  to   space 512K, 0% used [0x00000000ec580000,0x00000000ec580000,0x00000000ec600000)
 ParOldGen       total 68608K, used 40996K [0x00000000c0000000, 0x00000000c4300000, 0x00000000eab00000)
  object space 68608K, 59% used [0x00000000c0000000,0x00000000c2809210,0x00000000c4300000)
 Metaspace       used 64261K, committed 65408K, reserved 1114112K
  class space    used 7793K, committed 8320K, reserved 1048576K
}
Event: 22.195 GC heap before
{Heap before GC invocations=37 (full 3):
 PSYoungGen      total 22528K, used 22488K [0x00000000eab00000, 0x00000000ec600000, 0x0000000100000000)
  eden space 22016K, 100% used [0x00000000eab00000,0x00000000ec080000,0x00000000ec080000)
  from space 512K, 92% used [0x00000000ec500000,0x00000000ec576228,0x00000000ec580000)
  to   space 512K, 0% used [0x00000000ec580000,0x00000000ec580000,0x00000000ec600000)
 ParOldGen       total 68608K, used 40996K [0x00000000c0000000, 0x00000000c4300000, 0x00000000eab00000)
  object space 68608K, 59% used [0x00000000c0000000,0x00000000c2809210,0x00000000c4300000)
 Metaspace       used 64262K, committed 65408K, reserved 1114112K
  class space    used 7793K, committed 8320K, reserved 1048576K
}
Event: 22.196 GC heap after
{Heap after GC invocations=37 (full 3):
 PSYoungGen      total 22528K, used 369K [0x00000000eab00000, 0x00000000ec600000, 0x0000000100000000)
  eden space 22016K, 0% used [0x00000000eab00000,0x00000000eab00000,0x00000000ec080000)
  from space 512K, 72% used [0x00000000ec580000,0x00000000ec5dc450,0x00000000ec600000)
  to   space 512K, 0% used [0x00000000ec500000,0x00000000ec500000,0x00000000ec580000)
 ParOldGen       total 68608K, used 41196K [0x00000000c0000000, 0x00000000c4300000, 0x00000000eab00000)
  object space 68608K, 60% used [0x00000000c0000000,0x00000000c283b210,0x00000000c4300000)
 Metaspace       used 64262K, committed 65408K, reserved 1114112K
  class space    used 7793K, committed 8320K, reserved 1048576K
}
Event: 22.795 GC heap before
{Heap before GC invocations=38 (full 3):
 PSYoungGen      total 22528K, used 22385K [0x00000000eab00000, 0x00000000ec600000, 0x0000000100000000)
  eden space 22016K, 100% used [0x00000000eab00000,0x00000000ec080000,0x00000000ec080000)
  from space 512K, 72% used [0x00000000ec580000,0x00000000ec5dc450,0x00000000ec600000)
  to   space 512K, 0% used [0x00000000ec500000,0x00000000ec500000,0x00000000ec580000)
 ParOldGen       total 68608K, used 41196K [0x00000000c0000000, 0x00000000c4300000, 0x00000000eab00000)
  object space 68608K, 60% used [0x00000000c0000000,0x00000000c283b210,0x00000000c4300000)
 Metaspace       used 64262K, committed 65408K, reserved 1114112K
  class space    used 7793K, committed 8320K, reserved 1048576K
}
Event: 22.795 GC heap after
{Heap after GC invocations=38 (full 3):
 PSYoungGen      total 22528K, used 471K [0x00000000eab00000, 0x00000000ec600000, 0x0000000100000000)
  eden space 22016K, 0% used [0x00000000eab00000,0x00000000eab00000,0x00000000ec080000)
  from space 512K, 92% used [0x00000000ec500000,0x00000000ec575cb8,0x00000000ec580000)
  to   space 512K, 0% used [0x00000000ec580000,0x00000000ec580000,0x00000000ec600000)
 ParOldGen       total 68608K, used 41212K [0x00000000c0000000, 0x00000000c4300000, 0x00000000eab00000)
  object space 68608K, 60% used [0x00000000c0000000,0x00000000c283f210,0x00000000c4300000)
 Metaspace       used 64262K, committed 65408K, reserved 1114112K
  class space    used 7793K, committed 8320K, reserved 1048576K
}
Event: 23.211 GC heap before
{Heap before GC invocations=39 (full 3):
 PSYoungGen      total 22528K, used 22487K [0x00000000eab00000, 0x00000000ec600000, 0x0000000100000000)
  eden space 22016K, 100% used [0x00000000eab00000,0x00000000ec080000,0x00000000ec080000)
  from space 512K, 92% used [0x00000000ec500000,0x00000000ec575cb8,0x00000000ec580000)
  to   space 512K, 0% used [0x00000000ec580000,0x00000000ec580000,0x00000000ec600000)
 ParOldGen       total 68608K, used 41212K [0x00000000c0000000, 0x00000000c4300000, 0x00000000eab00000)
  object space 68608K, 60% used [0x00000000c0000000,0x00000000c283f210,0x00000000c4300000)
 Metaspace       used 64262K, committed 65408K, reserved 1114112K
  class space    used 7793K, committed 8320K, reserved 1048576K
}
Event: 23.212 GC heap after
{Heap after GC invocations=39 (full 3):
 PSYoungGen      total 22528K, used 497K [0x00000000eab00000, 0x00000000ec600000, 0x0000000100000000)
  eden space 22016K, 0% used [0x00000000eab00000,0x00000000eab00000,0x00000000ec080000)
  from space 512K, 97% used [0x00000000ec580000,0x00000000ec5fc560,0x00000000ec600000)
  to   space 1024K, 0% used [0x00000000ec400000,0x00000000ec400000,0x00000000ec500000)
 ParOldGen       total 68608K, used 41251K [0x00000000c0000000, 0x00000000c4300000, 0x00000000eab00000)
  object space 68608K, 60% used [0x00000000c0000000,0x00000000c2848e88,0x00000000c4300000)
 Metaspace       used 64262K, committed 65408K, reserved 1114112K
  class space    used 7793K, committed 8320K, reserved 1048576K
}
Event: 23.795 GC heap before
{Heap before GC invocations=40 (full 3):
 PSYoungGen      total 22528K, used 22513K [0x00000000eab00000, 0x00000000ec600000, 0x0000000100000000)
  eden space 22016K, 100% used [0x00000000eab00000,0x00000000ec080000,0x00000000ec080000)
  from space 512K, 97% used [0x00000000ec580000,0x00000000ec5fc560,0x00000000ec600000)
  to   space 1024K, 0% used [0x00000000ec400000,0x00000000ec400000,0x00000000ec500000)
 ParOldGen       total 68608K, used 41251K [0x00000000c0000000, 0x00000000c4300000, 0x00000000eab00000)
  object space 68608K, 60% used [0x00000000c0000000,0x00000000c2848e88,0x00000000c4300000)
 Metaspace       used 64263K, committed 65408K, reserved 1114112K
  class space    used 7793K, committed 8320K, reserved 1048576K
}
Event: 23.795 GC heap after
{Heap after GC invocations=40 (full 3):
 PSYoungGen      total 23040K, used 497K [0x00000000eab00000, 0x00000000ec600000, 0x0000000100000000)
  eden space 22016K, 0% used [0x00000000eab00000,0x00000000eab00000,0x00000000ec080000)
  from space 1024K, 48% used [0x00000000ec400000,0x00000000ec47c560,0x00000000ec500000)
  to   space 512K, 0% used [0x00000000ec580000,0x00000000ec580000,0x00000000ec600000)
 ParOldGen       total 68608K, used 41267K [0x00000000c0000000, 0x00000000c4300000, 0x00000000eab00000)
  object space 68608K, 60% used [0x00000000c0000000,0x00000000c284ce88,0x00000000c4300000)
 Metaspace       used 64263K, committed 65408K, reserved 1114112K
  class space    used 7793K, committed 8320K, reserved 1048576K
}
Event: 24.241 GC heap before
{Heap before GC invocations=41 (full 3):
 PSYoungGen      total 23040K, used 22513K [0x00000000eab00000, 0x00000000ec600000, 0x0000000100000000)
  eden space 22016K, 100% used [0x00000000eab00000,0x00000000ec080000,0x00000000ec080000)
  from space 1024K, 48% used [0x00000000ec400000,0x00000000ec47c560,0x00000000ec500000)
  to   space 512K, 0% used [0x00000000ec580000,0x00000000ec580000,0x00000000ec600000)
 ParOldGen       total 68608K, used 41267K [0x00000000c0000000, 0x00000000c4300000, 0x00000000eab00000)
  object space 68608K, 60% used [0x00000000c0000000,0x00000000c284ce88,0x00000000c4300000)
 Metaspace       used 64263K, committed 65408K, reserved 1114112K
  class space    used 7793K, committed 8320K, reserved 1048576K
}
Event: 24.242 GC heap after
{Heap after GC invocations=41 (full 3):
 PSYoungGen      total 22528K, used 480K [0x00000000eab00000, 0x00000000ec600000, 0x0000000100000000)
  eden space 22016K, 0% used [0x00000000eab00000,0x00000000eab00000,0x00000000ec080000)
  from space 512K, 93% used [0x00000000ec580000,0x00000000ec5f82f8,0x00000000ec600000)
  to   space 1024K, 0% used [0x00000000ec400000,0x00000000ec400000,0x00000000ec500000)
 ParOldGen       total 68608K, used 41397K [0x00000000c0000000, 0x00000000c4300000, 0x00000000eab00000)
  object space 68608K, 60% used [0x00000000c0000000,0x00000000c286d688,0x00000000c4300000)
 Metaspace       used 64263K, committed 65408K, reserved 1114112K
  class space    used 7793K, committed 8320K, reserved 1048576K
}
Event: 24.570 GC heap before
{Heap before GC invocations=42 (full 3):
 PSYoungGen      total 22528K, used 22496K [0x00000000eab00000, 0x00000000ec600000, 0x0000000100000000)
  eden space 22016K, 100% used [0x00000000eab00000,0x00000000ec080000,0x00000000ec080000)
  from space 512K, 93% used [0x00000000ec580000,0x00000000ec5f82f8,0x00000000ec600000)
  to   space 1024K, 0% used [0x00000000ec400000,0x00000000ec400000,0x00000000ec500000)
 ParOldGen       total 68608K, used 41397K [0x00000000c0000000, 0x00000000c4300000, 0x00000000eab00000)
  object space 68608K, 60% used [0x00000000c0000000,0x00000000c286d688,0x00000000c4300000)
 Metaspace       used 64263K, committed 65408K, reserved 1114112K
  class space    used 7793K, committed 8320K, reserved 1048576K
}
Event: 24.570 GC heap after
{Heap after GC invocations=42 (full 3):
 PSYoungGen      total 23040K, used 635K [0x00000000eab00000, 0x00000000ec600000, 0x0000000100000000)
  eden space 22016K, 0% used [0x00000000eab00000,0x00000000eab00000,0x00000000ec080000)
  from space 1024K, 62% used [0x00000000ec400000,0x00000000ec49ec00,0x00000000ec500000)
  to   space 1024K, 0% used [0x00000000ec500000,0x00000000ec500000,0x00000000ec600000)
 ParOldGen       total 68608K, used 41413K [0x00000000c0000000, 0x00000000c4300000, 0x00000000eab00000)
  object space 68608K, 60% used [0x00000000c0000000,0x00000000c2871688,0x00000000c4300000)
 Metaspace       used 64263K, committed 65408K, reserved 1114112K
  class space    used 7793K, committed 8320K, reserved 1048576K
}
Event: 25.107 GC heap before
{Heap before GC invocations=43 (full 3):
 PSYoungGen      total 23040K, used 22651K [0x00000000eab00000, 0x00000000ec600000, 0x0000000100000000)
  eden space 22016K, 100% used [0x00000000eab00000,0x00000000ec080000,0x00000000ec080000)
  from space 1024K, 62% used [0x00000000ec400000,0x00000000ec49ec00,0x00000000ec500000)
  to   space 1024K, 0% used [0x00000000ec500000,0x00000000ec500000,0x00000000ec600000)
 ParOldGen       total 68608K, used 41413K [0x00000000c0000000, 0x00000000c4300000, 0x00000000eab00000)
  object space 68608K, 60% used [0x00000000c0000000,0x00000000c2871688,0x00000000c4300000)
 Metaspace       used 65004K, committed 66112K, reserved 1114112K
  class space    used 7912K, committed 8384K, reserved 1048576K
}
Event: 25.108 GC heap after
{Heap after GC invocations=43 (full 3):
 PSYoungGen      total 22528K, used 224K [0x00000000eab00000, 0x00000000ec580000, 0x0000000100000000)
  eden space 22016K, 0% used [0x00000000eab00000,0x00000000eab00000,0x00000000ec080000)
  from space 512K, 43% used [0x00000000ec500000,0x00000000ec538000,0x00000000ec580000)
  to   space 512K, 0% used [0x00000000ec480000,0x00000000ec480000,0x00000000ec500000)
 ParOldGen       total 68608K, used 41437K [0x00000000c0000000, 0x00000000c4300000, 0x00000000eab00000)
  object space 68608K, 60% used [0x00000000c0000000,0x00000000c2877688,0x00000000c4300000)
 Metaspace       used 65004K, committed 66112K, reserved 1114112K
  class space    used 7912K, committed 8384K, reserved 1048576K
}
Event: 32.399 GC heap before
{Heap before GC invocations=44 (full 3):
 PSYoungGen      total 22528K, used 22228K [0x00000000eab00000, 0x00000000ec580000, 0x0000000100000000)
  eden space 22016K, 99% used [0x00000000eab00000,0x00000000ec07d380,0x00000000ec080000)
  from space 512K, 43% used [0x00000000ec500000,0x00000000ec538000,0x00000000ec580000)
  to   space 512K, 0% used [0x00000000ec480000,0x00000000ec480000,0x00000000ec500000)
 ParOldGen       total 68608K, used 41437K [0x00000000c0000000, 0x00000000c4300000, 0x00000000eab00000)
  object space 68608K, 60% used [0x00000000c0000000,0x00000000c2877688,0x00000000c4300000)
 Metaspace       used 66220K, committed 67456K, reserved 1114112K
  class space    used 8050K, committed 8640K, reserved 1048576K
}
Event: 32.402 GC heap after
{Heap after GC invocations=44 (full 3):
 PSYoungGen      total 22528K, used 487K [0x00000000eab00000, 0x00000000ec580000, 0x0000000100000000)
  eden space 22016K, 0% used [0x00000000eab00000,0x00000000eab00000,0x00000000ec080000)
  from space 512K, 95% used [0x00000000ec480000,0x00000000ec4f9f28,0x00000000ec500000)
  to   space 512K, 0% used [0x00000000ec500000,0x00000000ec500000,0x00000000ec580000)
 ParOldGen       total 68608K, used 41980K [0x00000000c0000000, 0x00000000c4300000, 0x00000000eab00000)
  object space 68608K, 61% used [0x00000000c0000000,0x00000000c28ff200,0x00000000c4300000)
 Metaspace       used 66220K, committed 67456K, reserved 1114112K
  class space    used 8050K, committed 8640K, reserved 1048576K
}
Event: 33.505 GC heap before
{Heap before GC invocations=45 (full 3):
 PSYoungGen      total 22528K, used 22503K [0x00000000eab00000, 0x00000000ec580000, 0x0000000100000000)
  eden space 22016K, 100% used [0x00000000eab00000,0x00000000ec080000,0x00000000ec080000)
  from space 512K, 95% used [0x00000000ec480000,0x00000000ec4f9f28,0x00000000ec500000)
  to   space 512K, 0% used [0x00000000ec500000,0x00000000ec500000,0x00000000ec580000)
 ParOldGen       total 68608K, used 41980K [0x00000000c0000000, 0x00000000c4300000, 0x00000000eab00000)
  object space 68608K, 61% used [0x00000000c0000000,0x00000000c28ff200,0x00000000c4300000)
 Metaspace       used 66716K, committed 67968K, reserved 1114112K
  class space    used 8128K, committed 8704K, reserved 1048576K
}
Event: 33.509 GC heap after
{Heap after GC invocations=45 (full 3):
 PSYoungGen      total 22528K, used 489K [0x00000000eab00000, 0x00000000ec980000, 0x0000000100000000)
  eden space 22016K, 0% used [0x00000000eab00000,0x00000000eab00000,0x00000000ec080000)
  from space 512K, 95% used [0x00000000ec500000,0x00000000ec57a688,0x00000000ec580000)
  to   space 4608K, 0% used [0x00000000ec080000,0x00000000ec080000,0x00000000ec500000)
 ParOldGen       total 68608K, used 45255K [0x00000000c0000000, 0x00000000c4300000, 0x00000000eab00000)
  object space 68608K, 65% used [0x00000000c0000000,0x00000000c2c31f38,0x00000000c4300000)
 Metaspace       used 66716K, committed 67968K, reserved 1114112K
  class space    used 8128K, committed 8704K, reserved 1048576K
}

Dll operation events (15 events):
Event: 0.012 Loaded shared library c:\Users\admin\.vscode\extensions\redhat.java-1.30.0-win32-x64\jre\17.0.10-win32-x86_64\bin\java.dll
Event: 0.348 Loaded shared library c:\Users\admin\.vscode\extensions\redhat.java-1.30.0-win32-x64\jre\17.0.10-win32-x86_64\bin\zip.dll
Event: 0.357 Loaded shared library C:\Users\admin\.vscode\extensions\redhat.java-1.30.0-win32-x64\jre\17.0.10-win32-x86_64\bin\instrument.dll
Event: 0.388 Loaded shared library C:\Users\admin\.vscode\extensions\redhat.java-1.30.0-win32-x64\jre\17.0.10-win32-x86_64\bin\net.dll
Event: 0.392 Loaded shared library C:\Users\admin\.vscode\extensions\redhat.java-1.30.0-win32-x64\jre\17.0.10-win32-x86_64\bin\nio.dll
Event: 0.406 Loaded shared library C:\Users\admin\.vscode\extensions\redhat.java-1.30.0-win32-x64\jre\17.0.10-win32-x86_64\bin\zip.dll
Event: 0.445 Loaded shared library C:\Users\admin\.vscode\extensions\redhat.java-1.30.0-win32-x64\jre\17.0.10-win32-x86_64\bin\jimage.dll
Event: 0.646 Loaded shared library c:\Users\admin\.vscode\extensions\redhat.java-1.30.0-win32-x64\jre\17.0.10-win32-x86_64\bin\verify.dll
Event: 3.473 Loaded shared library C:\Users\admin\AppData\Roaming\Code\User\globalStorage\redhat.java\1.30.0\config_win\org.eclipse.equinox.launcher\org.eclipse.equinox.launcher.win32.win32.x86_64_1.2.900.v20240213-1244\eclipse_11900.dll
Event: 9.383 Loaded shared library C:\Users\admin\AppData\Local\Temp\jna-92668751\jna15350526395912350533.dll
Event: 15.122 Loaded shared library C:\Users\admin\.gradle\native\c067742578af261105cb4f569cf0c3c89f3d7b1fecec35dd04571415982c5e48\windows-amd64\native-platform.dll
Event: 18.082 Loaded shared library C:\Users\admin\.vscode\extensions\redhat.java-1.30.0-win32-x64\jre\17.0.10-win32-x86_64\bin\management.dll
Event: 18.092 Loaded shared library C:\Users\admin\.vscode\extensions\redhat.java-1.30.0-win32-x64\jre\17.0.10-win32-x86_64\bin\management_ext.dll
Event: 25.039 Loaded shared library C:\Users\admin\.vscode\extensions\redhat.java-1.30.0-win32-x64\jre\17.0.10-win32-x86_64\bin\extnet.dll
Event: 25.184 Loaded shared library C:\Users\admin\.vscode\extensions\redhat.java-1.30.0-win32-x64\jre\17.0.10-win32-x86_64\bin\sunmscapi.dll

Deoptimization events (20 events):
Event: 33.319 Thread 0x0000029f7cc00e10 DEOPT PACKING pc=0x0000029f6ca16d64 sp=0x000000fb256fb3b0
Event: 33.319 Thread 0x0000029f7cc00e10 DEOPT UNPACKING pc=0x0000029f6c1266a3 sp=0x000000fb256fb398 mode 2
Event: 33.340 Thread 0x0000029f7cc00e10 Uncommon trap: trap_request=0xffffffde fr.pc=0x0000029f6ca6e390 relative=0x0000000000000350
Event: 33.340 Thread 0x0000029f7cc00e10 Uncommon trap: reason=class_check action=maybe_recompile pc=0x0000029f6ca6e390 method=java.io.ObjectInputStream$PeekInputStream.read()I @ 23 c2
Event: 33.340 Thread 0x0000029f7cc00e10 DEOPT PACKING pc=0x0000029f6ca6e390 sp=0x000000fb256fcb50
Event: 33.340 Thread 0x0000029f7cc00e10 DEOPT UNPACKING pc=0x0000029f6c1266a3 sp=0x000000fb256fcad0 mode 2
Event: 33.372 Thread 0x0000029f7cc00e10 Uncommon trap: trap_request=0xffffff45 fr.pc=0x0000029f6caa3fa0 relative=0x0000000000000100
Event: 33.372 Thread 0x0000029f7cc00e10 Uncommon trap: reason=unstable_if action=reinterpret pc=0x0000029f6caa3fa0 method=java.io.ObjectInputStream$HandleTable.markDependency(II)V @ 2 c2
Event: 33.372 Thread 0x0000029f7cc00e10 DEOPT PACKING pc=0x0000029f6caa3fa0 sp=0x000000fb256fd2a0
Event: 33.372 Thread 0x0000029f7cc00e10 DEOPT UNPACKING pc=0x0000029f6c1266a3 sp=0x000000fb256fd220 mode 2
Event: 33.378 Thread 0x0000029f7cc00e10 Uncommon trap: trap_request=0xffffffde fr.pc=0x0000029f6ca6e390 relative=0x0000000000000350
Event: 33.378 Thread 0x0000029f7cc00e10 Uncommon trap: reason=class_check action=maybe_recompile pc=0x0000029f6ca6e390 method=java.io.ObjectInputStream$PeekInputStream.read()I @ 23 c2
Event: 33.378 Thread 0x0000029f7cc00e10 DEOPT PACKING pc=0x0000029f6ca6e390 sp=0x000000fb256fc9b0
Event: 33.378 Thread 0x0000029f7cc00e10 DEOPT UNPACKING pc=0x0000029f6c1266a3 sp=0x000000fb256fc930 mode 2
Event: 33.396 Thread 0x0000029f7c4d1420 Uncommon trap: trap_request=0xffffff45 fr.pc=0x0000029f6c973588 relative=0x0000000000000088
Event: 33.396 Thread 0x0000029f7c4d1420 Uncommon trap: reason=unstable_if action=reinterpret pc=0x0000029f6c973588 method=java.util.regex.Pattern.lambda$DOT$4(I)Z @ 9 c2
Event: 33.396 Thread 0x0000029f7c4d1420 DEOPT PACKING pc=0x0000029f6c973588 sp=0x000000fb23cfe650
Event: 33.396 Thread 0x0000029f7c4d1420 DEOPT UNPACKING pc=0x0000029f6c1266a3 sp=0x000000fb23cfe578 mode 2
Event: 33.421 Thread 0x0000029f7c4d1420 DEOPT PACKING pc=0x0000029f6558d04c sp=0x000000fb23cfdec0
Event: 33.421 Thread 0x0000029f7c4d1420 DEOPT UNPACKING pc=0x0000029f6c126e43 sp=0x000000fb23cfd358 mode 0

Classes unloaded (8 events):
Event: 5.468 Thread 0x0000029f75d3a300 Unloading class 0x000000010024c400 'java/lang/invoke/LambdaForm$MH+0x000000010024c400'
Event: 5.468 Thread 0x0000029f75d3a300 Unloading class 0x000000010024c000 'java/lang/invoke/LambdaForm$MH+0x000000010024c000'
Event: 5.468 Thread 0x0000029f75d3a300 Unloading class 0x000000010024bc00 'java/lang/invoke/LambdaForm$MH+0x000000010024bc00'
Event: 5.468 Thread 0x0000029f75d3a300 Unloading class 0x000000010024b800 'java/lang/invoke/LambdaForm$MH+0x000000010024b800'
Event: 5.468 Thread 0x0000029f75d3a300 Unloading class 0x000000010024b400 'java/lang/invoke/LambdaForm$BMH+0x000000010024b400'
Event: 5.468 Thread 0x0000029f75d3a300 Unloading class 0x000000010024b000 'java/lang/invoke/LambdaForm$DMH+0x000000010024b000'
Event: 5.468 Thread 0x0000029f75d3a300 Unloading class 0x0000000100248400 'java/lang/invoke/LambdaForm$DMH+0x0000000100248400'
Event: 8.252 Thread 0x0000029f75d3a300 Unloading class 0x0000000100350000 'java/lang/invoke/LambdaForm$MH+0x0000000100350000'

Classes redefined (0 events):
No events

Internal exceptions (20 events):
Event: 33.248 Thread 0x0000029f7cc00e10 Exception <a 'java/lang/NoSuchMethodError'{0x00000000eb900e78}: static Lorg/gradle/api/GradleException;.<clinit>()V> (0x00000000eb900e78) 
thrown [s\src\hotspot\share\prims\jni.cpp, line 1107]
Event: 33.248 Thread 0x0000029f7cc00e10 Exception <a 'java/lang/NoSuchMethodError'{0x00000000eb9020a0}: static Lorg/gradle/api/internal/plugins/PluginApplicationException;.<clinit>()V> (0x00000000eb9020a0) 
thrown [s\src\hotspot\share\prims\jni.cpp, line 1107]
Event: 33.256 Thread 0x0000029f7cc00e10 Exception <a 'java/lang/reflect/InvocationTargetException'{0x00000000eb9302d8}> (0x00000000eb9302d8) 
thrown [s\src\hotspot\share\runtime\reflection.cpp, line 1121]
Event: 33.309 Thread 0x0000029f7cc00e10 Exception <a 'java/lang/NoSuchMethodError'{0x00000000eb956f58}: static Lorg/gradle/api/plugins/InvalidPluginException;.<clinit>()V> (0x00000000eb956f58) 
thrown [s\src\hotspot\share\prims\jni.cpp, line 1107]
Event: 33.310 Thread 0x0000029f7cc00e10 Exception <a 'java/lang/reflect/InvocationTargetException'{0x00000000eb959bb0}> (0x00000000eb959bb0) 
thrown [s\src\hotspot\share\runtime\reflection.cpp, line 1121]
Event: 33.332 Thread 0x0000029f7cc00e10 Exception <a 'java/lang/NoSuchMethodError'{0x00000000eb9dab00}: static Lorg/gradle/internal/exceptions/ContextAwareException;.<clinit>()V> (0x00000000eb9dab00) 
thrown [s\src\hotspot\share\prims\jni.cpp, line 1107]
Event: 33.332 Thread 0x0000029f7cc00e10 Exception <a 'java/lang/NoSuchMethodError'{0x00000000eb9dca28}: static Lorg/gradle/internal/exceptions/LocationAwareException;.<clinit>()V> (0x00000000eb9dca28) 
thrown [s\src\hotspot\share\prims\jni.cpp, line 1107]
Event: 33.346 Thread 0x0000029f7cc00e10 Exception <a 'java/lang/reflect/InvocationTargetException'{0x00000000eb9e91e0}> (0x00000000eb9e91e0) 
thrown [s\src\hotspot\share\runtime\reflection.cpp, line 1121]
Event: 33.371 Thread 0x0000029f7cc00e10 Exception <a 'java/lang/NoSuchMethodError'{0x00000000eba96060}: static Lorg/gradle/internal/exceptions/DefaultMultiCauseException;.<clinit>()V> (0x00000000eba96060) 
thrown [s\src\hotspot\share\prims\jni.cpp, line 1107]
Event: 33.371 Thread 0x0000029f7cc00e10 Exception <a 'java/lang/NoSuchMethodError'{0x00000000eba992b8}: static Lorg/gradle/api/ProjectConfigurationException;.<clinit>()V> (0x00000000eba992b8) 
thrown [s\src\hotspot\share\prims\jni.cpp, line 1107]
Event: 33.372 Thread 0x0000029f7cc00e10 Exception <a 'java/lang/reflect/InvocationTargetException'{0x00000000eba9ba20}> (0x00000000eba9ba20) 
thrown [s\src\hotspot\share\runtime\reflection.cpp, line 1121]
Event: 33.378 Thread 0x0000029f7cc00e10 Exception <a 'java/lang/NoSuchMethodError'{0x00000000ebac76a8}: static Lorg/gradle/api/GradleScriptException;.<clinit>()V> (0x00000000ebac76a8) 
thrown [s\src\hotspot\share\prims\jni.cpp, line 1107]
Event: 33.379 Thread 0x0000029f7cc00e10 Exception <a 'java/lang/reflect/InvocationTargetException'{0x00000000ebac9e20}> (0x00000000ebac9e20) 
thrown [s\src\hotspot\share\runtime\reflection.cpp, line 1121]
Event: 33.380 Thread 0x0000029f7cc00e10 Exception <a 'java/lang/reflect/InvocationTargetException'{0x00000000ebad56f0}> (0x00000000ebad56f0) 
thrown [s\src\hotspot\share\runtime\reflection.cpp, line 1121]
Event: 33.382 Thread 0x0000029f7cc00e10 Exception <a 'java/lang/NoSuchMethodError'{0x00000000ebae8d48}: static Lorg/gradle/tooling/internal/protocol/InternalBuildActionFailureException;.<clinit>()V> (0x00000000ebae8d48) 
thrown [s\src\hotspot\share\prims\jni.cpp, line 1107]
Event: 33.383 Thread 0x0000029f7cc00e10 Exception <a 'java/lang/reflect/InvocationTargetException'{0x00000000ebaeb1e0}> (0x00000000ebaeb1e0) 
thrown [s\src\hotspot\share\runtime\reflection.cpp, line 1121]
Event: 33.411 Thread 0x0000029f7c4d1420 Exception <a 'java/lang/ClassNotFoundException'{0x00000000ebbb6510}: sun/misc/SharedSecrets> (0x00000000ebbb6510) 
thrown [s\src\hotspot\share\classfile\systemDictionary.cpp, line 256]
Event: 33.505 Thread 0x0000029f7c4d1420 Exception <a 'java/lang/NoSuchMethodError'{0x00000000ec004d88}: 'java.lang.Object java.lang.invoke.DirectMethodHandle$Holder.newInvokeSpecial(java.lang.Object, java.lang.Object, java.lang.Object, int)'> (0x00000000ec004d88) 
thrown [s\src\hotspot\share\interpreter\linkResolver.cpp, line 759]
Event: 33.510 Thread 0x0000029f7c4d1420 Exception <a 'java/lang/NoSuchMethodError'{0x00000000eab002d8}: 'java.lang.Object java.lang.invoke.DirectMethodHandle$Holder.invokeSpecial(java.lang.Object, java.lang.Object, java.lang.Object, java.lang.Object, int)'> (0x00000000eab002d8) 
thrown [s\src\hotspot\share\interpreter\linkResolver.cpp, line 759]
Event: 33.510 Thread 0x0000029f7c4d1420 Exception <a 'java/lang/NoSuchMethodError'{0x00000000eab03738}: 'java.lang.Object java.lang.invoke.Invokers$Holder.linkToTargetMethod(java.lang.Object, java.lang.Object, int, java.lang.Object)'> (0x00000000eab03738) 
thrown [s\src\hotspot\share\interpreter\linkResolver.cpp, line 759]

VM Operations (20 events):
Event: 32.159 Executing VM operation: Cleanup
Event: 32.159 Executing VM operation: Cleanup done
Event: 32.399 Executing VM operation: ParallelGCFailedAllocation
Event: 32.402 Executing VM operation: ParallelGCFailedAllocation done
Event: 32.798 Executing VM operation: HandshakeAllThreads
Event: 32.798 Executing VM operation: HandshakeAllThreads done
Event: 32.818 Executing VM operation: HandshakeAllThreads
Event: 32.818 Executing VM operation: HandshakeAllThreads done
Event: 32.834 Executing VM operation: HandshakeAllThreads
Event: 32.834 Executing VM operation: HandshakeAllThreads done
Event: 33.219 Executing VM operation: HandshakeAllThreads
Event: 33.220 Executing VM operation: HandshakeAllThreads done
Event: 33.230 Executing VM operation: ICBufferFull
Event: 33.231 Executing VM operation: ICBufferFull done
Event: 33.364 Executing VM operation: HandshakeAllThreads
Event: 33.364 Executing VM operation: HandshakeAllThreads done
Event: 33.505 Executing VM operation: ParallelGCFailedAllocation
Event: 33.510 Executing VM operation: ParallelGCFailedAllocation done
Event: 35.510 Executing VM operation: Cleanup
Event: 35.515 Executing VM operation: Cleanup done

Events (20 events):
Event: 33.234 Thread 0x0000029f7af5b080 flushing nmethod 0x0000029f657ba190
Event: 33.234 Thread 0x0000029f7af5b080 flushing nmethod 0x0000029f657c4010
Event: 33.234 Thread 0x0000029f7af5b080 flushing nmethod 0x0000029f65812910
Event: 33.234 Thread 0x0000029f7af5b080 flushing nmethod 0x0000029f65829110
Event: 33.385 Thread 0x0000029f7cc00e10 Thread exited: 0x0000029f7cc00e10
Event: 33.411 loading class sun/misc/SharedSecrets
Event: 33.411 loading class sun/misc/SharedSecrets done
Event: 33.411 loading class java/lang/Throwable$WrappedPrintWriter
Event: 33.411 loading class java/lang/Throwable$WrappedPrintWriter done
Event: 33.455 Thread 0x0000029f7cbfeaa0 Thread added: 0x0000029f7cbfeaa0
Event: 33.456 Thread 0x0000029f7cc02250 Thread added: 0x0000029f7cc02250
Event: 33.489 Thread 0x0000029f7cc02250 Thread exited: 0x0000029f7cc02250
Event: 33.731 Thread 0x0000029f7cbfe590 Thread added: 0x0000029f7cbfe590
Event: 33.733 Thread 0x0000029f7cc03ba0 Thread added: 0x0000029f7cc03ba0
Event: 33.779 loading class java/security/DigestInputStream
Event: 33.779 loading class java/security/DigestInputStream done
Event: 33.808 Thread 0x0000029f7cc02250 Thread added: 0x0000029f7cc02250
Event: 33.935 Thread 0x0000029f7cc00e10 Thread added: 0x0000029f7cc00e10
Event: 33.935 Thread 0x0000029f7cc01830 Thread added: 0x0000029f7cc01830
Event: 34.002 Thread 0x0000029f7cc00e10 Thread exited: 0x0000029f7cc00e10


Dynamic libraries:
0x00007ff713220000 - 0x00007ff71322e000 	c:\Users\admin\.vscode\extensions\redhat.java-1.30.0-win32-x64\jre\17.0.10-win32-x86_64\bin\java.exe
0x00007ff9a08d0000 - 0x00007ff9a0ac8000 	C:\Windows\SYSTEM32\ntdll.dll
0x00007ff99f3b0000 - 0x00007ff99f46d000 	C:\Windows\System32\KERNEL32.DLL
0x00007ff99e520000 - 0x00007ff99e816000 	C:\Windows\System32\KERNELBASE.dll
0x00007ff99df80000 - 0x00007ff99e080000 	C:\Windows\System32\ucrtbase.dll
0x00007ff987210000 - 0x00007ff987227000 	c:\Users\admin\.vscode\extensions\redhat.java-1.30.0-win32-x64\jre\17.0.10-win32-x86_64\bin\jli.dll
0x00007ff99f470000 - 0x00007ff99f60f000 	C:\Windows\System32\USER32.dll
0x00007ff99e320000 - 0x00007ff99e342000 	C:\Windows\System32\win32u.dll
0x00007ff99ea10000 - 0x00007ff99ea3b000 	C:\Windows\System32\GDI32.dll
0x00007ff99e0b0000 - 0x00007ff99e1c7000 	C:\Windows\System32\gdi32full.dll
0x00007ff99e280000 - 0x00007ff99e31d000 	C:\Windows\System32\msvcp_win.dll
0x00007ff986450000 - 0x00007ff98646b000 	c:\Users\admin\.vscode\extensions\redhat.java-1.30.0-win32-x64\jre\17.0.10-win32-x86_64\bin\VCRUNTIME140.dll
0x00007ff98ed60000 - 0x00007ff98effa000 	C:\Windows\WinSxS\amd64_microsoft.windows.common-controls_6595b64144ccf1df_6.0.19041.4355_none_60b8b9eb71f62e16\COMCTL32.dll
0x00007ff99f930000 - 0x00007ff99f9ce000 	C:\Windows\System32\msvcrt.dll
0x00007ff9a0790000 - 0x00007ff9a07c2000 	C:\Windows\System32\IMM32.DLL
0x00007ff995e50000 - 0x00007ff995e5c000 	c:\Users\admin\.vscode\extensions\redhat.java-1.30.0-win32-x64\jre\17.0.10-win32-x86_64\bin\vcruntime140_1.dll
0x00007ff9716f0000 - 0x00007ff97177d000 	c:\Users\admin\.vscode\extensions\redhat.java-1.30.0-win32-x64\jre\17.0.10-win32-x86_64\bin\msvcp140.dll
0x00007ff95d800000 - 0x00007ff95e462000 	c:\Users\admin\.vscode\extensions\redhat.java-1.30.0-win32-x64\jre\17.0.10-win32-x86_64\bin\server\jvm.dll
0x00007ff9a06e0000 - 0x00007ff9a0790000 	C:\Windows\System32\ADVAPI32.dll
0x00007ff99e970000 - 0x00007ff99ea10000 	C:\Windows\System32\sechost.dll
0x00007ff99ea40000 - 0x00007ff99eb63000 	C:\Windows\System32\RPCRT4.dll
0x00007ff99e080000 - 0x00007ff99e0a7000 	C:\Windows\System32\bcrypt.dll
0x00007ff99d4b0000 - 0x00007ff99d4fb000 	C:\Windows\SYSTEM32\POWRPROF.dll
0x00007ff994fc0000 - 0x00007ff994fc9000 	C:\Windows\SYSTEM32\WSOCK32.dll
0x00007ff99e900000 - 0x00007ff99e96b000 	C:\Windows\System32\WS2_32.dll
0x00007ff985780000 - 0x00007ff9857a7000 	C:\Windows\SYSTEM32\WINMM.dll
0x00007ff992680000 - 0x00007ff99268a000 	C:\Windows\SYSTEM32\VERSION.dll
0x00007ff99d370000 - 0x00007ff99d382000 	C:\Windows\SYSTEM32\UMPDC.dll
0x00007ff99be00000 - 0x00007ff99be12000 	C:\Windows\SYSTEM32\kernel.appcore.dll
0x00007ff994c90000 - 0x00007ff994c9a000 	c:\Users\admin\.vscode\extensions\redhat.java-1.30.0-win32-x64\jre\17.0.10-win32-x86_64\bin\jimage.dll
0x00007ff996c20000 - 0x00007ff996e04000 	C:\Windows\SYSTEM32\DBGHELP.DLL
0x00007ff9967e0000 - 0x00007ff996814000 	C:\Windows\SYSTEM32\dbgcore.DLL
0x00007ff99e870000 - 0x00007ff99e8f2000 	C:\Windows\System32\bcryptPrimitives.dll
0x00007ff994c60000 - 0x00007ff994c6e000 	c:\Users\admin\.vscode\extensions\redhat.java-1.30.0-win32-x64\jre\17.0.10-win32-x86_64\bin\instrument.dll
0x00007ff984790000 - 0x00007ff9847b5000 	c:\Users\admin\.vscode\extensions\redhat.java-1.30.0-win32-x64\jre\17.0.10-win32-x86_64\bin\java.dll
0x00007ff985e40000 - 0x00007ff985e58000 	c:\Users\admin\.vscode\extensions\redhat.java-1.30.0-win32-x64\jre\17.0.10-win32-x86_64\bin\zip.dll
0x00007ff99fa30000 - 0x00007ff9a019b000 	C:\Windows\System32\SHELL32.dll
0x00007ff99c000000 - 0x00007ff99c79d000 	C:\Windows\SYSTEM32\windows.storage.dll
0x00007ff9a0380000 - 0x00007ff9a06d3000 	C:\Windows\System32\combase.dll
0x00007ff99d9a0000 - 0x00007ff99d9ce000 	C:\Windows\SYSTEM32\Wldp.dll
0x00007ff9a01c0000 - 0x00007ff9a028d000 	C:\Windows\System32\OLEAUT32.dll
0x00007ff99eb70000 - 0x00007ff99ec1d000 	C:\Windows\System32\SHCORE.dll
0x00007ff99f9d0000 - 0x00007ff99fa25000 	C:\Windows\System32\shlwapi.dll
0x00007ff99deb0000 - 0x00007ff99ded4000 	C:\Windows\SYSTEM32\profapi.dll
0x00007ff987690000 - 0x00007ff9876a9000 	C:\Users\admin\.vscode\extensions\redhat.java-1.30.0-win32-x64\jre\17.0.10-win32-x86_64\bin\net.dll
0x00007ff994cd0000 - 0x00007ff994dda000 	C:\Windows\SYSTEM32\WINHTTP.dll
0x00007ff99d700000 - 0x00007ff99d76a000 	C:\Windows\system32\mswsock.dll
0x00007ff985410000 - 0x00007ff985426000 	C:\Users\admin\.vscode\extensions\redhat.java-1.30.0-win32-x64\jre\17.0.10-win32-x86_64\bin\nio.dll
0x00007ff994bc0000 - 0x00007ff994bd0000 	c:\Users\admin\.vscode\extensions\redhat.java-1.30.0-win32-x64\jre\17.0.10-win32-x86_64\bin\verify.dll
0x00007ff986700000 - 0x00007ff98673e000 	C:\Users\admin\AppData\Roaming\Code\User\globalStorage\redhat.java\1.30.0\config_win\org.eclipse.equinox.launcher\org.eclipse.equinox.launcher.win32.win32.x86_64_1.2.900.v20240213-1244\eclipse_11900.dll
0x00007ff99f800000 - 0x00007ff99f92b000 	C:\Windows\System32\ole32.dll
0x00007ff99d8f0000 - 0x00007ff99d908000 	C:\Windows\SYSTEM32\CRYPTSP.dll
0x00007ff99cfb0000 - 0x00007ff99cfe4000 	C:\Windows\system32\rsaenh.dll
0x00007ff99de60000 - 0x00007ff99de8e000 	C:\Windows\SYSTEM32\USERENV.dll
0x00007ff99d910000 - 0x00007ff99d91c000 	C:\Windows\SYSTEM32\CRYPTBASE.dll
0x00007ff99d390000 - 0x00007ff99d3cb000 	C:\Windows\SYSTEM32\IPHLPAPI.DLL
0x00007ff9a0290000 - 0x00007ff9a0298000 	C:\Windows\System32\NSI.dll
0x00007ff995ee0000 - 0x00007ff995ef7000 	C:\Windows\SYSTEM32\dhcpcsvc6.DLL
0x00007ff996320000 - 0x00007ff99633d000 	C:\Windows\SYSTEM32\dhcpcsvc.DLL
0x00007ff99d3d0000 - 0x00007ff99d49b000 	C:\Windows\SYSTEM32\DNSAPI.dll
0x00007ff983940000 - 0x00007ff983985000 	C:\Users\admin\AppData\Local\Temp\jna-92668751\jna15350526395912350533.dll
0x00007ff99f7f0000 - 0x00007ff99f7f8000 	C:\Windows\System32\PSAPI.DLL
0x00007ff987d70000 - 0x00007ff987d97000 	C:\Users\admin\.gradle\native\c067742578af261105cb4f569cf0c3c89f3d7b1fecec35dd04571415982c5e48\windows-amd64\native-platform.dll
0x00007ff999c30000 - 0x00007ff999c39000 	C:\Users\admin\.vscode\extensions\redhat.java-1.30.0-win32-x64\jre\17.0.10-win32-x86_64\bin\management.dll
0x00007ff994f20000 - 0x00007ff994f2b000 	C:\Users\admin\.vscode\extensions\redhat.java-1.30.0-win32-x64\jre\17.0.10-win32-x86_64\bin\management_ext.dll
0x00007ff98f040000 - 0x00007ff98f049000 	C:\Users\admin\.vscode\extensions\redhat.java-1.30.0-win32-x64\jre\17.0.10-win32-x86_64\bin\extnet.dll
0x00007ff98f010000 - 0x00007ff98f01e000 	C:\Users\admin\.vscode\extensions\redhat.java-1.30.0-win32-x64\jre\17.0.10-win32-x86_64\bin\sunmscapi.dll
0x00007ff99e3c0000 - 0x00007ff99e51e000 	C:\Windows\System32\CRYPT32.dll
0x00007ff99da10000 - 0x00007ff99da39000 	C:\Windows\SYSTEM32\ncrypt.dll
0x00007ff99d9d0000 - 0x00007ff99da0b000 	C:\Windows\SYSTEM32\NTASN1.dll
0x00007ff982f40000 - 0x00007ff982f47000 	C:\Windows\system32\wshunix.dll

dbghelp: loaded successfully - version: 4.0.5 - missing functions: none
symbol engine: initialized successfully - sym options: 0x614 - pdb path: .;c:\Users\admin\.vscode\extensions\redhat.java-1.30.0-win32-x64\jre\17.0.10-win32-x86_64\bin;C:\Windows\SYSTEM32;C:\Windows\WinSxS\amd64_microsoft.windows.common-controls_6595b64144ccf1df_6.0.19041.4355_none_60b8b9eb71f62e16;c:\Users\admin\.vscode\extensions\redhat.java-1.30.0-win32-x64\jre\17.0.10-win32-x86_64\bin\server;C:\Users\admin\AppData\Roaming\Code\User\globalStorage\redhat.java\1.30.0\config_win\org.eclipse.equinox.launcher\org.eclipse.equinox.launcher.win32.win32.x86_64_1.2.900.v20240213-1244;C:\Users\admin\AppData\Local\Temp\jna-92668751;C:\Users\admin\.gradle\native\c067742578af261105cb4f569cf0c3c89f3d7b1fecec35dd04571415982c5e48\windows-amd64

VM Arguments:
jvm_args: --add-modules=ALL-SYSTEM --add-opens=java.base/java.util=ALL-UNNAMED --add-opens=java.base/java.lang=ALL-UNNAMED --add-opens=java.base/sun.nio.fs=ALL-UNNAMED -Declipse.application=org.eclipse.jdt.ls.core.id1 -Dosgi.bundles.defaultStartLevel=4 -Declipse.product=org.eclipse.jdt.ls.core.product -Djava.import.generatesMetadataFilesAtProjectRoot=false -DDetectVMInstallationsJob.disabled=true -Dfile.encoding=utf8 -XX:+UseParallelGC -XX:GCTimeRatio=4 -XX:AdaptiveSizePolicyWeight=90 -Dsun.zip.disableMemoryMapping=true -Xmx1G -Xms100m -Xlog:disable -javaagent:c:\Users\admin\.vscode\extensions\redhat.java-1.30.0-win32-x64\lombok\lombok-1.18.32.jar -XX:+HeapDumpOnOutOfMemoryError -XX:HeapDumpPath=c:\Users\admin\AppData\Roaming\Code\User\workspaceStorage\01c3cbbe7c281a8bd81db7b73daf7220\redhat.java -Daether.dependencyCollector.impl=bf 
java_command: c:\Users\admin\.vscode\extensions\redhat.java-1.30.0-win32-x64\server\plugins\org.eclipse.equinox.launcher_1.6.800.v20240330-1250.jar -configuration c:\Users\admin\AppData\Roaming\Code\User\globalStorage\redhat.java\1.30.0\config_win -data c:\Users\admin\AppData\Roaming\Code\User\workspaceStorage\01c3cbbe7c281a8bd81db7b73daf7220\redhat.java\jdt_ws --pipe=\\.\pipe\lsp-5723be5fa706ed15c533a158ef3989a1-sock
java_class_path (initial): c:\Users\admin\.vscode\extensions\redhat.java-1.30.0-win32-x64\server\plugins\org.eclipse.equinox.launcher_1.6.800.v20240330-1250.jar
Launcher Type: SUN_STANDARD

[Global flags]
    uintx AdaptiveSizePolicyWeight                 = 90                                        {product} {command line}
     intx CICompilerCount                          = 3                                         {product} {ergonomic}
    uintx GCTimeRatio                              = 4                                         {product} {command line}
     bool HeapDumpOnOutOfMemoryError               = true                                   {manageable} {command line}
    ccstr HeapDumpPath                             = c:\Users\admin\AppData\Roaming\Code\User\workspaceStorage\01c3cbbe7c281a8bd81db7b73daf7220\redhat.java         {manageable} {command line}
   size_t InitialHeapSize                          = 104857600                                 {product} {command line}
   size_t MaxHeapSize                              = 1073741824                                {product} {command line}
   size_t MaxNewSize                               = 357564416                                 {product} {ergonomic}
   size_t MinHeapDeltaBytes                        = 524288                                    {product} {ergonomic}
   size_t MinHeapSize                              = 104857600                                 {product} {command line}
   size_t NewSize                                  = 34603008                                  {product} {ergonomic}
    uintx NonNMethodCodeHeapSize                   = 5832780                                {pd product} {ergonomic}
    uintx NonProfiledCodeHeapSize                  = 122912730                              {pd product} {ergonomic}
   size_t OldSize                                  = 70254592                                  {product} {ergonomic}
    uintx ProfiledCodeHeapSize                     = 122912730                              {pd product} {ergonomic}
    uintx ReservedCodeCacheSize                    = 251658240                              {pd product} {ergonomic}
     bool SegmentedCodeCache                       = true                                      {product} {ergonomic}
   size_t SoftMaxHeapSize                          = 1073741824                             {manageable} {ergonomic}
     bool UseCompressedClassPointers               = true                           {product lp64_product} {ergonomic}
     bool UseCompressedOops                        = true                           {product lp64_product} {ergonomic}
     bool UseLargePagesIndividualAllocation        = false                                  {pd product} {ergonomic}
     bool UseParallelGC                            = true                                      {product} {command line}

Logging:
Log output configuration:
 #0: stdout all=off uptime,level,tags
 #1: stderr all=off uptime,level,tags

Environment Variables:
JAVA_HOME=C:\Program Files\Java\jre-1.8
PATH=C:\Program Files\Common Files\Oracle\Java\javapath;C:\Program Files (x86)\Common Files\Oracle\Java\javapath;C:\Windows\system32;C:\Windows;C:\Windows\System32\Wbem;C:\Windows\System32\WindowsPowerShell\v1.0\;C:\Windows\System32\OpenSSH\;C:\Program Files\Java\jdk-22\bin;C:\Program Files\Java\jre-1.8\bin;C:\Program Files\MongoDB\Server\mongosh-2.2.3-win32-x64\bin;C:\Program Files\Git\cmd;C:\Users\admin\AppData\Local\Android\Sdk\emulator;C:\Users\admin\AppData\Local\Programs\Python\Python312\Scripts\;C:\Users\admin\AppData\Local\Programs\Python\Python312\;C:\Users\admin\AppData\Local\Microsoft\WindowsApps;C:\Program Files\Java\jdk-22\bin;C:\Program Files\Java\jre-1.8\bin;C:\Program Files\MongoDB\Server\mongosh-2.2.3-win32-x64\bin;C:\Users\admin\AppData\Local\Programs\Microsoft VS Code\bin;C:\src\flutter\bin;C:\Users\admin\AppData\Local\Android\Sdk\tools\bin;
USERNAME=admin
OS=Windows_NT
PROCESSOR_IDENTIFIER=Intel64 Family 6 Model 42 Stepping 7, GenuineIntel
TMP=C:\Users\admin\AppData\Local\Temp
TEMP=C:\Users\admin\AppData\Local\Temp



Periodic native trim disabled


---------------  S Y S T E M  ---------------

OS:
 Windows 10 , 64 bit Build 19041 (10.0.19041.3636)
OS uptime: 3 days 4:52 hours

CPU: total 4 (initial active 4) (2 cores per cpu, 2 threads per core) family 6 model 42 stepping 7 microcode 0x2f, cx8, cmov, fxsr, ht, mmx, sse, sse2, sse3, ssse3, sse4.1, sse4.2, popcnt, tsc, tscinvbit, avx, aes, clmul, vzeroupper, clflush
Processor Information for all 4 processors :
  Max Mhz: 2301, Current Mhz: 2301, Mhz Limit: 2301

Memory: 4k page, system-wide physical 4011M (199M free)
TotalPageFile size 11573M (AvailPageFile size 0M)
current process WorkingSet (physical memory assigned to process): 263M, peak: 267M
current process commit charge ("private bytes"): 324M, peak: 328M

vm_info: OpenJDK 64-Bit Server VM (17.0.10+7) for windows-amd64 JRE (17.0.10+7), built on Jan 16 2024 23:25:11 by "admin" with MS VC++ 16.10 / 16.11 (VS2019)

END.
