#
# There is insufficient memory for the Java Runtime Environment to continue.
# Native memory allocation (malloc) failed to allocate 1309296 bytes for Chunk::new
# Possible reasons:
#   The system is out of physical RAM or swap space
#   The process is running with CompressedOops enabled, and the Java Heap may be blocking the growth of the native heap
# Possible solutions:
#   Reduce memory load on the system
#   Increase physical memory or swap space
#   Check if swap backing store is full
#   Decrease Java heap size (-Xmx/-Xms)
#   Decrease number of Java threads
#   Decrease Java thread stack sizes (-Xss)
#   Set larger code cache with -XX:ReservedCodeCacheSize=
#   JVM is running with Unscaled Compressed Oops mode in which the Java heap is
#     placed in the first 4GB address space. The Java Heap base address is the
#     maximum limit for the native heap growth. Please use -XX:HeapBaseMinAddress
#     to set the Java Heap base and to place the Java Heap above 4GB virtual address.
# This output file may be truncated or incomplete.
#
#  Out of Memory Error (arena.cpp:191), pid=6280, tid=108
#
# JRE version: OpenJDK Runtime Environment Temurin-17.0.10+7 (17.0.10+7) (build 17.0.10+7)
# Java VM: OpenJDK 64-Bit Server VM Temurin-17.0.10+7 (17.0.10+7, mixed mode, tiered, compressed oops, compressed class ptrs, parallel gc, windows-amd64)
# No core dump will be written. Minidumps are not enabled by default on client versions of Windows
#

---------------  S U M M A R Y ------------

Command Line: --add-modules=ALL-SYSTEM --add-opens=java.base/java.util=ALL-UNNAMED --add-opens=java.base/java.lang=ALL-UNNAMED --add-opens=java.base/sun.nio.fs=ALL-UNNAMED -Declipse.application=org.eclipse.jdt.ls.core.id1 -Dosgi.bundles.defaultStartLevel=4 -Declipse.product=org.eclipse.jdt.ls.core.product -Djava.import.generatesMetadataFilesAtProjectRoot=false -DDetectVMInstallationsJob.disabled=true -Dfile.encoding=utf8 -XX:+UseParallelGC -XX:GCTimeRatio=4 -XX:AdaptiveSizePolicyWeight=90 -Dsun.zip.disableMemoryMapping=true -Xmx1G -Xms100m -Xlog:disable -javaagent:c:\Users\admin\.vscode\extensions\redhat.java-1.30.0-win32-x64\lombok\lombok-1.18.32.jar -XX:+HeapDumpOnOutOfMemoryError -XX:HeapDumpPath=c:\Users\admin\AppData\Roaming\Code\User\workspaceStorage\01c3cbbe7c281a8bd81db7b73daf7220\redhat.java -Daether.dependencyCollector.impl=bf c:\Users\admin\.vscode\extensions\redhat.java-1.30.0-win32-x64\server\plugins\org.eclipse.equinox.launcher_1.6.800.v20240330-1250.jar -configuration c:\Users\admin\AppData\Roaming\Code\User\globalStorage\redhat.java\1.30.0\config_win -data c:\Users\admin\AppData\Roaming\Code\User\workspaceStorage\01c3cbbe7c281a8bd81db7b73daf7220\redhat.java\jdt_ws --pipe=\\.\pipe\lsp-fc0387e04294c23963a455725b91b751-sock

Host: Intel(R) Core(TM) i5-2410M CPU @ 2.30GHz, 4 cores, 3G,  Windows 10 , 64 bit Build 19041 (10.0.19041.3636)
Time: Mon May 20 00:52:33 2024 Afr. centrale Ouest elapsed time: 32.086039 seconds (0d 0h 0m 32s)

---------------  T H R E A D  ---------------

Current thread (0x000002657096e4d0):  JavaThread "C2 CompilerThread0" daemon [_thread_in_native, id=108, stack(0x0000007a90100000,0x0000007a90200000)]


Current CompileTask:
C2:  32086 6218       4       jdk.internal.org.objectweb.asm.Frame::execute (2318 bytes)

Stack: [0x0000007a90100000,0x0000007a90200000]
Native frames: (J=compiled Java code, j=interpreted, Vv=VM code, C=native code)
V  [jvm.dll+0x67d2c9]
V  [jvm.dll+0x834afa]
V  [jvm.dll+0x8365be]
V  [jvm.dll+0x836c23]
V  [jvm.dll+0x2477ff]
V  [jvm.dll+0xac514]
V  [jvm.dll+0xacb5c]
V  [jvm.dll+0x366782]
V  [jvm.dll+0x330bfa]
V  [jvm.dll+0x33009a]
V  [jvm.dll+0x219ef1]
V  [jvm.dll+0x219311]
V  [jvm.dll+0x1a502d]
V  [jvm.dll+0x2290de]
V  [jvm.dll+0x2272ac]
V  [jvm.dll+0x7e9bb7]
V  [jvm.dll+0x7e3fba]
V  [jvm.dll+0x67c1b5]
C  [ucrtbase.dll+0x21bb2]
C  [KERNEL32.DLL+0x17344]
C  [ntdll.dll+0x526b1]


---------------  P R O C E S S  ---------------

Threads class SMR info:
_java_thread_list=0x000002657856b5e0, length=37, elements={
0x000002655cb02140, 0x000002655cbb9620, 0x000002655cbbacd0, 0x000002657096a270,
0x000002657096b000, 0x000002657096bd90, 0x000002657096d8d0, 0x000002657096e4d0,
0x0000026575b14460, 0x0000026575b17130, 0x000002657087bd70, 0x0000026575dbe840,
0x0000026575ede7c0, 0x00000265766062e0, 0x00000265761e0480, 0x0000026576a90c20,
0x00000265768ab990, 0x00000265760adb00, 0x00000265760ad0e0, 0x00000265760ae520,
0x00000265760afe70, 0x00000265760aea30, 0x00000265760ad5f0, 0x00000265760ac6c0,
0x00000265760aef40, 0x00000265760af450, 0x00000265760acbd0, 0x000002657788d1c0,
0x000002657788d6d0, 0x0000026577889a10, 0x0000026577889f20, 0x000002657788fa40,
0x000002657788a430, 0x000002657788c7a0, 0x000002657788bd80, 0x0000026577888ff0,
0x00000265778885d0
}

Java Threads: ( => current thread )
  0x000002655cb02140 JavaThread "main" [_thread_blocked, id=10020, stack(0x0000007a8f800000,0x0000007a8f900000)]
  0x000002655cbb9620 JavaThread "Reference Handler" daemon [_thread_blocked, id=13444, stack(0x0000007a8fb00000,0x0000007a8fc00000)]
  0x000002655cbbacd0 JavaThread "Finalizer" daemon [_thread_blocked, id=13372, stack(0x0000007a8fc00000,0x0000007a8fd00000)]
  0x000002657096a270 JavaThread "Signal Dispatcher" daemon [_thread_blocked, id=9976, stack(0x0000007a8fd00000,0x0000007a8fe00000)]
  0x000002657096b000 JavaThread "Attach Listener" daemon [_thread_blocked, id=13920, stack(0x0000007a8fe00000,0x0000007a8ff00000)]
  0x000002657096bd90 JavaThread "Service Thread" daemon [_thread_blocked, id=12464, stack(0x0000007a8ff00000,0x0000007a90000000)]
  0x000002657096d8d0 JavaThread "Monitor Deflation Thread" daemon [_thread_blocked, id=10248, stack(0x0000007a90000000,0x0000007a90100000)]
=>0x000002657096e4d0 JavaThread "C2 CompilerThread0" daemon [_thread_in_native, id=108, stack(0x0000007a90100000,0x0000007a90200000)]
  0x0000026575b14460 JavaThread "C1 CompilerThread0" daemon [_thread_blocked, id=5436, stack(0x0000007a90200000,0x0000007a90300000)]
  0x0000026575b17130 JavaThread "Sweeper thread" daemon [_thread_blocked, id=6784, stack(0x0000007a90300000,0x0000007a90400000)]
  0x000002657087bd70 JavaThread "Common-Cleaner" daemon [_thread_blocked, id=4668, stack(0x0000007a90400000,0x0000007a90500000)]
  0x0000026575dbe840 JavaThread "Notification Thread" daemon [_thread_blocked, id=8756, stack(0x0000007a90500000,0x0000007a90600000)]
  0x0000026575ede7c0 JavaThread "Active Thread: Equinox Container: 9cc39fa0-ba42-40e0-a17e-f5d79e6ce4e4" [_thread_blocked, id=10044, stack(0x0000007a90a00000,0x0000007a90b00000)]
  0x00000265766062e0 JavaThread "Framework Event Dispatcher: Equinox Container: 9cc39fa0-ba42-40e0-a17e-f5d79e6ce4e4" daemon [_thread_blocked, id=4476, stack(0x0000007a90b00000,0x0000007a90c00000)]
  0x00000265761e0480 JavaThread "Start Level: Equinox Container: 9cc39fa0-ba42-40e0-a17e-f5d79e6ce4e4" daemon [_thread_blocked, id=14616, stack(0x0000007a90c00000,0x0000007a90d00000)]
  0x0000026576a90c20 JavaThread "Bundle File Closer" daemon [_thread_blocked, id=1808, stack(0x0000007a90d00000,0x0000007a90e00000)]
  0x00000265768ab990 JavaThread "SCR Component Actor" daemon [_thread_blocked, id=2244, stack(0x0000007a90e00000,0x0000007a90f00000)]
  0x00000265760adb00 JavaThread "Worker-JM" [_thread_blocked, id=7436, stack(0x0000007a91000000,0x0000007a91100000)]
  0x00000265760ad0e0 JavaThread "Worker-0" [_thread_blocked, id=6132, stack(0x0000007a91100000,0x0000007a91200000)]
  0x00000265760ae520 JavaThread "Worker-1: Initialize Workspace" [_thread_blocked, id=8908, stack(0x0000007a91200000,0x0000007a91300000)]
  0x00000265760afe70 JavaThread "Worker-2: Synchronize Gradle projects with workspace" [_thread_blocked, id=4716, stack(0x0000007a91300000,0x0000007a91400000)]
  0x00000265760aea30 JavaThread "Worker-3" [_thread_blocked, id=8516, stack(0x0000007a91400000,0x0000007a91500000)]
  0x00000265760ad5f0 JavaThread "Java indexing" daemon [_thread_blocked, id=9720, stack(0x0000007a91500000,0x0000007a91600000)]
  0x00000265760ac6c0 JavaThread "JNA Cleaner" daemon [_thread_blocked, id=14100, stack(0x0000007a90f00000,0x0000007a91000000)]
  0x00000265760aef40 JavaThread "Thread-2" daemon [_thread_in_native, id=11072, stack(0x0000007a91800000,0x0000007a91900000)]
  0x00000265760af450 JavaThread "Thread-3" daemon [_thread_in_native, id=12780, stack(0x0000007a91900000,0x0000007a91a00000)]
  0x00000265760acbd0 JavaThread "Thread-4" daemon [_thread_in_native, id=9180, stack(0x0000007a91a00000,0x0000007a91b00000)]
  0x000002657788d1c0 JavaThread "Thread-5" daemon [_thread_in_native, id=4548, stack(0x0000007a91b00000,0x0000007a91c00000)]
  0x000002657788d6d0 JavaThread "Thread-6" daemon [_thread_in_native, id=1088, stack(0x0000007a91c00000,0x0000007a91d00000)]
  0x0000026577889a10 JavaThread "pool-2-thread-1" [_thread_blocked, id=7476, stack(0x0000007a91d00000,0x0000007a91e00000)]
  0x0000026577889f20 JavaThread "WorkspaceEventsHandler" [_thread_blocked, id=6652, stack(0x0000007a91e00000,0x0000007a91f00000)]
  0x000002657788fa40 JavaThread "pool-1-thread-1" [_thread_blocked, id=8352, stack(0x0000007a91f00000,0x0000007a92000000)]
  0x000002657788a430 JavaThread "Timer-0" [_thread_blocked, id=10260, stack(0x0000007a92000000,0x0000007a92100000)]
  0x000002657788c7a0 JavaThread "Timer-1" [_thread_blocked, id=13736, stack(0x0000007a92100000,0x0000007a92200000)]
  0x000002657788bd80 JavaThread "Connection worker" [_thread_blocked, id=10084, stack(0x0000007a92200000,0x0000007a92300000)]
  0x0000026577888ff0 JavaThread "Timer-2" [_thread_blocked, id=240, stack(0x0000007a92300000,0x0000007a92400000)]
  0x00000265778885d0 JavaThread "Connection worker" [_thread_blocked, id=1880, stack(0x0000007a92400000,0x0000007a92500000)]

Other Threads:
  0x0000026570932220 VMThread "VM Thread" [stack: 0x0000007a8fa00000,0x0000007a8fb00000] [id=14620]
  0x0000026575dd5dd0 WatcherThread [stack: 0x0000007a90600000,0x0000007a90700000] [id=14596]
  0x000002655cb16c30 GCTaskThread "GC Thread#0" [stack: 0x0000007a8f900000,0x0000007a8fa00000] [id=12084]
  0x0000026575e84c70 GCTaskThread "GC Thread#1" [stack: 0x0000007a90700000,0x0000007a90800000] [id=9620]
  0x000002657626c040 GCTaskThread "GC Thread#2" [stack: 0x0000007a90800000,0x0000007a90900000] [id=2108]
  0x000002657626c300 GCTaskThread "GC Thread#3" [stack: 0x0000007a90900000,0x0000007a90a00000] [id=14032]

Threads with active compile tasks:
C2 CompilerThread0    32187 6218       4       jdk.internal.org.objectweb.asm.Frame::execute (2318 bytes)
C1 CompilerThread0    32187 6235       1       org.gradle.tooling.internal.adapter.MethodInvocation::found (5 bytes)

VM state: at safepoint (normal execution)

VM Mutex/Monitor currently owned by a thread:  ([mutex/lock_event])
[0x000002655cafe0b0] Threads_lock - owner thread: 0x0000026570932220
[0x000002655caff4f0] Heap_lock - owner thread: 0x00000265778885d0

Heap address: 0x00000000c0000000, size: 1024 MB, Compressed Oops mode: 32-bit

CDS archive(s) not mapped
Compressed class space mapped at: 0x0000000100000000-0x0000000140000000, reserved size: 1073741824
Narrow klass base: 0x0000000000000000, Narrow klass shift: 3, Narrow klass range: 0x140000000

GC Precious Log:
 CPUs: 4 total, 4 available
 Memory: 4011M
 Large Page Support: Disabled
 NUMA Support: Disabled
 Compressed Oops: Enabled (32-bit)
 Alignments: Space 512K, Generation 512K, Heap 2M
 Heap Min Capacity: 100M
 Heap Initial Capacity: 100M
 Heap Max Capacity: 1G
 Pre-touch: Disabled
 Parallel Workers: 4

Heap:
 PSYoungGen      total 23040K, used 576K [0x00000000eab00000, 0x00000000ec700000, 0x0000000100000000)
  eden space 22016K, 0% used [0x00000000eab00000,0x00000000eab00000,0x00000000ec080000)
  from space 1024K, 56% used [0x00000000ec600000,0x00000000ec690000,0x00000000ec700000)
  to   space 2560K, 0% used [0x00000000ec200000,0x00000000ec200000,0x00000000ec480000)
 ParOldGen       total 68608K, used 43430K [0x00000000c0000000, 0x00000000c4300000, 0x00000000eab00000)
  object space 68608K, 63% used [0x00000000c0000000,0x00000000c2a699b0,0x00000000c4300000)
 Metaspace       used 58852K, committed 59776K, reserved 1114112K
  class space    used 6796K, committed 7232K, reserved 1048576K

Card table byte_map: [0x000002655c4d0000,0x000002655c6e0000] _byte_map_base: 0x000002655bed0000

Marking Bits: (ParMarkBitMap*) 0x00007ff95e39d7d0
 Begin Bits: [0x000002656e7a0000, 0x000002656f7a0000)
 End Bits:   [0x000002656f7a0000, 0x00000265707a0000)

Polling page: 0x000002655c2c0000

Metaspace:

Usage:
  Non-class:     50.84 MB used.
      Class:      6.64 MB used.
       Both:     57.47 MB used.

Virtual space:
  Non-class space:       64.00 MB reserved,      51.31 MB ( 80%) committed,  1 nodes.
      Class space:        1.00 GB reserved,       7.06 MB ( <1%) committed,  1 nodes.
             Both:        1.06 GB reserved,      58.38 MB (  5%) committed. 

Chunk freelists:
   Non-Class:  11.81 MB
       Class:  8.83 MB
        Both:  20.64 MB

MaxMetaspaceSize: unlimited
CompressedClassSpaceSize: 1.00 GB
Initial GC threshold: 21.00 MB
Current GC threshold: 58.38 MB
CDS: off
MetaspaceReclaimPolicy: balanced
 - commit_granule_bytes: 65536.
 - commit_granule_words: 8192.
 - virtual_space_node_default_size: 8388608.
 - enlarge_chunks_in_place: 1.
 - new_chunks_are_fully_committed: 0.
 - uncommit_free_chunks: 1.
 - use_allocation_guard: 0.
 - handle_deallocations: 1.


Internal statistics:

num_allocs_failed_limit: 9.
num_arena_births: 602.
num_arena_deaths: 30.
num_vsnodes_births: 2.
num_vsnodes_deaths: 0.
num_space_committed: 934.
num_space_uncommitted: 0.
num_chunks_returned_to_freelist: 45.
num_chunks_taken_from_freelist: 2908.
num_chunk_merges: 16.
num_chunk_splits: 1814.
num_chunks_enlarged: 1083.
num_inconsistent_stats: 0.

CodeHeap 'non-profiled nmethods': size=120000Kb used=2533Kb max_used=2533Kb free=117466Kb
 bounds [0x0000026567270000, 0x00000265674f0000, 0x000002656e7a0000]
CodeHeap 'profiled nmethods': size=120000Kb used=11016Kb max_used=11794Kb free=108984Kb
 bounds [0x000002655f7a0000, 0x0000026560330000, 0x0000026566cd0000]
CodeHeap 'non-nmethods': size=5760Kb used=1307Kb max_used=1345Kb free=4452Kb
 bounds [0x0000026566cd0000, 0x0000026566f40000, 0x0000026567270000]
 total_blobs=6050 nmethods=5407 adapters=557
 compilation: enabled
              stopped_count=0, restarted_count=0
 full_count=0

Compilation events (20 events):
Event: 31.683 Thread 0x0000026575b14460 nmethod 6209 0x000002655f984490 code [0x000002655f984660, 0x000002655f9849a8]
Event: 31.683 Thread 0x000002657096e4d0 6210       4       java.util.regex.Pattern::atom (422 bytes)
Event: 31.683 Thread 0x0000026575b14460 6211       3       org.gradle.wrapper.BootstrapMainStarter$1::accept (7 bytes)
Event: 31.683 Thread 0x0000026575b14460 nmethod 6211 0x000002655f983c90 code [0x000002655f983e80, 0x000002655f984248]
Event: 31.687 Thread 0x0000026575b14460 6213       3       java.io.File::compareTo (9 bytes)
Event: 31.687 Thread 0x0000026575b14460 nmethod 6213 0x000002655f983490 code [0x000002655f983660, 0x000002655f983a88]
Event: 31.687 Thread 0x0000026575b14460 6214       3       org.gradle.internal.classpath.DefaultClassPath$ImmutableUniqueList$Builder::add (57 bytes)
Event: 31.688 Thread 0x0000026575b14460 nmethod 6214 0x000002655f982c90 code [0x000002655f982e60, 0x000002655f9832f8]
Event: 31.704 Thread 0x0000026575b14460 6215       3       sun.reflect.generics.repository.AbstractRepository::<init> (19 bytes)
Event: 31.704 Thread 0x0000026575b14460 nmethod 6215 0x000002655f982790 code [0x000002655f982940, 0x000002655f982ba8]
Event: 31.707 Thread 0x0000026575b14460 6216       3       java.lang.reflect.Proxy$ProxyBuilder::ensureAccess (39 bytes)
Event: 31.708 Thread 0x0000026575b14460 nmethod 6216 0x000002655f86ec90 code [0x000002655f86eee0, 0x000002655f86f728]
Event: 31.708 Thread 0x0000026575b14460 6217       3       java.lang.System$2::join (11 bytes)
Event: 31.711 Thread 0x0000026575b14460 nmethod 6217 0x000002655f86c810 code [0x000002655f86cb80, 0x000002655f86e158]
Event: 31.741 Thread 0x0000026575b14460 6219       1       java.util.Collections$EmptySet::contains (2 bytes)
Event: 31.742 Thread 0x0000026575b14460 nmethod 6219 0x00000265674e6b10 code [0x00000265674e6ca0, 0x00000265674e6d78]
Event: 31.752 Thread 0x000002657096e4d0 nmethod 6210 0x00000265674e6e10 code [0x00000265674e7060, 0x00000265674e8438]
Event: 31.752 Thread 0x000002657096e4d0 6218       4       jdk.internal.org.objectweb.asm.Frame::execute (2318 bytes)
Event: 31.858 Thread 0x0000026575b14460 6220       3       java.io.File::getCanonicalFile (38 bytes)
Event: 31.859 Thread 0x0000026575b14460 nmethod 6220 0x000002655facd310 code [0x000002655facd520, 0x000002655facdab8]

GC Heap History (20 events):
Event: 26.440 GC heap before
{Heap before GC invocations=20 (full 2):
 PSYoungGen      total 23552K, used 23533K [0x00000000eab00000, 0x00000000ec780000, 0x0000000100000000)
  eden space 22016K, 99% used [0x00000000eab00000,0x00000000ec07dd28,0x00000000ec080000)
  from space 1536K, 99% used [0x00000000ec380000,0x00000000ec4fd998,0x00000000ec500000)
  to   space 2560K, 0% used [0x00000000ec500000,0x00000000ec500000,0x00000000ec780000)
 ParOldGen       total 68608K, used 19997K [0x00000000c0000000, 0x00000000c4300000, 0x00000000eab00000)
  object space 68608K, 29% used [0x00000000c0000000,0x00000000c13874f0,0x00000000c4300000)
 Metaspace       used 52728K, committed 53632K, reserved 1114112K
  class space    used 5804K, committed 6208K, reserved 1048576K
}
Event: 26.444 GC heap after
{Heap after GC invocations=20 (full 2):
 PSYoungGen      total 23040K, used 960K [0x00000000eab00000, 0x00000000ec600000, 0x0000000100000000)
  eden space 22016K, 0% used [0x00000000eab00000,0x00000000eab00000,0x00000000ec080000)
  from space 1024K, 93% used [0x00000000ec500000,0x00000000ec5f0000,0x00000000ec600000)
  to   space 2048K, 0% used [0x00000000ec200000,0x00000000ec200000,0x00000000ec400000)
 ParOldGen       total 68608K, used 21535K [0x00000000c0000000, 0x00000000c4300000, 0x00000000eab00000)
  object space 68608K, 31% used [0x00000000c0000000,0x00000000c1507f70,0x00000000c4300000)
 Metaspace       used 52728K, committed 53632K, reserved 1114112K
  class space    used 5804K, committed 6208K, reserved 1048576K
}
Event: 26.888 GC heap before
{Heap before GC invocations=21 (full 2):
 PSYoungGen      total 23040K, used 22976K [0x00000000eab00000, 0x00000000ec600000, 0x0000000100000000)
  eden space 22016K, 100% used [0x00000000eab00000,0x00000000ec080000,0x00000000ec080000)
  from space 1024K, 93% used [0x00000000ec500000,0x00000000ec5f0000,0x00000000ec600000)
  to   space 2048K, 0% used [0x00000000ec200000,0x00000000ec200000,0x00000000ec400000)
 ParOldGen       total 68608K, used 21535K [0x00000000c0000000, 0x00000000c4300000, 0x00000000eab00000)
  object space 68608K, 31% used [0x00000000c0000000,0x00000000c1507f70,0x00000000c4300000)
 Metaspace       used 53140K, committed 54080K, reserved 1114112K
  class space    used 5843K, committed 6208K, reserved 1048576K
}
Event: 26.893 GC heap after
{Heap after GC invocations=21 (full 2):
 PSYoungGen      total 24064K, used 2017K [0x00000000eab00000, 0x00000000ecf80000, 0x0000000100000000)
  eden space 22016K, 0% used [0x00000000eab00000,0x00000000eab00000,0x00000000ec080000)
  from space 2048K, 98% used [0x00000000ec200000,0x00000000ec3f8650,0x00000000ec400000)
  to   space 7680K, 0% used [0x00000000ec800000,0x00000000ec800000,0x00000000ecf80000)
 ParOldGen       total 68608K, used 25899K [0x00000000c0000000, 0x00000000c4300000, 0x00000000eab00000)
  object space 68608K, 37% used [0x00000000c0000000,0x00000000c194afa8,0x00000000c4300000)
 Metaspace       used 53140K, committed 54080K, reserved 1114112K
  class space    used 5843K, committed 6208K, reserved 1048576K
}
Event: 27.014 GC heap before
{Heap before GC invocations=22 (full 2):
 PSYoungGen      total 24064K, used 24033K [0x00000000eab00000, 0x00000000ecf80000, 0x0000000100000000)
  eden space 22016K, 100% used [0x00000000eab00000,0x00000000ec080000,0x00000000ec080000)
  from space 2048K, 98% used [0x00000000ec200000,0x00000000ec3f8650,0x00000000ec400000)
  to   space 7680K, 0% used [0x00000000ec800000,0x00000000ec800000,0x00000000ecf80000)
 ParOldGen       total 68608K, used 25899K [0x00000000c0000000, 0x00000000c4300000, 0x00000000eab00000)
  object space 68608K, 37% used [0x00000000c0000000,0x00000000c194afa8,0x00000000c4300000)
 Metaspace       used 53146K, committed 54080K, reserved 1114112K
  class space    used 5843K, committed 6208K, reserved 1048576K
}
Event: 27.020 GC heap after
{Heap after GC invocations=22 (full 2):
 PSYoungGen      total 29696K, used 6925K [0x00000000eab00000, 0x00000000ecf80000, 0x0000000100000000)
  eden space 22016K, 0% used [0x00000000eab00000,0x00000000eab00000,0x00000000ec080000)
  from space 7680K, 90% used [0x00000000ec800000,0x00000000ecec3780,0x00000000ecf80000)
  to   space 7680K, 0% used [0x00000000ec080000,0x00000000ec080000,0x00000000ec800000)
 ParOldGen       total 68608K, used 27910K [0x00000000c0000000, 0x00000000c4300000, 0x00000000eab00000)
  object space 68608K, 40% used [0x00000000c0000000,0x00000000c1b41a58,0x00000000c4300000)
 Metaspace       used 53146K, committed 54080K, reserved 1114112K
  class space    used 5843K, committed 6208K, reserved 1048576K
}
Event: 27.170 GC heap before
{Heap before GC invocations=23 (full 2):
 PSYoungGen      total 29696K, used 28941K [0x00000000eab00000, 0x00000000ecf80000, 0x0000000100000000)
  eden space 22016K, 100% used [0x00000000eab00000,0x00000000ec080000,0x00000000ec080000)
  from space 7680K, 90% used [0x00000000ec800000,0x00000000ecec3780,0x00000000ecf80000)
  to   space 7680K, 0% used [0x00000000ec080000,0x00000000ec080000,0x00000000ec800000)
 ParOldGen       total 68608K, used 27910K [0x00000000c0000000, 0x00000000c4300000, 0x00000000eab00000)
  object space 68608K, 40% used [0x00000000c0000000,0x00000000c1b41a58,0x00000000c4300000)
 Metaspace       used 53146K, committed 54080K, reserved 1114112K
  class space    used 5843K, committed 6208K, reserved 1048576K
}
Event: 27.175 GC heap after
{Heap after GC invocations=23 (full 2):
 PSYoungGen      total 23552K, used 1137K [0x00000000eab00000, 0x00000000ec880000, 0x0000000100000000)
  eden space 22016K, 0% used [0x00000000eab00000,0x00000000eab00000,0x00000000ec080000)
  from space 1536K, 74% used [0x00000000ec080000,0x00000000ec19c448,0x00000000ec200000)
  to   space 3584K, 0% used [0x00000000ec500000,0x00000000ec500000,0x00000000ec880000)
 ParOldGen       total 68608K, used 31771K [0x00000000c0000000, 0x00000000c4300000, 0x00000000eab00000)
  object space 68608K, 46% used [0x00000000c0000000,0x00000000c1f06e48,0x00000000c4300000)
 Metaspace       used 53146K, committed 54080K, reserved 1114112K
  class space    used 5843K, committed 6208K, reserved 1048576K
}
Event: 27.324 GC heap before
{Heap before GC invocations=24 (full 2):
 PSYoungGen      total 23552K, used 23153K [0x00000000eab00000, 0x00000000ec880000, 0x0000000100000000)
  eden space 22016K, 100% used [0x00000000eab00000,0x00000000ec080000,0x00000000ec080000)
  from space 1536K, 74% used [0x00000000ec080000,0x00000000ec19c448,0x00000000ec200000)
  to   space 3584K, 0% used [0x00000000ec500000,0x00000000ec500000,0x00000000ec880000)
 ParOldGen       total 68608K, used 31771K [0x00000000c0000000, 0x00000000c4300000, 0x00000000eab00000)
  object space 68608K, 46% used [0x00000000c0000000,0x00000000c1f06e48,0x00000000c4300000)
 Metaspace       used 53233K, committed 54144K, reserved 1114112K
  class space    used 5846K, committed 6208K, reserved 1048576K
}
Event: 27.328 GC heap after
{Heap after GC invocations=24 (full 2):
 PSYoungGen      total 23552K, used 1116K [0x00000000eab00000, 0x00000000ec680000, 0x0000000100000000)
  eden space 22016K, 0% used [0x00000000eab00000,0x00000000eab00000,0x00000000ec080000)
  from space 1536K, 72% used [0x00000000ec500000,0x00000000ec617040,0x00000000ec680000)
  to   space 1536K, 0% used [0x00000000ec080000,0x00000000ec080000,0x00000000ec200000)
 ParOldGen       total 68608K, used 32840K [0x00000000c0000000, 0x00000000c4300000, 0x00000000eab00000)
  object space 68608K, 47% used [0x00000000c0000000,0x00000000c2012320,0x00000000c4300000)
 Metaspace       used 53233K, committed 54144K, reserved 1114112K
  class space    used 5846K, committed 6208K, reserved 1048576K
}
Event: 27.475 GC heap before
{Heap before GC invocations=25 (full 2):
 PSYoungGen      total 23552K, used 23132K [0x00000000eab00000, 0x00000000ec680000, 0x0000000100000000)
  eden space 22016K, 100% used [0x00000000eab00000,0x00000000ec080000,0x00000000ec080000)
  from space 1536K, 72% used [0x00000000ec500000,0x00000000ec617040,0x00000000ec680000)
  to   space 1536K, 0% used [0x00000000ec080000,0x00000000ec080000,0x00000000ec200000)
 ParOldGen       total 68608K, used 32840K [0x00000000c0000000, 0x00000000c4300000, 0x00000000eab00000)
  object space 68608K, 47% used [0x00000000c0000000,0x00000000c2012320,0x00000000c4300000)
 Metaspace       used 53332K, committed 54272K, reserved 1114112K
  class space    used 5865K, committed 6272K, reserved 1048576K
}
Event: 27.478 GC heap after
{Heap after GC invocations=25 (full 2):
 PSYoungGen      total 23552K, used 1347K [0x00000000eab00000, 0x00000000ec580000, 0x0000000100000000)
  eden space 22016K, 0% used [0x00000000eab00000,0x00000000eab00000,0x00000000ec080000)
  from space 1536K, 87% used [0x00000000ec080000,0x00000000ec1d0d28,0x00000000ec200000)
  to   space 1536K, 0% used [0x00000000ec400000,0x00000000ec400000,0x00000000ec580000)
 ParOldGen       total 68608K, used 33741K [0x00000000c0000000, 0x00000000c4300000, 0x00000000eab00000)
  object space 68608K, 49% used [0x00000000c0000000,0x00000000c20f3518,0x00000000c4300000)
 Metaspace       used 53332K, committed 54272K, reserved 1114112K
  class space    used 5865K, committed 6272K, reserved 1048576K
}
Event: 27.865 GC heap before
{Heap before GC invocations=26 (full 2):
 PSYoungGen      total 23552K, used 23363K [0x00000000eab00000, 0x00000000ec580000, 0x0000000100000000)
  eden space 22016K, 100% used [0x00000000eab00000,0x00000000ec080000,0x00000000ec080000)
  from space 1536K, 87% used [0x00000000ec080000,0x00000000ec1d0d28,0x00000000ec200000)
  to   space 1536K, 0% used [0x00000000ec400000,0x00000000ec400000,0x00000000ec580000)
 ParOldGen       total 68608K, used 33741K [0x00000000c0000000, 0x00000000c4300000, 0x00000000eab00000)
  object space 68608K, 49% used [0x00000000c0000000,0x00000000c20f3518,0x00000000c4300000)
 Metaspace       used 54029K, committed 54976K, reserved 1114112K
  class space    used 5975K, committed 6400K, reserved 1048576K
}
Event: 27.869 GC heap after
{Heap after GC invocations=26 (full 2):
 PSYoungGen      total 23552K, used 1508K [0x00000000eab00000, 0x00000000ec780000, 0x0000000100000000)
  eden space 22016K, 0% used [0x00000000eab00000,0x00000000eab00000,0x00000000ec080000)
  from space 1536K, 98% used [0x00000000ec400000,0x00000000ec579000,0x00000000ec580000)
  to   space 3584K, 0% used [0x00000000ec080000,0x00000000ec080000,0x00000000ec400000)
 ParOldGen       total 68608K, used 35194K [0x00000000c0000000, 0x00000000c4300000, 0x00000000eab00000)
  object space 68608K, 51% used [0x00000000c0000000,0x00000000c225ea70,0x00000000c4300000)
 Metaspace       used 54029K, committed 54976K, reserved 1114112K
  class space    used 5975K, committed 6400K, reserved 1048576K
}
Event: 28.859 GC heap before
{Heap before GC invocations=27 (full 2):
 PSYoungGen      total 23552K, used 23524K [0x00000000eab00000, 0x00000000ec780000, 0x0000000100000000)
  eden space 22016K, 100% used [0x00000000eab00000,0x00000000ec080000,0x00000000ec080000)
  from space 1536K, 98% used [0x00000000ec400000,0x00000000ec579000,0x00000000ec580000)
  to   space 3584K, 0% used [0x00000000ec080000,0x00000000ec080000,0x00000000ec400000)
 ParOldGen       total 68608K, used 35194K [0x00000000c0000000, 0x00000000c4300000, 0x00000000eab00000)
  object space 68608K, 51% used [0x00000000c0000000,0x00000000c225ea70,0x00000000c4300000)
 Metaspace       used 55604K, committed 56640K, reserved 1114112K
  class space    used 6215K, committed 6720K, reserved 1048576K
}
Event: 28.867 GC heap after
{Heap after GC invocations=27 (full 2):
 PSYoungGen      total 24576K, used 2280K [0x00000000eab00000, 0x00000000ec580000, 0x0000000100000000)
  eden space 22016K, 0% used [0x00000000eab00000,0x00000000eab00000,0x00000000ec080000)
  from space 2560K, 89% used [0x00000000ec080000,0x00000000ec2ba000,0x00000000ec300000)
  to   space 2560K, 0% used [0x00000000ec300000,0x00000000ec300000,0x00000000ec580000)
 ParOldGen       total 68608K, used 36517K [0x00000000c0000000, 0x00000000c4300000, 0x00000000eab00000)
  object space 68608K, 53% used [0x00000000c0000000,0x00000000c23a95e0,0x00000000c4300000)
 Metaspace       used 55604K, committed 56640K, reserved 1114112K
  class space    used 6215K, committed 6720K, reserved 1048576K
}
Event: 29.797 GC heap before
{Heap before GC invocations=28 (full 2):
 PSYoungGen      total 24576K, used 24294K [0x00000000eab00000, 0x00000000ec580000, 0x0000000100000000)
  eden space 22016K, 99% used [0x00000000eab00000,0x00000000ec07faf8,0x00000000ec080000)
  from space 2560K, 89% used [0x00000000ec080000,0x00000000ec2ba000,0x00000000ec300000)
  to   space 2560K, 0% used [0x00000000ec300000,0x00000000ec300000,0x00000000ec580000)
 ParOldGen       total 68608K, used 36517K [0x00000000c0000000, 0x00000000c4300000, 0x00000000eab00000)
  object space 68608K, 53% used [0x00000000c0000000,0x00000000c23a95e0,0x00000000c4300000)
 Metaspace       used 55804K, committed 56832K, reserved 1114112K
  class space    used 6234K, committed 6720K, reserved 1048576K
}
Event: 29.802 GC heap after
{Heap after GC invocations=28 (full 2):
 PSYoungGen      total 23552K, used 1316K [0x00000000eab00000, 0x00000000ec480000, 0x0000000100000000)
  eden space 22016K, 0% used [0x00000000eab00000,0x00000000eab00000,0x00000000ec080000)
  from space 1536K, 85% used [0x00000000ec300000,0x00000000ec449278,0x00000000ec480000)
  to   space 2048K, 0% used [0x00000000ec080000,0x00000000ec080000,0x00000000ec280000)
 ParOldGen       total 68608K, used 38753K [0x00000000c0000000, 0x00000000c4300000, 0x00000000eab00000)
  object space 68608K, 56% used [0x00000000c0000000,0x00000000c25d8610,0x00000000c4300000)
 Metaspace       used 55804K, committed 56832K, reserved 1114112K
  class space    used 6234K, committed 6720K, reserved 1048576K
}
Event: 30.595 GC heap before
{Heap before GC invocations=29 (full 2):
 PSYoungGen      total 23552K, used 23332K [0x00000000eab00000, 0x00000000ec480000, 0x0000000100000000)
  eden space 22016K, 100% used [0x00000000eab00000,0x00000000ec080000,0x00000000ec080000)
  from space 1536K, 85% used [0x00000000ec300000,0x00000000ec449278,0x00000000ec480000)
  to   space 2048K, 0% used [0x00000000ec080000,0x00000000ec080000,0x00000000ec280000)
 ParOldGen       total 68608K, used 38753K [0x00000000c0000000, 0x00000000c4300000, 0x00000000eab00000)
  object space 68608K, 56% used [0x00000000c0000000,0x00000000c25d8610,0x00000000c4300000)
 Metaspace       used 56685K, committed 57728K, reserved 1114112K
  class space    used 6419K, committed 6912K, reserved 1048576K
}
Event: 30.599 GC heap after
{Heap after GC invocations=29 (full 2):
 PSYoungGen      total 24064K, used 2036K [0x00000000eab00000, 0x00000000ecb80000, 0x0000000100000000)
  eden space 22016K, 0% used [0x00000000eab00000,0x00000000eab00000,0x00000000ec080000)
  from space 2048K, 99% used [0x00000000ec080000,0x00000000ec27d170,0x00000000ec280000)
  to   space 5632K, 0% used [0x00000000ec600000,0x00000000ec600000,0x00000000ecb80000)
 ParOldGen       total 68608K, used 41441K [0x00000000c0000000, 0x00000000c4300000, 0x00000000eab00000)
  object space 68608K, 60% used [0x00000000c0000000,0x00000000c2878620,0x00000000c4300000)
 Metaspace       used 56685K, committed 57728K, reserved 1114112K
  class space    used 6419K, committed 6912K, reserved 1048576K
}

Dll operation events (13 events):
Event: 0.037 Loaded shared library c:\Users\admin\.vscode\extensions\redhat.java-1.30.0-win32-x64\jre\17.0.10-win32-x86_64\bin\java.dll
Event: 0.841 Loaded shared library c:\Users\admin\.vscode\extensions\redhat.java-1.30.0-win32-x64\jre\17.0.10-win32-x86_64\bin\zip.dll
Event: 0.853 Loaded shared library C:\Users\admin\.vscode\extensions\redhat.java-1.30.0-win32-x64\jre\17.0.10-win32-x86_64\bin\instrument.dll
Event: 0.935 Loaded shared library C:\Users\admin\.vscode\extensions\redhat.java-1.30.0-win32-x64\jre\17.0.10-win32-x86_64\bin\net.dll
Event: 0.964 Loaded shared library C:\Users\admin\.vscode\extensions\redhat.java-1.30.0-win32-x64\jre\17.0.10-win32-x86_64\bin\nio.dll
Event: 0.993 Loaded shared library C:\Users\admin\.vscode\extensions\redhat.java-1.30.0-win32-x64\jre\17.0.10-win32-x86_64\bin\zip.dll
Event: 1.079 Loaded shared library C:\Users\admin\.vscode\extensions\redhat.java-1.30.0-win32-x64\jre\17.0.10-win32-x86_64\bin\jimage.dll
Event: 1.604 Loaded shared library c:\Users\admin\.vscode\extensions\redhat.java-1.30.0-win32-x64\jre\17.0.10-win32-x86_64\bin\verify.dll
Event: 8.764 Loaded shared library C:\Users\admin\AppData\Roaming\Code\User\globalStorage\redhat.java\1.30.0\config_win\org.eclipse.equinox.launcher\org.eclipse.equinox.launcher.win32.win32.x86_64_1.2.900.v20240213-1244\eclipse_11900.dll
Event: 23.018 Loaded shared library C:\Users\admin\AppData\Local\Temp\jna-92668751\jna6354371677755235584.dll
Event: 28.110 Loaded shared library C:\Users\admin\.gradle\native\c067742578af261105cb4f569cf0c3c89f3d7b1fecec35dd04571415982c5e48\windows-amd64\native-platform.dll
Event: 31.367 Loaded shared library C:\Users\admin\.vscode\extensions\redhat.java-1.30.0-win32-x64\jre\17.0.10-win32-x86_64\bin\management.dll
Event: 31.378 Loaded shared library C:\Users\admin\.vscode\extensions\redhat.java-1.30.0-win32-x64\jre\17.0.10-win32-x86_64\bin\management_ext.dll

Deoptimization events (20 events):
Event: 29.406 Thread 0x000002657788bd80 DEOPT PACKING pc=0x00000265602e1d4e sp=0x0000007a922fc5a0
Event: 29.406 Thread 0x000002657788bd80 DEOPT UNPACKING pc=0x0000026566d26e43 sp=0x0000007a922fba68 mode 0
Event: 29.687 Thread 0x000002657788bd80 DEOPT PACKING pc=0x000002655fbdcd88 sp=0x0000007a922fc660
Event: 29.687 Thread 0x000002657788bd80 DEOPT UNPACKING pc=0x0000026566d26e43 sp=0x0000007a922fbb68 mode 0
Event: 29.755 Thread 0x000002657788bd80 Uncommon trap: trap_request=0xffffff6e fr.pc=0x00000265673359e0 relative=0x0000000000000bc0
Event: 29.756 Thread 0x000002657788bd80 Uncommon trap: reason=loop_limit_check action=maybe_recompile pc=0x00000265673359e0 method=java.util.jar.JarFile.match([B[B[B[B)I @ 18 c2
Event: 29.756 Thread 0x000002657788bd80 DEOPT PACKING pc=0x00000265673359e0 sp=0x0000007a922fc1a0
Event: 29.756 Thread 0x000002657788bd80 DEOPT UNPACKING pc=0x0000026566d266a3 sp=0x0000007a922fc098 mode 2
Event: 29.859 Thread 0x000002657788bd80 DEOPT PACKING pc=0x000002655fe115b4 sp=0x0000007a922fc0f0
Event: 29.859 Thread 0x000002657788bd80 DEOPT UNPACKING pc=0x0000026566d26e43 sp=0x0000007a922fb588 mode 0
Event: 29.864 Thread 0x000002657788bd80 DEOPT PACKING pc=0x000002655ff77a9f sp=0x0000007a922fbd10
Event: 29.865 Thread 0x000002657788bd80 DEOPT UNPACKING pc=0x0000026566d26e43 sp=0x0000007a922fb290 mode 0
Event: 29.945 Thread 0x000002657788bd80 DEOPT PACKING pc=0x000002655ff77a9f sp=0x0000007a922fbcd0
Event: 29.945 Thread 0x000002657788bd80 DEOPT UNPACKING pc=0x0000026566d26e43 sp=0x0000007a922fb250 mode 0
Event: 29.951 Thread 0x000002657788bd80 Uncommon trap: trap_request=0x00000054 fr.pc=0x00000265672bde9c relative=0x000000000000015c
Event: 29.951 Thread 0x000002657788bd80 Uncommon trap: reason=unloaded action=reinterpret pc=0x00000265672bde9c method=java.security.AccessController.wrapException(Ljava/lang/Exception;)Ljava/security/PrivilegedActionException; @ 0 c2
Event: 29.951 Thread 0x000002657788bd80 DEOPT PACKING pc=0x00000265672bde9c sp=0x0000007a922fc3e0
Event: 29.951 Thread 0x000002657788bd80 DEOPT UNPACKING pc=0x0000026566d266a3 sp=0x0000007a922fc2a8 mode 2
Event: 30.114 Thread 0x000002657788bd80 DEOPT PACKING pc=0x000002655f911238 sp=0x0000007a922fc860
Event: 30.114 Thread 0x000002657788bd80 DEOPT UNPACKING pc=0x0000026566d26e43 sp=0x0000007a922fbd78 mode 0

Classes unloaded (15 events):
Event: 14.658 Thread 0x0000026570932220 Unloading class 0x0000000100248400 'java/lang/invoke/LambdaForm$MH+0x0000000100248400'
Event: 14.658 Thread 0x0000026570932220 Unloading class 0x0000000100248000 'java/lang/invoke/LambdaForm$MH+0x0000000100248000'
Event: 14.658 Thread 0x0000026570932220 Unloading class 0x0000000100247c00 'java/lang/invoke/LambdaForm$MH+0x0000000100247c00'
Event: 14.658 Thread 0x0000026570932220 Unloading class 0x0000000100247800 'java/lang/invoke/LambdaForm$MH+0x0000000100247800'
Event: 14.658 Thread 0x0000026570932220 Unloading class 0x0000000100247400 'java/lang/invoke/LambdaForm$BMH+0x0000000100247400'
Event: 14.658 Thread 0x0000026570932220 Unloading class 0x0000000100247000 'java/lang/invoke/LambdaForm$DMH+0x0000000100247000'
Event: 14.658 Thread 0x0000026570932220 Unloading class 0x0000000100244400 'java/lang/invoke/LambdaForm$DMH+0x0000000100244400'
Event: 20.551 Thread 0x0000026570932220 Unloading class 0x000000010032a800 'java/lang/invoke/LambdaForm$MH+0x000000010032a800'
Event: 20.551 Thread 0x0000026570932220 Unloading class 0x0000000100329c00 'java/lang/invoke/LambdaForm$MH+0x0000000100329c00'
Event: 20.551 Thread 0x0000026570932220 Unloading class 0x0000000100329400 'java/lang/invoke/LambdaForm$MH+0x0000000100329400'
Event: 20.551 Thread 0x0000026570932220 Unloading class 0x0000000100328c00 'java/lang/invoke/LambdaForm$MH+0x0000000100328c00'
Event: 20.551 Thread 0x0000026570932220 Unloading class 0x0000000100328800 'java/lang/invoke/LambdaForm$DMH+0x0000000100328800'
Event: 20.551 Thread 0x0000026570932220 Unloading class 0x0000000100323c00 'java/lang/invoke/LambdaForm$MH+0x0000000100323c00'
Event: 20.551 Thread 0x0000026570932220 Unloading class 0x0000000100319c00 'java/lang/invoke/LambdaForm$MH+0x0000000100319c00'
Event: 20.551 Thread 0x0000026570932220 Unloading class 0x0000000100319000 'java/lang/invoke/LambdaForm$MH+0x0000000100319000'

Classes redefined (0 events):
No events

Internal exceptions (20 events):
Event: 28.375 Thread 0x00000265760ae520 Exception <a 'sun/nio/fs/WindowsException'{0x00000000ebaa3960}> (0x00000000ebaa3960) 
thrown [s\src\hotspot\share\prims\jni.cpp, line 516]
Event: 28.375 Thread 0x00000265760ae520 Exception <a 'sun/nio/fs/WindowsException'{0x00000000ebaa3f58}> (0x00000000ebaa3f58) 
thrown [s\src\hotspot\share\prims\jni.cpp, line 516]
Event: 28.375 Thread 0x00000265760ae520 Exception <a 'sun/nio/fs/WindowsException'{0x00000000ebaa4568}> (0x00000000ebaa4568) 
thrown [s\src\hotspot\share\prims\jni.cpp, line 516]
Event: 28.378 Thread 0x00000265760ae520 Exception <a 'sun/nio/fs/WindowsException'{0x00000000ebaa96b8}> (0x00000000ebaa96b8) 
thrown [s\src\hotspot\share\prims\jni.cpp, line 516]
Event: 28.378 Thread 0x00000265760ae520 Exception <a 'sun/nio/fs/WindowsException'{0x00000000ebaa9c98}> (0x00000000ebaa9c98) 
thrown [s\src\hotspot\share\prims\jni.cpp, line 516]
Event: 28.379 Thread 0x00000265760ae520 Exception <a 'sun/nio/fs/WindowsException'{0x00000000ebaaa288}> (0x00000000ebaaa288) 
thrown [s\src\hotspot\share\prims\jni.cpp, line 516]
Event: 28.380 Thread 0x00000265760ae520 Exception <a 'sun/nio/fs/WindowsException'{0x00000000ebaaa888}> (0x00000000ebaaa888) 
thrown [s\src\hotspot\share\prims\jni.cpp, line 516]
Event: 28.381 Thread 0x00000265760ae520 Exception <a 'sun/nio/fs/WindowsException'{0x00000000ebaaf248}> (0x00000000ebaaf248) 
thrown [s\src\hotspot\share\prims\jni.cpp, line 516]
Event: 28.381 Thread 0x00000265760ae520 Exception <a 'sun/nio/fs/WindowsException'{0x00000000ebaaf858}> (0x00000000ebaaf858) 
thrown [s\src\hotspot\share\prims\jni.cpp, line 516]
Event: 28.381 Thread 0x00000265760ae520 Exception <a 'sun/nio/fs/WindowsException'{0x00000000ebaafe78}> (0x00000000ebaafe78) 
thrown [s\src\hotspot\share\prims\jni.cpp, line 516]
Event: 28.381 Thread 0x00000265760ae520 Exception <a 'sun/nio/fs/WindowsException'{0x00000000ebab04a8}> (0x00000000ebab04a8) 
thrown [s\src\hotspot\share\prims\jni.cpp, line 516]
Event: 28.383 Thread 0x00000265760ae520 Exception <a 'sun/nio/fs/WindowsException'{0x00000000ebab53a8}> (0x00000000ebab53a8) 
thrown [s\src\hotspot\share\prims\jni.cpp, line 516]
Event: 28.383 Thread 0x00000265760ae520 Exception <a 'sun/nio/fs/WindowsException'{0x00000000ebab59b0}> (0x00000000ebab59b0) 
thrown [s\src\hotspot\share\prims\jni.cpp, line 516]
Event: 28.383 Thread 0x00000265760ae520 Exception <a 'sun/nio/fs/WindowsException'{0x00000000ebab5fb8}> (0x00000000ebab5fb8) 
thrown [s\src\hotspot\share\prims\jni.cpp, line 516]
Event: 28.383 Thread 0x00000265760ae520 Exception <a 'sun/nio/fs/WindowsException'{0x00000000ebab65e0}> (0x00000000ebab65e0) 
thrown [s\src\hotspot\share\prims\jni.cpp, line 516]
Event: 28.385 Thread 0x00000265760ae520 Exception <a 'sun/nio/fs/WindowsException'{0x00000000ebabb9d8}> (0x00000000ebabb9d8) 
thrown [s\src\hotspot\share\prims\jni.cpp, line 516]
Event: 28.385 Thread 0x00000265760ae520 Exception <a 'sun/nio/fs/WindowsException'{0x00000000ebabc030}> (0x00000000ebabc030) 
thrown [s\src\hotspot\share\prims\jni.cpp, line 516]
Event: 28.385 Thread 0x00000265760ae520 Exception <a 'sun/nio/fs/WindowsException'{0x00000000ebabc688}> (0x00000000ebabc688) 
thrown [s\src\hotspot\share\prims\jni.cpp, line 516]
Event: 28.385 Thread 0x00000265760ae520 Exception <a 'sun/nio/fs/WindowsException'{0x00000000ebabccf8}> (0x00000000ebabccf8) 
thrown [s\src\hotspot\share\prims\jni.cpp, line 516]
Event: 30.783 Thread 0x000002657788bd80 Exception <a 'java/lang/NoClassDefFoundError'{0x00000000eae65ad0}: org/slf4j/impl/StaticMarkerBinder> (0x00000000eae65ad0) 
thrown [s\src\hotspot\share\classfile\systemDictionary.cpp, line 245]

VM Operations (20 events):
Event: 27.170 Executing VM operation: ParallelGCFailedAllocation
Event: 27.175 Executing VM operation: ParallelGCFailedAllocation done
Event: 27.324 Executing VM operation: ParallelGCFailedAllocation
Event: 27.328 Executing VM operation: ParallelGCFailedAllocation done
Event: 27.475 Executing VM operation: ParallelGCFailedAllocation
Event: 27.478 Executing VM operation: ParallelGCFailedAllocation done
Event: 27.864 Executing VM operation: ParallelGCFailedAllocation
Event: 27.869 Executing VM operation: ParallelGCFailedAllocation done
Event: 28.859 Executing VM operation: ParallelGCFailedAllocation
Event: 28.867 Executing VM operation: ParallelGCFailedAllocation done
Event: 29.797 Executing VM operation: ParallelGCFailedAllocation
Event: 29.802 Executing VM operation: ParallelGCFailedAllocation done
Event: 29.953 Executing VM operation: HandshakeAllThreads
Event: 29.953 Executing VM operation: HandshakeAllThreads done
Event: 30.429 Executing VM operation: HandshakeAllThreads
Event: 30.429 Executing VM operation: HandshakeAllThreads done
Event: 30.595 Executing VM operation: ParallelGCFailedAllocation
Event: 30.599 Executing VM operation: ParallelGCFailedAllocation done
Event: 31.403 Executing VM operation: HandshakeAllThreads
Event: 31.403 Executing VM operation: HandshakeAllThreads done

Events (20 events):
Event: 31.403 loading class java/util/stream/ReduceOps$2ReducingSink
Event: 31.404 loading class java/util/stream/ReduceOps$2ReducingSink done
Event: 31.404 loading class sun/management/RuntimeImpl
Event: 31.404 loading class sun/management/RuntimeImpl done
Event: 31.404 loading class java/util/Collections$2
Event: 31.405 loading class java/util/Collections$2 done
Event: 31.406 loading class sun/management/Util
Event: 31.406 loading class sun/management/Util done
Event: 31.406 loading class java/lang/management/ManagementPermission
Event: 31.406 loading class java/lang/management/ManagementPermission done
Event: 31.487 loading class java/net/ConnectException
Event: 31.487 loading class java/net/ConnectException done
Event: 31.531 loading class java/io/StreamCorruptedException
Event: 31.531 loading class java/io/StreamCorruptedException done
Event: 31.536 loading class java/util/concurrent/ConcurrentSkipListMap$EntrySet
Event: 31.537 loading class java/util/concurrent/ConcurrentSkipListMap$EntrySet done
Event: 31.537 loading class java/util/concurrent/ConcurrentSkipListMap$EntryIterator
Event: 31.537 loading class java/util/concurrent/ConcurrentSkipListMap$Iter
Event: 31.538 loading class java/util/concurrent/ConcurrentSkipListMap$Iter done
Event: 31.538 loading class java/util/concurrent/ConcurrentSkipListMap$EntryIterator done


Dynamic libraries:
0x00007ff6b0b60000 - 0x00007ff6b0b6e000 	c:\Users\admin\.vscode\extensions\redhat.java-1.30.0-win32-x64\jre\17.0.10-win32-x86_64\bin\java.exe
0x00007ff9a08d0000 - 0x00007ff9a0ac8000 	C:\Windows\SYSTEM32\ntdll.dll
0x00007ff99f3b0000 - 0x00007ff99f46d000 	C:\Windows\System32\KERNEL32.DLL
0x00007ff99e520000 - 0x00007ff99e816000 	C:\Windows\System32\KERNELBASE.dll
0x00007ff99df80000 - 0x00007ff99e080000 	C:\Windows\System32\ucrtbase.dll
0x00007ff987210000 - 0x00007ff987227000 	c:\Users\admin\.vscode\extensions\redhat.java-1.30.0-win32-x64\jre\17.0.10-win32-x86_64\bin\jli.dll
0x00007ff99f470000 - 0x00007ff99f60f000 	C:\Windows\System32\USER32.dll
0x00007ff99e320000 - 0x00007ff99e342000 	C:\Windows\System32\win32u.dll
0x00007ff99ea10000 - 0x00007ff99ea3b000 	C:\Windows\System32\GDI32.dll
0x00007ff99e0b0000 - 0x00007ff99e1c7000 	C:\Windows\System32\gdi32full.dll
0x00007ff99e280000 - 0x00007ff99e31d000 	C:\Windows\System32\msvcp_win.dll
0x00007ff987690000 - 0x00007ff9876ab000 	c:\Users\admin\.vscode\extensions\redhat.java-1.30.0-win32-x64\jre\17.0.10-win32-x86_64\bin\VCRUNTIME140.dll
0x00007ff98ed60000 - 0x00007ff98effa000 	C:\Windows\WinSxS\amd64_microsoft.windows.common-controls_6595b64144ccf1df_6.0.19041.4355_none_60b8b9eb71f62e16\COMCTL32.dll
0x00007ff99f930000 - 0x00007ff99f9ce000 	C:\Windows\System32\msvcrt.dll
0x00007ff9a0790000 - 0x00007ff9a07c2000 	C:\Windows\System32\IMM32.DLL
0x00007ff999c30000 - 0x00007ff999c3c000 	c:\Users\admin\.vscode\extensions\redhat.java-1.30.0-win32-x64\jre\17.0.10-win32-x86_64\bin\vcruntime140_1.dll
0x00007ff975180000 - 0x00007ff97520d000 	c:\Users\admin\.vscode\extensions\redhat.java-1.30.0-win32-x64\jre\17.0.10-win32-x86_64\bin\msvcp140.dll
0x00007ff95d800000 - 0x00007ff95e462000 	c:\Users\admin\.vscode\extensions\redhat.java-1.30.0-win32-x64\jre\17.0.10-win32-x86_64\bin\server\jvm.dll
0x00007ff9a06e0000 - 0x00007ff9a0790000 	C:\Windows\System32\ADVAPI32.dll
0x00007ff99e970000 - 0x00007ff99ea10000 	C:\Windows\System32\sechost.dll
0x00007ff99ea40000 - 0x00007ff99eb63000 	C:\Windows\System32\RPCRT4.dll
0x00007ff99e080000 - 0x00007ff99e0a7000 	C:\Windows\System32\bcrypt.dll
0x00007ff99d4b0000 - 0x00007ff99d4fb000 	C:\Windows\SYSTEM32\POWRPROF.dll
0x00007ff994fc0000 - 0x00007ff994fc9000 	C:\Windows\SYSTEM32\WSOCK32.dll
0x00007ff99e900000 - 0x00007ff99e96b000 	C:\Windows\System32\WS2_32.dll
0x00007ff985780000 - 0x00007ff9857a7000 	C:\Windows\SYSTEM32\WINMM.dll
0x00007ff992680000 - 0x00007ff99268a000 	C:\Windows\SYSTEM32\VERSION.dll
0x00007ff99d370000 - 0x00007ff99d382000 	C:\Windows\SYSTEM32\UMPDC.dll
0x00007ff99be00000 - 0x00007ff99be12000 	C:\Windows\SYSTEM32\kernel.appcore.dll
0x00007ff994c60000 - 0x00007ff994c6a000 	c:\Users\admin\.vscode\extensions\redhat.java-1.30.0-win32-x64\jre\17.0.10-win32-x86_64\bin\jimage.dll
0x00007ff996c20000 - 0x00007ff996e04000 	C:\Windows\SYSTEM32\DBGHELP.DLL
0x00007ff9967e0000 - 0x00007ff996814000 	C:\Windows\SYSTEM32\dbgcore.DLL
0x00007ff99e870000 - 0x00007ff99e8f2000 	C:\Windows\System32\bcryptPrimitives.dll
0x00007ff994bc0000 - 0x00007ff994bce000 	c:\Users\admin\.vscode\extensions\redhat.java-1.30.0-win32-x64\jre\17.0.10-win32-x86_64\bin\instrument.dll
0x00007ff986590000 - 0x00007ff9865b5000 	c:\Users\admin\.vscode\extensions\redhat.java-1.30.0-win32-x64\jre\17.0.10-win32-x86_64\bin\java.dll
0x00007ff9870e0000 - 0x00007ff9870f8000 	c:\Users\admin\.vscode\extensions\redhat.java-1.30.0-win32-x64\jre\17.0.10-win32-x86_64\bin\zip.dll
0x00007ff99fa30000 - 0x00007ff9a019b000 	C:\Windows\System32\SHELL32.dll
0x00007ff99c000000 - 0x00007ff99c79d000 	C:\Windows\SYSTEM32\windows.storage.dll
0x00007ff9a0380000 - 0x00007ff9a06d3000 	C:\Windows\System32\combase.dll
0x00007ff99d9a0000 - 0x00007ff99d9ce000 	C:\Windows\SYSTEM32\Wldp.dll
0x00007ff9a01c0000 - 0x00007ff9a028d000 	C:\Windows\System32\OLEAUT32.dll
0x00007ff99eb70000 - 0x00007ff99ec1d000 	C:\Windows\System32\SHCORE.dll
0x00007ff99f9d0000 - 0x00007ff99fa25000 	C:\Windows\System32\shlwapi.dll
0x00007ff99deb0000 - 0x00007ff99ded4000 	C:\Windows\SYSTEM32\profapi.dll
0x00007ff986fb0000 - 0x00007ff986fc9000 	C:\Users\admin\.vscode\extensions\redhat.java-1.30.0-win32-x64\jre\17.0.10-win32-x86_64\bin\net.dll
0x00007ff994cd0000 - 0x00007ff994dda000 	C:\Windows\SYSTEM32\WINHTTP.dll
0x00007ff99d700000 - 0x00007ff99d76a000 	C:\Windows\system32\mswsock.dll
0x00007ff9867b0000 - 0x00007ff9867c6000 	C:\Users\admin\.vscode\extensions\redhat.java-1.30.0-win32-x64\jre\17.0.10-win32-x86_64\bin\nio.dll
0x00007ff995e50000 - 0x00007ff995e60000 	c:\Users\admin\.vscode\extensions\redhat.java-1.30.0-win32-x64\jre\17.0.10-win32-x86_64\bin\verify.dll
0x00007ff985e60000 - 0x00007ff985e9e000 	C:\Users\admin\AppData\Roaming\Code\User\globalStorage\redhat.java\1.30.0\config_win\org.eclipse.equinox.launcher\org.eclipse.equinox.launcher.win32.win32.x86_64_1.2.900.v20240213-1244\eclipse_11900.dll
0x00007ff99f800000 - 0x00007ff99f92b000 	C:\Windows\System32\ole32.dll
0x00007ff99d8f0000 - 0x00007ff99d908000 	C:\Windows\SYSTEM32\CRYPTSP.dll
0x00007ff99cfb0000 - 0x00007ff99cfe4000 	C:\Windows\system32\rsaenh.dll
0x00007ff99de60000 - 0x00007ff99de8e000 	C:\Windows\SYSTEM32\USERENV.dll
0x00007ff99d910000 - 0x00007ff99d91c000 	C:\Windows\SYSTEM32\CRYPTBASE.dll
0x00007ff99d390000 - 0x00007ff99d3cb000 	C:\Windows\SYSTEM32\IPHLPAPI.DLL
0x00007ff9a0290000 - 0x00007ff9a0298000 	C:\Windows\System32\NSI.dll
0x00007ff995ee0000 - 0x00007ff995ef7000 	C:\Windows\SYSTEM32\dhcpcsvc6.DLL
0x00007ff996320000 - 0x00007ff99633d000 	C:\Windows\SYSTEM32\dhcpcsvc.DLL
0x00007ff99d3d0000 - 0x00007ff99d49b000 	C:\Windows\SYSTEM32\DNSAPI.dll
0x00007ff985150000 - 0x00007ff985195000 	C:\Users\admin\AppData\Local\Temp\jna-92668751\jna6354371677755235584.dll
0x00007ff99f7f0000 - 0x00007ff99f7f8000 	C:\Windows\System32\PSAPI.DLL
0x00007ff987e20000 - 0x00007ff987e47000 	C:\Users\admin\.gradle\native\c067742578af261105cb4f569cf0c3c89f3d7b1fecec35dd04571415982c5e48\windows-amd64\native-platform.dll
0x00007ff995ed0000 - 0x00007ff995ed9000 	C:\Users\admin\.vscode\extensions\redhat.java-1.30.0-win32-x64\jre\17.0.10-win32-x86_64\bin\management.dll
0x00007ff994f20000 - 0x00007ff994f2b000 	C:\Users\admin\.vscode\extensions\redhat.java-1.30.0-win32-x64\jre\17.0.10-win32-x86_64\bin\management_ext.dll

dbghelp: loaded successfully - version: 4.0.5 - missing functions: none
symbol engine: initialized successfully - sym options: 0x614 - pdb path: .;c:\Users\admin\.vscode\extensions\redhat.java-1.30.0-win32-x64\jre\17.0.10-win32-x86_64\bin;C:\Windows\SYSTEM32;C:\Windows\WinSxS\amd64_microsoft.windows.common-controls_6595b64144ccf1df_6.0.19041.4355_none_60b8b9eb71f62e16;c:\Users\admin\.vscode\extensions\redhat.java-1.30.0-win32-x64\jre\17.0.10-win32-x86_64\bin\server;C:\Users\admin\AppData\Roaming\Code\User\globalStorage\redhat.java\1.30.0\config_win\org.eclipse.equinox.launcher\org.eclipse.equinox.launcher.win32.win32.x86_64_1.2.900.v20240213-1244;C:\Users\admin\AppData\Local\Temp\jna-92668751;C:\Users\admin\.gradle\native\c067742578af261105cb4f569cf0c3c89f3d7b1fecec35dd04571415982c5e48\windows-amd64

VM Arguments:
jvm_args: --add-modules=ALL-SYSTEM --add-opens=java.base/java.util=ALL-UNNAMED --add-opens=java.base/java.lang=ALL-UNNAMED --add-opens=java.base/sun.nio.fs=ALL-UNNAMED -Declipse.application=org.eclipse.jdt.ls.core.id1 -Dosgi.bundles.defaultStartLevel=4 -Declipse.product=org.eclipse.jdt.ls.core.product -Djava.import.generatesMetadataFilesAtProjectRoot=false -DDetectVMInstallationsJob.disabled=true -Dfile.encoding=utf8 -XX:+UseParallelGC -XX:GCTimeRatio=4 -XX:AdaptiveSizePolicyWeight=90 -Dsun.zip.disableMemoryMapping=true -Xmx1G -Xms100m -Xlog:disable -javaagent:c:\Users\admin\.vscode\extensions\redhat.java-1.30.0-win32-x64\lombok\lombok-1.18.32.jar -XX:+HeapDumpOnOutOfMemoryError -XX:HeapDumpPath=c:\Users\admin\AppData\Roaming\Code\User\workspaceStorage\01c3cbbe7c281a8bd81db7b73daf7220\redhat.java -Daether.dependencyCollector.impl=bf 
java_command: c:\Users\admin\.vscode\extensions\redhat.java-1.30.0-win32-x64\server\plugins\org.eclipse.equinox.launcher_1.6.800.v20240330-1250.jar -configuration c:\Users\admin\AppData\Roaming\Code\User\globalStorage\redhat.java\1.30.0\config_win -data c:\Users\admin\AppData\Roaming\Code\User\workspaceStorage\01c3cbbe7c281a8bd81db7b73daf7220\redhat.java\jdt_ws --pipe=\\.\pipe\lsp-fc0387e04294c23963a455725b91b751-sock
java_class_path (initial): c:\Users\admin\.vscode\extensions\redhat.java-1.30.0-win32-x64\server\plugins\org.eclipse.equinox.launcher_1.6.800.v20240330-1250.jar
Launcher Type: SUN_STANDARD

[Global flags]
    uintx AdaptiveSizePolicyWeight                 = 90                                        {product} {command line}
     intx CICompilerCount                          = 3                                         {product} {ergonomic}
    uintx GCTimeRatio                              = 4                                         {product} {command line}
     bool HeapDumpOnOutOfMemoryError               = true                                   {manageable} {command line}
    ccstr HeapDumpPath                             = c:\Users\admin\AppData\Roaming\Code\User\workspaceStorage\01c3cbbe7c281a8bd81db7b73daf7220\redhat.java         {manageable} {command line}
   size_t InitialHeapSize                          = 104857600                                 {product} {command line}
   size_t MaxHeapSize                              = 1073741824                                {product} {command line}
   size_t MaxNewSize                               = 357564416                                 {product} {ergonomic}
   size_t MinHeapDeltaBytes                        = 524288                                    {product} {ergonomic}
   size_t MinHeapSize                              = 104857600                                 {product} {command line}
   size_t NewSize                                  = 34603008                                  {product} {ergonomic}
    uintx NonNMethodCodeHeapSize                   = 5832780                                {pd product} {ergonomic}
    uintx NonProfiledCodeHeapSize                  = 122912730                              {pd product} {ergonomic}
   size_t OldSize                                  = 70254592                                  {product} {ergonomic}
    uintx ProfiledCodeHeapSize                     = 122912730                              {pd product} {ergonomic}
    uintx ReservedCodeCacheSize                    = 251658240                              {pd product} {ergonomic}
     bool SegmentedCodeCache                       = true                                      {product} {ergonomic}
   size_t SoftMaxHeapSize                          = 1073741824                             {manageable} {ergonomic}
     bool UseCompressedClassPointers               = true                           {product lp64_product} {ergonomic}
     bool UseCompressedOops                        = true                           {product lp64_product} {ergonomic}
     bool UseLargePagesIndividualAllocation        = false                                  {pd product} {ergonomic}
     bool UseParallelGC                            = true                                      {product} {command line}

Logging:
Log output configuration:
 #0: stdout all=off uptime,level,tags
 #1: stderr all=off uptime,level,tags

Environment Variables:
JAVA_HOME=C:\Program Files\Java\jre-1.8
PATH=C:\Program Files\Common Files\Oracle\Java\javapath;C:\Program Files (x86)\Common Files\Oracle\Java\javapath;C:\Windows\system32;C:\Windows;C:\Windows\System32\Wbem;C:\Windows\System32\WindowsPowerShell\v1.0\;C:\Windows\System32\OpenSSH\;C:\Program Files\Java\jdk-22\bin;C:\Program Files\Java\jre-1.8\bin;C:\Program Files\MongoDB\Server\mongosh-2.2.3-win32-x64\bin;C:\Program Files\Git\cmd;C:\Users\admin\AppData\Local\Android\Sdk\emulator;C:\Users\admin\AppData\Local\Programs\Python\Python312\Scripts\;C:\Users\admin\AppData\Local\Programs\Python\Python312\;C:\Users\admin\AppData\Local\Microsoft\WindowsApps;C:\Program Files\Java\jdk-22\bin;C:\Program Files\Java\jre-1.8\bin;C:\Program Files\MongoDB\Server\mongosh-2.2.3-win32-x64\bin;C:\Users\admin\AppData\Local\Programs\Microsoft VS Code\bin;C:\src\flutter\bin;C:\Users\admin\AppData\Local\Android\Sdk\tools\bin;
USERNAME=admin
OS=Windows_NT
PROCESSOR_IDENTIFIER=Intel64 Family 6 Model 42 Stepping 7, GenuineIntel
TMP=C:\Users\admin\AppData\Local\Temp
TEMP=C:\Users\admin\AppData\Local\Temp



Periodic native trim disabled


---------------  S Y S T E M  ---------------

OS:
 Windows 10 , 64 bit Build 19041 (10.0.19041.3636)
OS uptime: 3 days 4:54 hours

CPU: total 4 (initial active 4) (2 cores per cpu, 2 threads per core) family 6 model 42 stepping 7 microcode 0x2f, cx8, cmov, fxsr, ht, mmx, sse, sse2, sse3, ssse3, sse4.1, sse4.2, popcnt, tsc, tscinvbit, avx, aes, clmul, vzeroupper, clflush
Processor Information for all 4 processors :
  Max Mhz: 2301, Current Mhz: 2301, Mhz Limit: 2301

Memory: 4k page, system-wide physical 4011M (202M free)
TotalPageFile size 11573M (AvailPageFile size 6M)
current process WorkingSet (physical memory assigned to process): 224M, peak: 224M
current process commit charge ("private bytes"): 285M, peak: 291M

vm_info: OpenJDK 64-Bit Server VM (17.0.10+7) for windows-amd64 JRE (17.0.10+7), built on Jan 16 2024 23:25:11 by "admin" with MS VC++ 16.10 / 16.11 (VS2019)

END.
