#
# There is insufficient memory for the Java Runtime Environment to continue.
# Native memory allocation (malloc) failed to allocate 152656 bytes for Chunk::new
# Possible reasons:
#   The system is out of physical RAM or swap space
#   The process is running with CompressedOops enabled, and the Java Heap may be blocking the growth of the native heap
# Possible solutions:
#   Reduce memory load on the system
#   Increase physical memory or swap space
#   Check if swap backing store is full
#   Decrease Java heap size (-Xmx/-Xms)
#   Decrease number of Java threads
#   Decrease Java thread stack sizes (-Xss)
#   Set larger code cache with -XX:ReservedCodeCacheSize=
#   JVM is running with Unscaled Compressed Oops mode in which the Java heap is
#     placed in the first 4GB address space. The Java Heap base address is the
#     maximum limit for the native heap growth. Please use -XX:HeapBaseMinAddress
#     to set the Java Heap base and to place the Java Heap above 4GB virtual address.
# This output file may be truncated or incomplete.
#
#  Out of Memory Error (arena.cpp:191), pid=14640, tid=5464
#
# JRE version: OpenJDK Runtime Environment Temurin-17.0.10+7 (17.0.10+7) (build 17.0.10+7)
# Java VM: OpenJDK 64-Bit Server VM Temurin-17.0.10+7 (17.0.10+7, mixed mode, tiered, compressed oops, compressed class ptrs, parallel gc, windows-amd64)
# No core dump will be written. Minidumps are not enabled by default on client versions of Windows
#

---------------  S U M M A R Y ------------

Command Line: --add-modules=ALL-SYSTEM --add-opens=java.base/java.util=ALL-UNNAMED --add-opens=java.base/java.lang=ALL-UNNAMED --add-opens=java.base/sun.nio.fs=ALL-UNNAMED -Declipse.application=org.eclipse.jdt.ls.core.id1 -Dosgi.bundles.defaultStartLevel=4 -Declipse.product=org.eclipse.jdt.ls.core.product -Djava.import.generatesMetadataFilesAtProjectRoot=false -DDetectVMInstallationsJob.disabled=true -Dfile.encoding=utf8 -XX:+UseParallelGC -XX:GCTimeRatio=4 -XX:AdaptiveSizePolicyWeight=90 -Dsun.zip.disableMemoryMapping=true -Xmx1G -Xms100m -Xlog:disable -javaagent:c:\Users\admin\.vscode\extensions\redhat.java-1.30.0-win32-x64\lombok\lombok-1.18.32.jar c:\Users\admin\.vscode\extensions\redhat.java-1.30.0-win32-x64\server\plugins\org.eclipse.equinox.launcher_1.6.800.v20240330-1250.jar -configuration c:\Users\admin\AppData\Roaming\Code\User\globalStorage\redhat.java\1.30.0\config_ss_win -data c:\Users\admin\AppData\Roaming\Code\User\workspaceStorage\01c3cbbe7c281a8bd81db7b73daf7220\redhat.java\ss_ws --pipe=\\.\pipe\lsp-c41d9b7b26f9ea47581f7742a5907df8-sock

Host: Intel(R) Core(TM) i5-2410M CPU @ 2.30GHz, 4 cores, 3G,  Windows 10 , 64 bit Build 19041 (10.0.19041.3636)
Time: Mon May 20 00:46:49 2024 Afr. centrale Ouest elapsed time: 4.086143 seconds (0d 0h 0m 4s)

---------------  T H R E A D  ---------------

Current thread (0x000001fa663a2990):  JavaThread "C2 CompilerThread0" daemon [_thread_in_native, id=5464, stack(0x0000001b4ff00000,0x0000001b50000000)]


Current CompileTask:
C2:   4086  699   !   4       java.util.jar.Attributes::read (498 bytes)

Stack: [0x0000001b4ff00000,0x0000001b50000000]
Native frames: (J=compiled Java code, j=interpreted, Vv=VM code, C=native code)
V  [jvm.dll+0x67d2c9]
V  [jvm.dll+0x834afa]
V  [jvm.dll+0x8365be]
V  [jvm.dll+0x836c23]
V  [jvm.dll+0x2477ff]
V  [jvm.dll+0xac514]
V  [jvm.dll+0xacb5c]
V  [jvm.dll+0x11f057]
V  [jvm.dll+0x60f325]
V  [jvm.dll+0x60d9e4]
V  [jvm.dll+0x219d68]
V  [jvm.dll+0x219311]
V  [jvm.dll+0x1a502d]
V  [jvm.dll+0x2290de]
V  [jvm.dll+0x2272ac]
V  [jvm.dll+0x7e9bb7]
V  [jvm.dll+0x7e3fba]
V  [jvm.dll+0x67c1b5]
C  [ucrtbase.dll+0x21bb2]
C  [KERNEL32.DLL+0x17344]
C  [ntdll.dll+0x526b1]


---------------  P R O C E S S  ---------------

Threads class SMR info:
_java_thread_list=0x000001fa6b87ba00, length=12, elements={
0x000001fa5252db90, 0x000001fa525ebe30, 0x000001fa525edce0, 0x000001fa66398770,
0x000001fa66399200, 0x000001fa6639e160, 0x000001fa663a1ca0, 0x000001fa663a2990,
0x000001fa6b5a73f0, 0x000001fa6b5aa0c0, 0x000001fa52590130, 0x000001fa6b93a650
}

Java Threads: ( => current thread )
  0x000001fa5252db90 JavaThread "main" [_thread_in_Java, id=9904, stack(0x0000001b4f600000,0x0000001b4f700000)]
  0x000001fa525ebe30 JavaThread "Reference Handler" daemon [_thread_blocked, id=11704, stack(0x0000001b4f900000,0x0000001b4fa00000)]
  0x000001fa525edce0 JavaThread "Finalizer" daemon [_thread_blocked, id=6932, stack(0x0000001b4fa00000,0x0000001b4fb00000)]
  0x000001fa66398770 JavaThread "Signal Dispatcher" daemon [_thread_blocked, id=9536, stack(0x0000001b4fb00000,0x0000001b4fc00000)]
  0x000001fa66399200 JavaThread "Attach Listener" daemon [_thread_blocked, id=15104, stack(0x0000001b4fc00000,0x0000001b4fd00000)]
  0x000001fa6639e160 JavaThread "Service Thread" daemon [_thread_blocked, id=10020, stack(0x0000001b4fd00000,0x0000001b4fe00000)]
  0x000001fa663a1ca0 JavaThread "Monitor Deflation Thread" daemon [_thread_blocked, id=6348, stack(0x0000001b4fe00000,0x0000001b4ff00000)]
=>0x000001fa663a2990 JavaThread "C2 CompilerThread0" daemon [_thread_in_native, id=5464, stack(0x0000001b4ff00000,0x0000001b50000000)]
  0x000001fa6b5a73f0 JavaThread "C1 CompilerThread0" daemon [_thread_blocked, id=9008, stack(0x0000001b50000000,0x0000001b50100000)]
  0x000001fa6b5aa0c0 JavaThread "Sweeper thread" daemon [_thread_blocked, id=14348, stack(0x0000001b50100000,0x0000001b50200000)]
  0x000001fa52590130 JavaThread "Common-Cleaner" daemon [_thread_blocked, id=2360, stack(0x0000001b50200000,0x0000001b50300000)]
  0x000001fa6b93a650 JavaThread "Notification Thread" daemon [_thread_blocked, id=13920, stack(0x0000001b50300000,0x0000001b50400000)]

Other Threads:
  0x000001fa6635c580 VMThread "VM Thread" [stack: 0x0000001b4f800000,0x0000001b4f900000] [id=15184]
  0x000001fa6b880460 WatcherThread [stack: 0x0000001b50400000,0x0000001b50500000] [id=12084]
  0x000001fa525447e0 GCTaskThread "GC Thread#0" [stack: 0x0000001b4f700000,0x0000001b4f800000] [id=11412]

Threads with active compile tasks:
C2 CompilerThread0     4148  699   !   4       java.util.jar.Attributes::read (498 bytes)

VM state: not at safepoint (normal execution)

VM Mutex/Monitor currently owned by a thread: None

Heap address: 0x00000000c0000000, size: 1024 MB, Compressed Oops mode: 32-bit

CDS archive(s) not mapped
Compressed class space mapped at: 0x0000000100000000-0x0000000140000000, reserved size: 1073741824
Narrow klass base: 0x0000000000000000, Narrow klass shift: 3, Narrow klass range: 0x140000000

GC Precious Log:
 CPUs: 4 total, 4 available
 Memory: 4011M
 Large Page Support: Disabled
 NUMA Support: Disabled
 Compressed Oops: Enabled (32-bit)
 Alignments: Space 512K, Generation 512K, Heap 2M
 Heap Min Capacity: 100M
 Heap Initial Capacity: 100M
 Heap Max Capacity: 1G
 Pre-touch: Disabled
 Parallel Workers: 4

Heap:
 PSYoungGen      total 29696K, used 16814K [0x00000000eab00000, 0x00000000ecc00000, 0x0000000100000000)
  eden space 25600K, 65% used [0x00000000eab00000,0x00000000ebb6b910,0x00000000ec400000)
  from space 4096K, 0% used [0x00000000ec800000,0x00000000ec800000,0x00000000ecc00000)
  to   space 4096K, 0% used [0x00000000ec400000,0x00000000ec400000,0x00000000ec800000)
 ParOldGen       total 68608K, used 0K [0x00000000c0000000, 0x00000000c4300000, 0x00000000eab00000)
  object space 68608K, 0% used [0x00000000c0000000,0x00000000c0000000,0x00000000c4300000)
 Metaspace       used 9244K, committed 9408K, reserved 1114112K
  class space    used 911K, committed 960K, reserved 1048576K

Card table byte_map: [0x000001fa51f00000,0x000001fa52110000] _byte_map_base: 0x000001fa51900000

Marking Bits: (ParMarkBitMap*) 0x00007ff95f47d7d0
 Begin Bits: [0x000001fa641d0000, 0x000001fa651d0000)
 End Bits:   [0x000001fa651d0000, 0x000001fa661d0000)

Polling page: 0x000001fa51cf0000

Metaspace:

Usage:
  Non-class:      8.14 MB used.
      Class:    911.31 KB used.
       Both:      9.03 MB used.

Virtual space:
  Non-class space:       64.00 MB reserved,       8.25 MB ( 13%) committed,  1 nodes.
      Class space:        1.00 GB reserved,     960.00 KB ( <1%) committed,  1 nodes.
             Both:        1.06 GB reserved,       9.19 MB ( <1%) committed. 

Chunk freelists:
   Non-Class:  6.92 MB
       Class:  15.08 MB
        Both:  22.00 MB

MaxMetaspaceSize: unlimited
CompressedClassSpaceSize: 1.00 GB
Initial GC threshold: 21.00 MB
Current GC threshold: 21.00 MB
CDS: off
MetaspaceReclaimPolicy: balanced
 - commit_granule_bytes: 65536.
 - commit_granule_words: 8192.
 - virtual_space_node_default_size: 8388608.
 - enlarge_chunks_in_place: 1.
 - new_chunks_are_fully_committed: 0.
 - uncommit_free_chunks: 1.
 - use_allocation_guard: 0.
 - handle_deallocations: 1.


Internal statistics:

num_allocs_failed_limit: 0.
num_arena_births: 10.
num_arena_deaths: 0.
num_vsnodes_births: 2.
num_vsnodes_deaths: 0.
num_space_committed: 147.
num_space_uncommitted: 0.
num_chunks_returned_to_freelist: 0.
num_chunks_taken_from_freelist: 46.
num_chunk_merges: 0.
num_chunk_splits: 27.
num_chunks_enlarged: 25.
num_inconsistent_stats: 0.

CodeHeap 'non-profiled nmethods': size=120000Kb used=284Kb max_used=284Kb free=119715Kb
 bounds [0x000001fa5cca0000, 0x000001fa5cf10000, 0x000001fa641d0000]
CodeHeap 'profiled nmethods': size=120000Kb used=1132Kb max_used=1132Kb free=118867Kb
 bounds [0x000001fa551d0000, 0x000001fa55440000, 0x000001fa5c700000]
CodeHeap 'non-nmethods': size=5760Kb used=1132Kb max_used=1150Kb free=4627Kb
 bounds [0x000001fa5c700000, 0x000001fa5c970000, 0x000001fa5cca0000]
 total_blobs=1126 nmethods=703 adapters=338
 compilation: enabled
              stopped_count=0, restarted_count=0
 full_count=0

Compilation events (20 events):
Event: 3.973 Thread 0x000001fa6b5a73f0 nmethod 694 0x000001fa552e8890 code [0x000001fa552e8a60, 0x000001fa552e8fd8]
Event: 3.973 Thread 0x000001fa6b5a73f0  695  s    3       java.io.ByteArrayOutputStream::toString (18 bytes)
Event: 3.973 Thread 0x000001fa6b5a73f0 nmethod 695 0x000001fa552e9190 code [0x000001fa552e9340, 0x000001fa552e95a8]
Event: 3.979 Thread 0x000001fa663a2990 nmethod 696% 0x000001fa5cce5b90 code [0x000001fa5cce5d20, 0x000001fa5cce6078]
Event: 3.980 Thread 0x000001fa6b5a73f0  697       3       java.lang.ref.SoftReference::get (29 bytes)
Event: 3.980 Thread 0x000001fa6b5a73f0 nmethod 697 0x000001fa552e9690 code [0x000001fa552e9820, 0x000001fa552e99d8]
Event: 4.023 Thread 0x000001fa663a2990  698       4       java.util.HashMap::getNode (150 bytes)
Event: 4.029 Thread 0x000001fa663a2990 nmethod 698 0x000001fa5cce6310 code [0x000001fa5cce64c0, 0x000001fa5cce67d8]
Event: 4.029 Thread 0x000001fa663a2990  699   !   4       java.util.jar.Attributes::read (498 bytes)
Event: 4.031 Thread 0x000001fa6b5a73f0  701  s    1       java.io.ByteArrayOutputStream::size (5 bytes)
Event: 4.032 Thread 0x000001fa6b5a73f0 nmethod 701 0x000001fa5cce6a90 code [0x000001fa5cce6c20, 0x000001fa5cce6d98]
Event: 4.032 Thread 0x000001fa6b5a73f0  702       1       sun.security.util.DerOutputStream::buf (5 bytes)
Event: 4.032 Thread 0x000001fa6b5a73f0 nmethod 702 0x000001fa5cce6e10 code [0x000001fa5cce6fa0, 0x000001fa5cce7078]
Event: 4.032 Thread 0x000001fa6b5a73f0  704  s    3       java.util.Hashtable::get (69 bytes)
Event: 4.032 Thread 0x000001fa6b5a73f0 nmethod 704 0x000001fa552e9a90 code [0x000001fa552e9c60, 0x000001fa552ea198]
Event: 4.032 Thread 0x000001fa6b5a73f0  703       3       sun.security.util.ObjectIdentifier::equals (33 bytes)
Event: 4.033 Thread 0x000001fa6b5a73f0 nmethod 703 0x000001fa552ea390 code [0x000001fa552ea560, 0x000001fa552ea948]
Event: 4.036 Thread 0x000001fa6b5a73f0  706       3       java.math.MutableBigInteger::unsignedLongCompare (20 bytes)
Event: 4.036 Thread 0x000001fa6b5a73f0 nmethod 706 0x000001fa552eaa10 code [0x000001fa552eaba0, 0x000001fa552ead18]
Event: 4.080 Thread 0x000001fa6b5a73f0  707       3       java.lang.String::substring (10 bytes)

GC Heap History (0 events):
No events

Dll operation events (8 events):
Event: 0.024 Loaded shared library c:\Users\admin\.vscode\extensions\redhat.java-1.30.0-win32-x64\jre\17.0.10-win32-x86_64\bin\java.dll
Event: 1.147 Loaded shared library c:\Users\admin\.vscode\extensions\redhat.java-1.30.0-win32-x64\jre\17.0.10-win32-x86_64\bin\zip.dll
Event: 1.188 Loaded shared library C:\Users\admin\.vscode\extensions\redhat.java-1.30.0-win32-x64\jre\17.0.10-win32-x86_64\bin\instrument.dll
Event: 1.335 Loaded shared library C:\Users\admin\.vscode\extensions\redhat.java-1.30.0-win32-x64\jre\17.0.10-win32-x86_64\bin\net.dll
Event: 1.345 Loaded shared library C:\Users\admin\.vscode\extensions\redhat.java-1.30.0-win32-x64\jre\17.0.10-win32-x86_64\bin\nio.dll
Event: 1.459 Loaded shared library C:\Users\admin\.vscode\extensions\redhat.java-1.30.0-win32-x64\jre\17.0.10-win32-x86_64\bin\zip.dll
Event: 1.572 Loaded shared library C:\Users\admin\.vscode\extensions\redhat.java-1.30.0-win32-x64\jre\17.0.10-win32-x86_64\bin\jimage.dll
Event: 1.913 Loaded shared library c:\Users\admin\.vscode\extensions\redhat.java-1.30.0-win32-x64\jre\17.0.10-win32-x86_64\bin\verify.dll

Deoptimization events (20 events):
Event: 3.034 Thread 0x000001fa5252db90 DEOPT PACKING pc=0x000001fa5ccb55d8 sp=0x0000001b4f6fba70
Event: 3.034 Thread 0x000001fa5252db90 DEOPT UNPACKING pc=0x000001fa5c7566a3 sp=0x0000001b4f6fb9f0 mode 2
Event: 3.164 Thread 0x000001fa5252db90 Uncommon trap: trap_request=0xffffff6e fr.pc=0x000001fa5ccd3c00 relative=0x0000000000000180
Event: 3.164 Thread 0x000001fa5252db90 Uncommon trap: reason=loop_limit_check action=maybe_recompile pc=0x000001fa5ccd3c00 method=java.math.BigInteger.implMulAdd([I[IIII)I @ 26 c2
Event: 3.164 Thread 0x000001fa5252db90 DEOPT PACKING pc=0x000001fa5ccd3c00 sp=0x0000001b4f6fd810
Event: 3.164 Thread 0x000001fa5252db90 DEOPT UNPACKING pc=0x000001fa5c7566a3 sp=0x0000001b4f6fd760 mode 2
Event: 3.433 Thread 0x000001fa5252db90 Uncommon trap: trap_request=0xffffff45 fr.pc=0x000001fa5ccc3774 relative=0x0000000000000434
Event: 3.433 Thread 0x000001fa5252db90 Uncommon trap: reason=unstable_if action=reinterpret pc=0x000001fa5ccc3774 method=java.lang.AbstractStringBuilder.putStringAt(ILjava/lang/String;II)V @ 8 c2
Event: 3.433 Thread 0x000001fa5252db90 DEOPT PACKING pc=0x000001fa5ccc3774 sp=0x0000001b4f6fe3b0
Event: 3.433 Thread 0x000001fa5252db90 DEOPT UNPACKING pc=0x000001fa5c7566a3 sp=0x0000001b4f6fe238 mode 2
Event: 3.440 Thread 0x000001fa5252db90 Uncommon trap: trap_request=0xffffff45 fr.pc=0x000001fa5ccde7f4 relative=0x0000000000000074
Event: 3.440 Thread 0x000001fa5252db90 Uncommon trap: reason=unstable_if action=reinterpret pc=0x000001fa5ccde7f4 method=jdk.internal.misc.Unsafe.convEndian(ZI)I @ 4 c2
Event: 3.440 Thread 0x000001fa5252db90 DEOPT PACKING pc=0x000001fa5ccde7f4 sp=0x0000001b4f6fd9b0
Event: 3.440 Thread 0x000001fa5252db90 DEOPT UNPACKING pc=0x000001fa5c7566a3 sp=0x0000001b4f6fd8e0 mode 2
Event: 3.468 Thread 0x000001fa5252db90 DEOPT PACKING pc=0x000001fa5520868c sp=0x0000001b4f6fe600
Event: 3.468 Thread 0x000001fa5252db90 DEOPT UNPACKING pc=0x000001fa5c756e43 sp=0x0000001b4f6fda90 mode 0
Event: 4.031 Thread 0x000001fa5252db90 Uncommon trap: trap_request=0xffffffc6 fr.pc=0x000001fa5cce6748 relative=0x0000000000000288
Event: 4.031 Thread 0x000001fa5252db90 Uncommon trap: reason=bimorphic_or_optimized_type_check action=maybe_recompile pc=0x000001fa5cce6748 method=java.util.HashMap.getNode(Ljava/lang/Object;)Ljava/util/HashMap$Node; @ 128 c2
Event: 4.031 Thread 0x000001fa5252db90 DEOPT PACKING pc=0x000001fa5cce6748 sp=0x0000001b4f6fe210
Event: 4.031 Thread 0x000001fa5252db90 DEOPT UNPACKING pc=0x000001fa5c7566a3 sp=0x0000001b4f6fe198 mode 2

Classes unloaded (0 events):
No events

Classes redefined (0 events):
No events

Internal exceptions (8 events):
Event: 0.766 Thread 0x000001fa5252db90 Exception <a 'java/lang/NoSuchMethodError'{0x00000000eacb4d18}: 'void java.lang.invoke.DirectMethodHandle$Holder.invokeStatic(java.lang.Object, java.lang.Object, java.lang.Object)'> (0x00000000eacb4d18) 
thrown [s\src\hotspot\share\interpreter\linkResolver.cpp, line 759]
Event: 2.026 Thread 0x000001fa5252db90 Exception <a 'java/lang/reflect/InvocationTargetException'{0x00000000eafe7a08}> (0x00000000eafe7a08) 
thrown [s\src\hotspot\share\runtime\reflection.cpp, line 1121]
Event: 3.371 Thread 0x000001fa5252db90 Exception <a 'java/lang/ClassNotFoundException'{0x00000000eb84d120}: sun/net/www/protocol/c/Handler> (0x00000000eb84d120) 
thrown [s\src\hotspot\share\classfile\systemDictionary.cpp, line 256]
Event: 3.433 Thread 0x000001fa5252db90 Exception <a 'java/io/FileNotFoundException'{0x00000000eb8645d8}> (0x00000000eb8645d8) 
thrown [s\src\hotspot\share\prims\jni.cpp, line 516]
Event: 3.434 Thread 0x000001fa5252db90 Exception <a 'java/io/FileNotFoundException'{0x00000000eb865700}> (0x00000000eb865700) 
thrown [s\src\hotspot\share\prims\jni.cpp, line 516]
Event: 3.435 Thread 0x000001fa5252db90 Exception <a 'java/io/FileNotFoundException'{0x00000000eb866820}> (0x00000000eb866820) 
thrown [s\src\hotspot\share\prims\jni.cpp, line 516]
Event: 3.437 Thread 0x000001fa5252db90 Exception <a 'java/io/FileNotFoundException'{0x00000000eb867910}> (0x00000000eb867910) 
thrown [s\src\hotspot\share\prims\jni.cpp, line 516]
Event: 3.450 Thread 0x000001fa5252db90 Exception <a 'java/io/FileNotFoundException'{0x00000000eb8a0b08}> (0x00000000eb8a0b08) 
thrown [s\src\hotspot\share\prims\jni.cpp, line 516]

VM Operations (12 events):
Event: 0.792 Executing VM operation: HandshakeAllThreads
Event: 0.799 Executing VM operation: HandshakeAllThreads done
Event: 1.645 Executing VM operation: HandshakeAllThreads
Event: 1.645 Executing VM operation: HandshakeAllThreads done
Event: 1.645 Executing VM operation: Cleanup
Event: 1.647 Executing VM operation: Cleanup done
Event: 2.651 Executing VM operation: Cleanup
Event: 2.652 Executing VM operation: Cleanup done
Event: 3.205 Executing VM operation: HandshakeAllThreads
Event: 3.205 Executing VM operation: HandshakeAllThreads done
Event: 3.352 Executing VM operation: HandshakeAllThreads
Event: 3.352 Executing VM operation: HandshakeAllThreads done

Events (20 events):
Event: 3.690 loading class sun/nio/fs/WindowsFileSystemProvider$1
Event: 3.690 loading class sun/nio/fs/WindowsFileSystemProvider$1 done
Event: 3.690 loading class sun/nio/fs/WindowsLinkSupport
Event: 3.690 loading class sun/nio/fs/WindowsLinkSupport done
Event: 3.691 loading class sun/nio/fs/WindowsAclFileAttributeView
Event: 3.692 loading class sun/nio/fs/AbstractAclFileAttributeView
Event: 3.692 loading class java/nio/file/attribute/AclFileAttributeView
Event: 3.693 loading class java/nio/file/attribute/FileOwnerAttributeView
Event: 3.693 loading class java/nio/file/attribute/FileOwnerAttributeView done
Event: 3.693 loading class java/nio/file/attribute/AclFileAttributeView done
Event: 3.693 loading class sun/nio/fs/AbstractAclFileAttributeView done
Event: 3.693 loading class sun/nio/fs/WindowsAclFileAttributeView done
Event: 3.693 loading class sun/nio/fs/WindowsSecurity
Event: 3.693 loading class sun/nio/fs/WindowsSecurity done
Event: 3.696 loading class sun/nio/fs/WindowsFileStore
Event: 3.696 loading class java/nio/file/FileStore
Event: 3.697 loading class java/nio/file/FileStore done
Event: 3.697 loading class sun/nio/fs/WindowsFileStore done
Event: 3.705 loading class java/net/URLClassLoader$1
Event: 3.705 loading class java/net/URLClassLoader$1 done


Dynamic libraries:
0x00007ff67f4b0000 - 0x00007ff67f4be000 	c:\Users\admin\.vscode\extensions\redhat.java-1.30.0-win32-x64\jre\17.0.10-win32-x86_64\bin\java.exe
0x00007ff9a08d0000 - 0x00007ff9a0ac8000 	C:\Windows\SYSTEM32\ntdll.dll
0x00007ff99f3b0000 - 0x00007ff99f46d000 	C:\Windows\System32\KERNEL32.DLL
0x00007ff99e520000 - 0x00007ff99e816000 	C:\Windows\System32\KERNELBASE.dll
0x00007ff99df80000 - 0x00007ff99e080000 	C:\Windows\System32\ucrtbase.dll
0x00007ff98f000000 - 0x00007ff98f017000 	c:\Users\admin\.vscode\extensions\redhat.java-1.30.0-win32-x64\jre\17.0.10-win32-x86_64\bin\jli.dll
0x00007ff99f470000 - 0x00007ff99f60f000 	C:\Windows\System32\USER32.dll
0x00007ff99e320000 - 0x00007ff99e342000 	C:\Windows\System32\win32u.dll
0x00007ff99ea10000 - 0x00007ff99ea3b000 	C:\Windows\System32\GDI32.dll
0x00007ff99e0b0000 - 0x00007ff99e1c7000 	C:\Windows\System32\gdi32full.dll
0x00007ff99e280000 - 0x00007ff99e31d000 	C:\Windows\System32\msvcp_win.dll
0x00007ff987690000 - 0x00007ff9876ab000 	c:\Users\admin\.vscode\extensions\redhat.java-1.30.0-win32-x64\jre\17.0.10-win32-x86_64\bin\VCRUNTIME140.dll
0x00007ff98ed60000 - 0x00007ff98effa000 	C:\Windows\WinSxS\amd64_microsoft.windows.common-controls_6595b64144ccf1df_6.0.19041.4355_none_60b8b9eb71f62e16\COMCTL32.dll
0x00007ff99f930000 - 0x00007ff99f9ce000 	C:\Windows\System32\msvcrt.dll
0x00007ff9a0790000 - 0x00007ff9a07c2000 	C:\Windows\System32\IMM32.DLL
0x00007ff994f20000 - 0x00007ff994f2c000 	c:\Users\admin\.vscode\extensions\redhat.java-1.30.0-win32-x64\jre\17.0.10-win32-x86_64\bin\vcruntime140_1.dll
0x00007ff975a90000 - 0x00007ff975b1d000 	c:\Users\admin\.vscode\extensions\redhat.java-1.30.0-win32-x64\jre\17.0.10-win32-x86_64\bin\msvcp140.dll
0x00007ff95e8e0000 - 0x00007ff95f542000 	c:\Users\admin\.vscode\extensions\redhat.java-1.30.0-win32-x64\jre\17.0.10-win32-x86_64\bin\server\jvm.dll
0x00007ff9a06e0000 - 0x00007ff9a0790000 	C:\Windows\System32\ADVAPI32.dll
0x00007ff99e970000 - 0x00007ff99ea10000 	C:\Windows\System32\sechost.dll
0x00007ff99ea40000 - 0x00007ff99eb63000 	C:\Windows\System32\RPCRT4.dll
0x00007ff99e080000 - 0x00007ff99e0a7000 	C:\Windows\System32\bcrypt.dll
0x00007ff99d4b0000 - 0x00007ff99d4fb000 	C:\Windows\SYSTEM32\POWRPROF.dll
0x00007ff994fc0000 - 0x00007ff994fc9000 	C:\Windows\SYSTEM32\WSOCK32.dll
0x00007ff99e900000 - 0x00007ff99e96b000 	C:\Windows\System32\WS2_32.dll
0x00007ff985780000 - 0x00007ff9857a7000 	C:\Windows\SYSTEM32\WINMM.dll
0x00007ff992680000 - 0x00007ff99268a000 	C:\Windows\SYSTEM32\VERSION.dll
0x00007ff99d370000 - 0x00007ff99d382000 	C:\Windows\SYSTEM32\UMPDC.dll
0x00007ff99be00000 - 0x00007ff99be12000 	C:\Windows\SYSTEM32\kernel.appcore.dll
0x00007ff994c60000 - 0x00007ff994c6a000 	c:\Users\admin\.vscode\extensions\redhat.java-1.30.0-win32-x64\jre\17.0.10-win32-x86_64\bin\jimage.dll
0x00007ff996c20000 - 0x00007ff996e04000 	C:\Windows\SYSTEM32\DBGHELP.DLL
0x00007ff9967e0000 - 0x00007ff996814000 	C:\Windows\SYSTEM32\dbgcore.DLL
0x00007ff99e870000 - 0x00007ff99e8f2000 	C:\Windows\System32\bcryptPrimitives.dll
0x00007ff994bc0000 - 0x00007ff994bce000 	c:\Users\admin\.vscode\extensions\redhat.java-1.30.0-win32-x64\jre\17.0.10-win32-x86_64\bin\instrument.dll
0x00007ff985e70000 - 0x00007ff985e95000 	c:\Users\admin\.vscode\extensions\redhat.java-1.30.0-win32-x64\jre\17.0.10-win32-x86_64\bin\java.dll
0x00007ff986f70000 - 0x00007ff986f88000 	c:\Users\admin\.vscode\extensions\redhat.java-1.30.0-win32-x64\jre\17.0.10-win32-x86_64\bin\zip.dll
0x00007ff99fa30000 - 0x00007ff9a019b000 	C:\Windows\System32\SHELL32.dll
0x00007ff99c000000 - 0x00007ff99c79d000 	C:\Windows\SYSTEM32\windows.storage.dll
0x00007ff9a0380000 - 0x00007ff9a06d3000 	C:\Windows\System32\combase.dll
0x00007ff99d9a0000 - 0x00007ff99d9ce000 	C:\Windows\SYSTEM32\Wldp.dll
0x00007ff9a01c0000 - 0x00007ff9a028d000 	C:\Windows\System32\OLEAUT32.dll
0x00007ff99eb70000 - 0x00007ff99ec1d000 	C:\Windows\System32\SHCORE.dll
0x00007ff99f9d0000 - 0x00007ff99fa25000 	C:\Windows\System32\shlwapi.dll
0x00007ff99deb0000 - 0x00007ff99ded4000 	C:\Windows\SYSTEM32\profapi.dll
0x00007ff985240000 - 0x00007ff985259000 	C:\Users\admin\.vscode\extensions\redhat.java-1.30.0-win32-x64\jre\17.0.10-win32-x86_64\bin\net.dll
0x00007ff994cd0000 - 0x00007ff994dda000 	C:\Windows\SYSTEM32\WINHTTP.dll
0x00007ff99d700000 - 0x00007ff99d76a000 	C:\Windows\system32\mswsock.dll
0x00007ff985140000 - 0x00007ff985156000 	C:\Users\admin\.vscode\extensions\redhat.java-1.30.0-win32-x64\jre\17.0.10-win32-x86_64\bin\nio.dll
0x00007ff987e90000 - 0x00007ff987ea0000 	c:\Users\admin\.vscode\extensions\redhat.java-1.30.0-win32-x64\jre\17.0.10-win32-x86_64\bin\verify.dll

dbghelp: loaded successfully - version: 4.0.5 - missing functions: none
symbol engine: initialized successfully - sym options: 0x614 - pdb path: .;c:\Users\admin\.vscode\extensions\redhat.java-1.30.0-win32-x64\jre\17.0.10-win32-x86_64\bin;C:\Windows\SYSTEM32;C:\Windows\WinSxS\amd64_microsoft.windows.common-controls_6595b64144ccf1df_6.0.19041.4355_none_60b8b9eb71f62e16;c:\Users\admin\.vscode\extensions\redhat.java-1.30.0-win32-x64\jre\17.0.10-win32-x86_64\bin\server

VM Arguments:
jvm_args: --add-modules=ALL-SYSTEM --add-opens=java.base/java.util=ALL-UNNAMED --add-opens=java.base/java.lang=ALL-UNNAMED --add-opens=java.base/sun.nio.fs=ALL-UNNAMED -Declipse.application=org.eclipse.jdt.ls.core.id1 -Dosgi.bundles.defaultStartLevel=4 -Declipse.product=org.eclipse.jdt.ls.core.product -Djava.import.generatesMetadataFilesAtProjectRoot=false -DDetectVMInstallationsJob.disabled=true -Dfile.encoding=utf8 -XX:+UseParallelGC -XX:GCTimeRatio=4 -XX:AdaptiveSizePolicyWeight=90 -Dsun.zip.disableMemoryMapping=true -Xmx1G -Xms100m -Xlog:disable -javaagent:c:\Users\admin\.vscode\extensions\redhat.java-1.30.0-win32-x64\lombok\lombok-1.18.32.jar 
java_command: c:\Users\admin\.vscode\extensions\redhat.java-1.30.0-win32-x64\server\plugins\org.eclipse.equinox.launcher_1.6.800.v20240330-1250.jar -configuration c:\Users\admin\AppData\Roaming\Code\User\globalStorage\redhat.java\1.30.0\config_ss_win -data c:\Users\admin\AppData\Roaming\Code\User\workspaceStorage\01c3cbbe7c281a8bd81db7b73daf7220\redhat.java\ss_ws --pipe=\\.\pipe\lsp-c41d9b7b26f9ea47581f7742a5907df8-sock
java_class_path (initial): c:\Users\admin\.vscode\extensions\redhat.java-1.30.0-win32-x64\server\plugins\org.eclipse.equinox.launcher_1.6.800.v20240330-1250.jar
Launcher Type: SUN_STANDARD

[Global flags]
    uintx AdaptiveSizePolicyWeight                 = 90                                        {product} {command line}
     intx CICompilerCount                          = 3                                         {product} {ergonomic}
    uintx GCTimeRatio                              = 4                                         {product} {command line}
   size_t InitialHeapSize                          = 104857600                                 {product} {command line}
   size_t MaxHeapSize                              = 1073741824                                {product} {command line}
   size_t MaxNewSize                               = 357564416                                 {product} {ergonomic}
   size_t MinHeapDeltaBytes                        = 524288                                    {product} {ergonomic}
   size_t MinHeapSize                              = 104857600                                 {product} {command line}
   size_t NewSize                                  = 34603008                                  {product} {ergonomic}
    uintx NonNMethodCodeHeapSize                   = 5832780                                {pd product} {ergonomic}
    uintx NonProfiledCodeHeapSize                  = 122912730                              {pd product} {ergonomic}
   size_t OldSize                                  = 70254592                                  {product} {ergonomic}
    uintx ProfiledCodeHeapSize                     = 122912730                              {pd product} {ergonomic}
    uintx ReservedCodeCacheSize                    = 251658240                              {pd product} {ergonomic}
     bool SegmentedCodeCache                       = true                                      {product} {ergonomic}
   size_t SoftMaxHeapSize                          = 1073741824                             {manageable} {ergonomic}
     bool UseCompressedClassPointers               = true                           {product lp64_product} {ergonomic}
     bool UseCompressedOops                        = true                           {product lp64_product} {ergonomic}
     bool UseLargePagesIndividualAllocation        = false                                  {pd product} {ergonomic}
     bool UseParallelGC                            = true                                      {product} {command line}

Logging:
Log output configuration:
 #0: stdout all=off uptime,level,tags
 #1: stderr all=off uptime,level,tags

Environment Variables:
JAVA_HOME=C:\Program Files\Java\jre-1.8
PATH=C:\Program Files\Common Files\Oracle\Java\javapath;C:\Program Files (x86)\Common Files\Oracle\Java\javapath;C:\Windows\system32;C:\Windows;C:\Windows\System32\Wbem;C:\Windows\System32\WindowsPowerShell\v1.0\;C:\Windows\System32\OpenSSH\;C:\Program Files\Java\jdk-22\bin;C:\Program Files\Java\jre-1.8\bin;C:\Program Files\MongoDB\Server\mongosh-2.2.3-win32-x64\bin;C:\Program Files\Git\cmd;C:\Users\admin\AppData\Local\Android\Sdk\emulator;C:\Users\admin\AppData\Local\Programs\Python\Python312\Scripts\;C:\Users\admin\AppData\Local\Programs\Python\Python312\;C:\Users\admin\AppData\Local\Microsoft\WindowsApps;C:\Program Files\Java\jdk-22\bin;C:\Program Files\Java\jre-1.8\bin;C:\Program Files\MongoDB\Server\mongosh-2.2.3-win32-x64\bin;C:\Users\admin\AppData\Local\Programs\Microsoft VS Code\bin;C:\src\flutter\bin;C:\Users\admin\AppData\Local\Android\Sdk\tools\bin;
USERNAME=admin
OS=Windows_NT
PROCESSOR_IDENTIFIER=Intel64 Family 6 Model 42 Stepping 7, GenuineIntel
TMP=C:\Users\admin\AppData\Local\Temp
TEMP=C:\Users\admin\AppData\Local\Temp



Periodic native trim disabled


---------------  S Y S T E M  ---------------

OS:
 Windows 10 , 64 bit Build 19041 (10.0.19041.3636)
OS uptime: 3 days 4:49 hours

CPU: total 4 (initial active 4) (2 cores per cpu, 2 threads per core) family 6 model 42 stepping 7 microcode 0x2f, cx8, cmov, fxsr, ht, mmx, sse, sse2, sse3, ssse3, sse4.1, sse4.2, popcnt, tsc, tscinvbit, avx, aes, clmul, vzeroupper, clflush
Processor Information for all 4 processors :
  Max Mhz: 2301, Current Mhz: 2301, Mhz Limit: 2301

Memory: 4k page, system-wide physical 4011M (172M free)
TotalPageFile size 11573M (AvailPageFile size 0M)
current process WorkingSet (physical memory assigned to process): 58M, peak: 58M
current process commit charge ("private bytes"): 182M, peak: 183M

vm_info: OpenJDK 64-Bit Server VM (17.0.10+7) for windows-amd64 JRE (17.0.10+7), built on Jan 16 2024 23:25:11 by "admin" with MS VC++ 16.10 / 16.11 (VS2019)

END.
